2022.01.17 16:21:16 INFO  ce[][o.s.p.ProcessEntryPoint] Starting ce
2022.01.17 16:21:16 INFO  ce[][o.s.ce.app.CeServer] Compute Engine starting up...
2022.01.17 16:21:17 INFO  ce[][o.s.s.e.EsClientProvider] Connected to local Elasticsearch: [http://localhost:9001]
2022.01.17 16:21:18 INFO  ce[][o.sonar.db.Database] Create JDBC data source for jdbc:h2:tcp://127.0.0.1:9092/sonar
2022.01.17 16:21:18 WARN  ce[][o.s.db.dialect.H2] H2 database should be used for evaluation purpose only.
2022.01.17 16:21:20 INFO  ce[][o.s.s.p.ServerFileSystemImpl] SonarQube home: /opt/sonarqube
2022.01.17 16:21:20 INFO  ce[][o.s.c.c.CePluginRepository] Load plugins
2022.01.17 16:21:22 INFO  ce[][o.s.c.c.ComputeEngineContainerImpl] Running Community edition
2022.01.17 16:21:22 INFO  ce[][o.s.ce.app.CeServer] Compute Engine is operational
2022.01.17 17:45:05 INFO  ce[][o.s.c.t.CeWorkerImpl] Execute task | project=maven-ejemplo-sec3 | type=REPORT | id=AX5pJHRd0ZuNbYiaGZ1s | submitter=admin
2022.01.17 17:45:05 INFO  ce[AX5pJHRd0ZuNbYiaGZ1s][o.s.c.t.s.ComputationStepExecutor] Extract report | status=SUCCESS | time=26ms
2022.01.17 17:45:05 INFO  ce[AX5pJHRd0ZuNbYiaGZ1s][o.s.c.t.s.ComputationStepExecutor] Persist scanner context | status=SUCCESS | time=9ms
2022.01.17 17:45:05 INFO  ce[AX5pJHRd0ZuNbYiaGZ1s][o.s.c.t.s.ComputationStepExecutor] Propagate analysis warnings from scanner report | status=SUCCESS | time=0ms
2022.01.17 17:45:05 INFO  ce[AX5pJHRd0ZuNbYiaGZ1s][o.s.c.t.s.ComputationStepExecutor] Generate analysis UUID | status=SUCCESS | time=0ms
2022.01.17 17:45:05 INFO  ce[AX5pJHRd0ZuNbYiaGZ1s][o.s.c.t.s.ComputationStepExecutor] Load analysis metadata | status=SUCCESS | time=82ms
2022.01.17 17:45:05 INFO  ce[AX5pJHRd0ZuNbYiaGZ1s][o.s.c.t.s.ComputationStepExecutor] Initialize | status=SUCCESS | time=0ms
2022.01.17 17:45:05 INFO  ce[AX5pJHRd0ZuNbYiaGZ1s][o.s.c.t.s.ComputationStepExecutor] Build tree of components | components=12 | status=SUCCESS | time=71ms
2022.01.17 17:45:05 INFO  ce[AX5pJHRd0ZuNbYiaGZ1s][o.s.c.t.s.ComputationStepExecutor] Validate project | status=SUCCESS | time=5ms
2022.01.17 17:45:08 INFO  ce[AX5pJHRd0ZuNbYiaGZ1s][o.s.c.t.s.ComputationStepExecutor] Load quality profiles | status=SUCCESS | time=2437ms
2022.01.17 17:45:08 INFO  ce[AX5pJHRd0ZuNbYiaGZ1s][o.s.c.t.s.ComputationStepExecutor] Load Quality gate | status=SUCCESS | time=25ms
2022.01.17 17:45:08 INFO  ce[AX5pJHRd0ZuNbYiaGZ1s][o.s.c.t.s.ComputationStepExecutor] Load new code period | status=SUCCESS | time=7ms
2022.01.17 17:45:08 INFO  ce[AX5pJHRd0ZuNbYiaGZ1s][o.s.c.t.s.ComputationStepExecutor] Detect file moves | status=SUCCESS | time=0ms
2022.01.17 17:45:08 INFO  ce[AX5pJHRd0ZuNbYiaGZ1s][o.s.c.t.s.ComputationStepExecutor] Load duplications | duplications=0 | status=SUCCESS | time=3ms
2022.01.17 17:45:08 INFO  ce[AX5pJHRd0ZuNbYiaGZ1s][o.s.c.t.s.ComputationStepExecutor] Compute cross project duplications | status=SUCCESS | time=0ms
2022.01.17 17:45:08 INFO  ce[AX5pJHRd0ZuNbYiaGZ1s][o.s.c.t.s.ComputationStepExecutor] Compute size measures | status=SUCCESS | time=20ms
2022.01.17 17:45:08 INFO  ce[AX5pJHRd0ZuNbYiaGZ1s][o.s.c.t.s.ComputationStepExecutor] Compute new coverage | status=SUCCESS | time=6ms
2022.01.17 17:45:08 INFO  ce[AX5pJHRd0ZuNbYiaGZ1s][o.s.c.t.s.ComputationStepExecutor] Compute coverage measures | status=SUCCESS | time=5ms
2022.01.17 17:45:08 INFO  ce[AX5pJHRd0ZuNbYiaGZ1s][o.s.c.t.s.ComputationStepExecutor] Compute comment measures | status=SUCCESS | time=3ms
2022.01.17 17:45:08 INFO  ce[AX5pJHRd0ZuNbYiaGZ1s][o.s.c.t.s.ComputationStepExecutor] Compute duplication measures | status=SUCCESS | time=1ms
2022.01.17 17:45:08 INFO  ce[AX5pJHRd0ZuNbYiaGZ1s][o.s.c.t.s.ComputationStepExecutor] Compute size measures on new code | status=SUCCESS | time=1ms
2022.01.17 17:45:08 INFO  ce[AX5pJHRd0ZuNbYiaGZ1s][o.s.c.t.s.ComputationStepExecutor] Compute language distribution | status=SUCCESS | time=24ms
2022.01.17 17:45:08 INFO  ce[AX5pJHRd0ZuNbYiaGZ1s][o.s.c.t.s.ComputationStepExecutor] Compute test measures | status=SUCCESS | time=1ms
2022.01.17 17:45:08 INFO  ce[AX5pJHRd0ZuNbYiaGZ1s][o.s.c.t.s.ComputationStepExecutor] Compute complexity measures | status=SUCCESS | time=2ms
2022.01.17 17:45:08 INFO  ce[AX5pJHRd0ZuNbYiaGZ1s][o.s.c.t.s.ComputationStepExecutor] Load measure computers | status=SUCCESS | time=2ms
2022.01.17 17:45:08 INFO  ce[AX5pJHRd0ZuNbYiaGZ1s][o.s.c.t.s.ComputationStepExecutor] Compute Quality Profile status | status=SUCCESS | time=5ms
2022.01.17 17:45:08 INFO  ce[AX5pJHRd0ZuNbYiaGZ1s][o.s.c.t.s.ComputationStepExecutor] Execute component visitors | status=SUCCESS | time=111ms
2022.01.17 17:45:08 INFO  ce[AX5pJHRd0ZuNbYiaGZ1s][o.s.c.t.s.ComputationStepExecutor] Checks executed after computation of measures | status=SUCCESS | time=0ms
2022.01.17 17:45:08 INFO  ce[AX5pJHRd0ZuNbYiaGZ1s][o.s.c.t.s.ComputationStepExecutor] Compute Quality Gate measures | status=SUCCESS | time=73ms
2022.01.17 17:45:08 INFO  ce[AX5pJHRd0ZuNbYiaGZ1s][o.s.c.t.s.ComputationStepExecutor] Compute Quality profile measures | status=SUCCESS | time=20ms
2022.01.17 17:45:09 INFO  ce[AX5pJHRd0ZuNbYiaGZ1s][o.s.c.t.s.ComputationStepExecutor] Generate Quality profile events | status=SUCCESS | time=2ms
2022.01.17 17:45:09 INFO  ce[AX5pJHRd0ZuNbYiaGZ1s][o.s.c.t.s.ComputationStepExecutor] Generate Quality gate events | status=SUCCESS | time=8ms
2022.01.17 17:45:09 INFO  ce[AX5pJHRd0ZuNbYiaGZ1s][o.s.c.t.s.ComputationStepExecutor] Check upgrade possibility for not analyzed code files. | status=SUCCESS | time=2ms
2022.01.17 17:45:09 INFO  ce[AX5pJHRd0ZuNbYiaGZ1s][o.s.c.t.s.ComputationStepExecutor] Persist components | status=SUCCESS | time=58ms
2022.01.17 17:45:09 INFO  ce[AX5pJHRd0ZuNbYiaGZ1s][o.s.c.t.s.ComputationStepExecutor] Persist analysis | status=SUCCESS | time=3ms
2022.01.17 17:45:09 INFO  ce[AX5pJHRd0ZuNbYiaGZ1s][o.s.c.t.s.ComputationStepExecutor] Persist analysis properties | status=SUCCESS | time=12ms
2022.01.17 17:45:09 INFO  ce[AX5pJHRd0ZuNbYiaGZ1s][o.s.c.t.s.ComputationStepExecutor] Persist measures | inserts=55 | status=SUCCESS | time=55ms
2022.01.17 17:45:09 INFO  ce[AX5pJHRd0ZuNbYiaGZ1s][o.s.c.t.s.ComputationStepExecutor] Persist live measures | insertsOrUpdates=396 | status=SUCCESS | time=91ms
2022.01.17 17:45:09 INFO  ce[AX5pJHRd0ZuNbYiaGZ1s][o.s.c.t.s.ComputationStepExecutor] Persist duplication data | insertsOrUpdates=0 | status=SUCCESS | time=1ms
2022.01.17 17:45:09 INFO  ce[AX5pJHRd0ZuNbYiaGZ1s][o.s.c.t.s.ComputationStepExecutor] Persist new ad hoc Rules | status=SUCCESS | time=0ms
2022.01.17 17:45:09 INFO  ce[AX5pJHRd0ZuNbYiaGZ1s][o.s.c.t.s.ComputationStepExecutor] Persist issues | cacheSize=0 bytes | inserts=0 | updates=0 | merged=0 | status=SUCCESS | time=1ms
2022.01.17 17:45:09 INFO  ce[AX5pJHRd0ZuNbYiaGZ1s][o.s.c.t.s.ComputationStepExecutor] Persist project links | status=SUCCESS | time=6ms
2022.01.17 17:45:09 INFO  ce[AX5pJHRd0ZuNbYiaGZ1s][o.s.c.t.s.ComputationStepExecutor] Persist events | status=SUCCESS | time=6ms
2022.01.17 17:45:09 INFO  ce[AX5pJHRd0ZuNbYiaGZ1s][o.s.c.t.s.ComputationStepExecutor] Persist sources | status=SUCCESS | time=97ms
2022.01.17 17:45:09 INFO  ce[AX5pJHRd0ZuNbYiaGZ1s][o.s.c.t.s.ComputationStepExecutor] Persist cross project duplications | status=SUCCESS | time=0ms
2022.01.17 17:45:09 INFO  ce[AX5pJHRd0ZuNbYiaGZ1s][o.s.c.t.s.ComputationStepExecutor] Enable analysis | status=SUCCESS | time=4ms
2022.01.17 17:45:09 INFO  ce[AX5pJHRd0ZuNbYiaGZ1s][o.s.c.t.s.ComputationStepExecutor] Update last usage date of quality profiles | status=SUCCESS | time=10ms
2022.01.17 17:45:09 INFO  ce[AX5pJHRd0ZuNbYiaGZ1s][o.s.c.t.s.ComputationStepExecutor] Purge db | status=SUCCESS | time=282ms
2022.01.17 17:45:10 INFO  ce[AX5pJHRd0ZuNbYiaGZ1s][o.s.c.t.s.ComputationStepExecutor] Index analysis | status=SUCCESS | time=623ms
2022.01.17 17:45:10 INFO  ce[AX5pJHRd0ZuNbYiaGZ1s][o.s.c.t.s.ComputationStepExecutor] Update need issue sync for branch | status=SUCCESS | time=3ms
2022.01.17 17:45:10 INFO  ce[AX5pJHRd0ZuNbYiaGZ1s][o.s.c.t.s.ComputationStepExecutor] Send issue notifications | newIssuesNotifs=0 | newIssuesDeliveries=0 | myNewIssuesNotifs=0 | myNewIssuesDeliveries=0 | changesNotifs=0 | changesDeliveries=0 | status=SUCCESS | time=5ms
2022.01.17 17:45:10 INFO  ce[AX5pJHRd0ZuNbYiaGZ1s][o.s.c.t.s.ComputationStepExecutor] Publish task results | status=SUCCESS | time=0ms
2022.01.17 17:45:10 INFO  ce[AX5pJHRd0ZuNbYiaGZ1s][o.s.c.t.s.ComputationStepExecutor] Trigger refresh of Portfolios and Applications | status=SUCCESS | time=0ms
2022.01.17 17:45:10 INFO  ce[AX5pJHRd0ZuNbYiaGZ1s][o.s.c.t.p.a.p.PostProjectAnalysisTasksExecutor] Webhooks | globalWebhooks=0 | projectWebhooks=0 | status=SUCCESS | time=6ms
2022.01.17 17:45:10 INFO  ce[AX5pJHRd0ZuNbYiaGZ1s][o.s.c.t.CeWorkerImpl] Executed task | project=maven-ejemplo-sec3 | type=REPORT | id=AX5pJHRd0ZuNbYiaGZ1s | submitter=admin | status=SUCCESS | time=4946ms
2022.01.17 18:05:21 INFO  ce[][o.s.c.t.CeWorkerImpl] Execute task | project=maven-ejemplo-sec3 | type=REPORT | id=AX5pNwFv0ZuNbYiaGZ1v | submitter=jenkins-user
2022.01.17 18:05:21 INFO  ce[AX5pNwFv0ZuNbYiaGZ1v][o.s.c.t.s.ComputationStepExecutor] Extract report | status=SUCCESS | time=18ms
2022.01.17 18:05:21 INFO  ce[AX5pNwFv0ZuNbYiaGZ1v][o.s.c.t.s.ComputationStepExecutor] Persist scanner context | status=SUCCESS | time=3ms
2022.01.17 18:05:21 INFO  ce[AX5pNwFv0ZuNbYiaGZ1v][o.s.c.t.s.ComputationStepExecutor] Propagate analysis warnings from scanner report | status=SUCCESS | time=14ms
2022.01.17 18:05:21 INFO  ce[AX5pNwFv0ZuNbYiaGZ1v][o.s.c.t.s.ComputationStepExecutor] Generate analysis UUID | status=SUCCESS | time=0ms
2022.01.17 18:05:21 INFO  ce[AX5pNwFv0ZuNbYiaGZ1v][o.s.c.t.s.ComputationStepExecutor] Load analysis metadata | status=SUCCESS | time=2ms
2022.01.17 18:05:21 INFO  ce[AX5pNwFv0ZuNbYiaGZ1v][o.s.c.t.s.ComputationStepExecutor] Initialize | status=SUCCESS | time=0ms
2022.01.17 18:05:21 INFO  ce[AX5pNwFv0ZuNbYiaGZ1v][o.s.c.t.s.ComputationStepExecutor] Build tree of components | components=12 | status=SUCCESS | time=18ms
2022.01.17 18:05:21 INFO  ce[AX5pNwFv0ZuNbYiaGZ1v][o.s.c.t.s.ComputationStepExecutor] Validate project | status=SUCCESS | time=13ms
2022.01.17 18:05:22 INFO  ce[AX5pNwFv0ZuNbYiaGZ1v][o.s.c.t.s.ComputationStepExecutor] Load quality profiles | status=SUCCESS | time=1441ms
2022.01.17 18:05:22 INFO  ce[AX5pNwFv0ZuNbYiaGZ1v][o.s.c.t.s.ComputationStepExecutor] Load Quality gate | status=SUCCESS | time=1ms
2022.01.17 18:05:22 INFO  ce[AX5pNwFv0ZuNbYiaGZ1v][o.s.c.t.s.ComputationStepExecutor] Load new code period | status=SUCCESS | time=5ms
2022.01.17 18:05:22 INFO  ce[AX5pNwFv0ZuNbYiaGZ1v][o.s.c.t.s.ComputationStepExecutor] Detect file moves | reportFiles=6 | dbFiles=6 | addedFiles=0 | status=SUCCESS | time=56ms
2022.01.17 18:05:22 INFO  ce[AX5pNwFv0ZuNbYiaGZ1v][o.s.c.t.s.ComputationStepExecutor] Load duplications | duplications=0 | status=SUCCESS | time=1ms
2022.01.17 18:05:22 INFO  ce[AX5pNwFv0ZuNbYiaGZ1v][o.s.c.t.s.ComputationStepExecutor] Compute cross project duplications | status=SUCCESS | time=0ms
2022.01.17 18:05:22 INFO  ce[AX5pNwFv0ZuNbYiaGZ1v][o.s.c.t.s.ComputationStepExecutor] Compute size measures | status=SUCCESS | time=13ms
2022.01.17 18:05:23 INFO  ce[AX5pNwFv0ZuNbYiaGZ1v][o.s.c.t.s.ComputationStepExecutor] Compute new coverage | status=SUCCESS | time=150ms
2022.01.17 18:05:23 INFO  ce[AX5pNwFv0ZuNbYiaGZ1v][o.s.c.t.s.ComputationStepExecutor] Compute coverage measures | status=SUCCESS | time=1ms
2022.01.17 18:05:23 INFO  ce[AX5pNwFv0ZuNbYiaGZ1v][o.s.c.t.s.ComputationStepExecutor] Compute comment measures | status=SUCCESS | time=0ms
2022.01.17 18:05:23 INFO  ce[AX5pNwFv0ZuNbYiaGZ1v][o.s.c.t.s.ComputationStepExecutor] Compute duplication measures | status=SUCCESS | time=0ms
2022.01.17 18:05:23 INFO  ce[AX5pNwFv0ZuNbYiaGZ1v][o.s.c.t.s.ComputationStepExecutor] Compute size measures on new code | status=SUCCESS | time=4ms
2022.01.17 18:05:23 INFO  ce[AX5pNwFv0ZuNbYiaGZ1v][o.s.c.t.s.ComputationStepExecutor] Compute language distribution | status=SUCCESS | time=0ms
2022.01.17 18:05:23 INFO  ce[AX5pNwFv0ZuNbYiaGZ1v][o.s.c.t.s.ComputationStepExecutor] Compute test measures | status=SUCCESS | time=2ms
2022.01.17 18:05:23 INFO  ce[AX5pNwFv0ZuNbYiaGZ1v][o.s.c.t.s.ComputationStepExecutor] Compute complexity measures | status=SUCCESS | time=0ms
2022.01.17 18:05:23 INFO  ce[AX5pNwFv0ZuNbYiaGZ1v][o.s.c.t.s.ComputationStepExecutor] Load measure computers | status=SUCCESS | time=0ms
2022.01.17 18:05:23 INFO  ce[AX5pNwFv0ZuNbYiaGZ1v][o.s.c.t.s.ComputationStepExecutor] Compute Quality Profile status | status=SUCCESS | time=5ms
2022.01.17 18:05:23 INFO  ce[AX5pNwFv0ZuNbYiaGZ1v][o.s.c.t.s.ComputationStepExecutor] Execute component visitors | status=SUCCESS | time=51ms
2022.01.17 18:05:23 INFO  ce[AX5pNwFv0ZuNbYiaGZ1v][o.s.c.t.s.ComputationStepExecutor] Checks executed after computation of measures | status=SUCCESS | time=0ms
2022.01.17 18:05:23 INFO  ce[AX5pNwFv0ZuNbYiaGZ1v][o.s.c.t.s.ComputationStepExecutor] Compute Quality Gate measures | status=SUCCESS | time=1ms
2022.01.17 18:05:23 INFO  ce[AX5pNwFv0ZuNbYiaGZ1v][o.s.c.t.s.ComputationStepExecutor] Compute Quality profile measures | status=SUCCESS | time=0ms
2022.01.17 18:05:23 INFO  ce[AX5pNwFv0ZuNbYiaGZ1v][o.s.c.t.s.ComputationStepExecutor] Generate Quality profile events | status=SUCCESS | time=3ms
2022.01.17 18:05:23 INFO  ce[AX5pNwFv0ZuNbYiaGZ1v][o.s.c.t.s.ComputationStepExecutor] Generate Quality gate events | status=SUCCESS | time=3ms
2022.01.17 18:05:23 INFO  ce[AX5pNwFv0ZuNbYiaGZ1v][o.s.c.t.s.ComputationStepExecutor] Check upgrade possibility for not analyzed code files. | status=SUCCESS | time=0ms
2022.01.17 18:05:23 INFO  ce[AX5pNwFv0ZuNbYiaGZ1v][o.s.c.t.s.ComputationStepExecutor] Persist components | status=SUCCESS | time=13ms
2022.01.17 18:05:23 INFO  ce[AX5pNwFv0ZuNbYiaGZ1v][o.s.c.t.s.ComputationStepExecutor] Persist analysis | status=SUCCESS | time=2ms
2022.01.17 18:05:23 INFO  ce[AX5pNwFv0ZuNbYiaGZ1v][o.s.c.t.s.ComputationStepExecutor] Persist analysis properties | status=SUCCESS | time=1ms
2022.01.17 18:05:23 INFO  ce[AX5pNwFv0ZuNbYiaGZ1v][o.s.c.t.s.ComputationStepExecutor] Persist measures | inserts=57 | status=SUCCESS | time=13ms
2022.01.17 18:05:23 INFO  ce[AX5pNwFv0ZuNbYiaGZ1v][o.s.c.t.s.ComputationStepExecutor] Persist live measures | insertsOrUpdates=602 | status=SUCCESS | time=125ms
2022.01.17 18:05:23 INFO  ce[AX5pNwFv0ZuNbYiaGZ1v][o.s.c.t.s.ComputationStepExecutor] Persist duplication data | insertsOrUpdates=0 | status=SUCCESS | time=0ms
2022.01.17 18:05:23 INFO  ce[AX5pNwFv0ZuNbYiaGZ1v][o.s.c.t.s.ComputationStepExecutor] Persist new ad hoc Rules | status=SUCCESS | time=0ms
2022.01.17 18:05:23 INFO  ce[AX5pNwFv0ZuNbYiaGZ1v][o.s.c.t.s.ComputationStepExecutor] Persist issues | cacheSize=0 bytes | inserts=0 | updates=0 | merged=0 | status=SUCCESS | time=1ms
2022.01.17 18:05:23 INFO  ce[AX5pNwFv0ZuNbYiaGZ1v][o.s.c.t.s.ComputationStepExecutor] Persist project links | status=SUCCESS | time=3ms
2022.01.17 18:05:23 INFO  ce[AX5pNwFv0ZuNbYiaGZ1v][o.s.c.t.s.ComputationStepExecutor] Persist events | status=SUCCESS | time=4ms
2022.01.17 18:05:23 INFO  ce[AX5pNwFv0ZuNbYiaGZ1v][o.s.c.t.s.ComputationStepExecutor] Persist sources | status=SUCCESS | time=26ms
2022.01.17 18:05:23 INFO  ce[AX5pNwFv0ZuNbYiaGZ1v][o.s.c.t.s.ComputationStepExecutor] Persist cross project duplications | status=SUCCESS | time=0ms
2022.01.17 18:05:23 INFO  ce[AX5pNwFv0ZuNbYiaGZ1v][o.s.c.t.s.ComputationStepExecutor] Enable analysis | status=SUCCESS | time=3ms
2022.01.17 18:05:23 INFO  ce[AX5pNwFv0ZuNbYiaGZ1v][o.s.c.t.s.ComputationStepExecutor] Update last usage date of quality profiles | status=SUCCESS | time=3ms
2022.01.17 18:05:23 INFO  ce[AX5pNwFv0ZuNbYiaGZ1v][o.s.c.t.s.ComputationStepExecutor] Purge db | status=SUCCESS | time=27ms
2022.01.17 18:05:23 INFO  ce[AX5pNwFv0ZuNbYiaGZ1v][o.s.c.t.s.ComputationStepExecutor] Index analysis | status=SUCCESS | time=525ms
2022.01.17 18:05:23 INFO  ce[AX5pNwFv0ZuNbYiaGZ1v][o.s.c.t.s.ComputationStepExecutor] Update need issue sync for branch | status=SUCCESS | time=2ms
2022.01.17 18:05:23 INFO  ce[AX5pNwFv0ZuNbYiaGZ1v][o.s.c.t.s.ComputationStepExecutor] Send issue notifications | newIssuesNotifs=0 | newIssuesDeliveries=0 | myNewIssuesNotifs=0 | myNewIssuesDeliveries=0 | changesNotifs=0 | changesDeliveries=0 | status=SUCCESS | time=2ms
2022.01.17 18:05:23 INFO  ce[AX5pNwFv0ZuNbYiaGZ1v][o.s.c.t.s.ComputationStepExecutor] Publish task results | status=SUCCESS | time=0ms
2022.01.17 18:05:23 INFO  ce[AX5pNwFv0ZuNbYiaGZ1v][o.s.c.t.s.ComputationStepExecutor] Trigger refresh of Portfolios and Applications | status=SUCCESS | time=0ms
2022.01.17 18:05:23 INFO  ce[AX5pNwFv0ZuNbYiaGZ1v][o.s.c.t.p.a.p.PostProjectAnalysisTasksExecutor] Webhooks | globalWebhooks=0 | projectWebhooks=0 | status=SUCCESS | time=2ms
2022.01.17 18:05:23 INFO  ce[AX5pNwFv0ZuNbYiaGZ1v][o.s.c.t.CeWorkerImpl] Executed task | project=maven-ejemplo-sec3 | type=REPORT | id=AX5pNwFv0ZuNbYiaGZ1v | submitter=jenkins-user | status=SUCCESS | time=2719ms
2022.01.17 18:36:14 INFO  ce[][o.s.c.t.CeWorkerImpl] Execute task | project=test-alive | type=REPORT | id=AX5pU0xR0ZuNbYiaGZ18 | submitter=jenkins-user
2022.01.17 18:36:14 INFO  ce[AX5pU0xR0ZuNbYiaGZ18][o.s.c.t.s.ComputationStepExecutor] Extract report | status=SUCCESS | time=4ms
2022.01.17 18:36:14 INFO  ce[AX5pU0xR0ZuNbYiaGZ18][o.s.c.t.s.ComputationStepExecutor] Persist scanner context | status=SUCCESS | time=31ms
2022.01.17 18:36:14 INFO  ce[AX5pU0xR0ZuNbYiaGZ18][o.s.c.t.s.ComputationStepExecutor] Propagate analysis warnings from scanner report | status=SUCCESS | time=2ms
2022.01.17 18:36:14 INFO  ce[AX5pU0xR0ZuNbYiaGZ18][o.s.c.t.s.ComputationStepExecutor] Generate analysis UUID | status=SUCCESS | time=0ms
2022.01.17 18:36:14 INFO  ce[AX5pU0xR0ZuNbYiaGZ18][o.s.c.t.s.ComputationStepExecutor] Load analysis metadata | status=SUCCESS | time=10ms
2022.01.17 18:36:14 INFO  ce[AX5pU0xR0ZuNbYiaGZ18][o.s.c.t.s.ComputationStepExecutor] Initialize | status=SUCCESS | time=0ms
2022.01.17 18:36:14 INFO  ce[AX5pU0xR0ZuNbYiaGZ18][o.s.c.t.s.ComputationStepExecutor] Build tree of components | components=1 | status=SUCCESS | time=8ms
2022.01.17 18:36:14 INFO  ce[AX5pU0xR0ZuNbYiaGZ18][o.s.c.t.s.ComputationStepExecutor] Validate project | status=SUCCESS | time=2ms
2022.01.17 18:36:15 INFO  ce[AX5pU0xR0ZuNbYiaGZ18][o.s.c.t.s.ComputationStepExecutor] Load quality profiles | status=SUCCESS | time=1259ms
2022.01.17 18:36:15 INFO  ce[AX5pU0xR0ZuNbYiaGZ18][o.s.c.t.s.ComputationStepExecutor] Load Quality gate | status=SUCCESS | time=7ms
2022.01.17 18:36:15 INFO  ce[AX5pU0xR0ZuNbYiaGZ18][o.s.c.t.s.ComputationStepExecutor] Load new code period | status=SUCCESS | time=2ms
2022.01.17 18:36:15 INFO  ce[AX5pU0xR0ZuNbYiaGZ18][o.s.c.t.s.ComputationStepExecutor] Detect file moves | status=SUCCESS | time=0ms
2022.01.17 18:36:15 INFO  ce[AX5pU0xR0ZuNbYiaGZ18][o.s.c.t.s.ComputationStepExecutor] Load duplications | duplications=0 | status=SUCCESS | time=0ms
2022.01.17 18:36:15 INFO  ce[AX5pU0xR0ZuNbYiaGZ18][o.s.c.t.s.ComputationStepExecutor] Compute cross project duplications | status=SUCCESS | time=0ms
2022.01.17 18:36:15 INFO  ce[AX5pU0xR0ZuNbYiaGZ18][o.s.c.t.s.ComputationStepExecutor] Compute size measures | status=SUCCESS | time=0ms
2022.01.17 18:36:15 INFO  ce[AX5pU0xR0ZuNbYiaGZ18][o.s.c.t.s.ComputationStepExecutor] Compute new coverage | status=SUCCESS | time=0ms
2022.01.17 18:36:15 INFO  ce[AX5pU0xR0ZuNbYiaGZ18][o.s.c.t.s.ComputationStepExecutor] Compute coverage measures | status=SUCCESS | time=0ms
2022.01.17 18:36:15 INFO  ce[AX5pU0xR0ZuNbYiaGZ18][o.s.c.t.s.ComputationStepExecutor] Compute comment measures | status=SUCCESS | time=0ms
2022.01.17 18:36:15 INFO  ce[AX5pU0xR0ZuNbYiaGZ18][o.s.c.t.s.ComputationStepExecutor] Compute duplication measures | status=SUCCESS | time=0ms
2022.01.17 18:36:15 INFO  ce[AX5pU0xR0ZuNbYiaGZ18][o.s.c.t.s.ComputationStepExecutor] Compute size measures on new code | status=SUCCESS | time=0ms
2022.01.17 18:36:15 INFO  ce[AX5pU0xR0ZuNbYiaGZ18][o.s.c.t.s.ComputationStepExecutor] Compute language distribution | status=SUCCESS | time=1ms
2022.01.17 18:36:15 INFO  ce[AX5pU0xR0ZuNbYiaGZ18][o.s.c.t.s.ComputationStepExecutor] Compute test measures | status=SUCCESS | time=0ms
2022.01.17 18:36:15 INFO  ce[AX5pU0xR0ZuNbYiaGZ18][o.s.c.t.s.ComputationStepExecutor] Compute complexity measures | status=SUCCESS | time=3ms
2022.01.17 18:36:15 INFO  ce[AX5pU0xR0ZuNbYiaGZ18][o.s.c.t.s.ComputationStepExecutor] Load measure computers | status=SUCCESS | time=0ms
2022.01.17 18:36:15 INFO  ce[AX5pU0xR0ZuNbYiaGZ18][o.s.c.t.s.ComputationStepExecutor] Compute Quality Profile status | status=SUCCESS | time=2ms
2022.01.17 18:36:15 INFO  ce[AX5pU0xR0ZuNbYiaGZ18][o.s.c.t.s.ComputationStepExecutor] Execute component visitors | status=SUCCESS | time=3ms
2022.01.17 18:36:15 INFO  ce[AX5pU0xR0ZuNbYiaGZ18][o.s.c.t.s.ComputationStepExecutor] Checks executed after computation of measures | status=SUCCESS | time=0ms
2022.01.17 18:36:15 INFO  ce[AX5pU0xR0ZuNbYiaGZ18][o.s.c.t.s.ComputationStepExecutor] Compute Quality Gate measures | status=SUCCESS | time=0ms
2022.01.17 18:36:15 INFO  ce[AX5pU0xR0ZuNbYiaGZ18][o.s.c.t.s.ComputationStepExecutor] Compute Quality profile measures | status=SUCCESS | time=0ms
2022.01.17 18:36:15 INFO  ce[AX5pU0xR0ZuNbYiaGZ18][o.s.c.t.s.ComputationStepExecutor] Generate Quality profile events | status=SUCCESS | time=1ms
2022.01.17 18:36:15 INFO  ce[AX5pU0xR0ZuNbYiaGZ18][o.s.c.t.s.ComputationStepExecutor] Generate Quality gate events | status=SUCCESS | time=1ms
2022.01.17 18:36:15 INFO  ce[AX5pU0xR0ZuNbYiaGZ18][o.s.c.t.s.ComputationStepExecutor] Check upgrade possibility for not analyzed code files. | status=SUCCESS | time=0ms
2022.01.17 18:36:15 INFO  ce[AX5pU0xR0ZuNbYiaGZ18][o.s.c.t.s.ComputationStepExecutor] Persist components | status=SUCCESS | time=6ms
2022.01.17 18:36:15 INFO  ce[AX5pU0xR0ZuNbYiaGZ18][o.s.c.t.s.ComputationStepExecutor] Persist analysis | status=SUCCESS | time=2ms
2022.01.17 18:36:15 INFO  ce[AX5pU0xR0ZuNbYiaGZ18][o.s.c.t.s.ComputationStepExecutor] Persist analysis properties | status=SUCCESS | time=2ms
2022.01.17 18:36:15 INFO  ce[AX5pU0xR0ZuNbYiaGZ18][o.s.c.t.s.ComputationStepExecutor] Persist measures | inserts=30 | status=SUCCESS | time=10ms
2022.01.17 18:36:15 INFO  ce[AX5pU0xR0ZuNbYiaGZ18][o.s.c.t.s.ComputationStepExecutor] Persist live measures | insertsOrUpdates=32 | status=SUCCESS | time=12ms
2022.01.17 18:36:15 INFO  ce[AX5pU0xR0ZuNbYiaGZ18][o.s.c.t.s.ComputationStepExecutor] Persist duplication data | insertsOrUpdates=0 | status=SUCCESS | time=0ms
2022.01.17 18:36:15 INFO  ce[AX5pU0xR0ZuNbYiaGZ18][o.s.c.t.s.ComputationStepExecutor] Persist new ad hoc Rules | status=SUCCESS | time=0ms
2022.01.17 18:36:15 INFO  ce[AX5pU0xR0ZuNbYiaGZ18][o.s.c.t.s.ComputationStepExecutor] Persist issues | cacheSize=0 bytes | inserts=0 | updates=0 | merged=0 | status=SUCCESS | time=0ms
2022.01.17 18:36:15 INFO  ce[AX5pU0xR0ZuNbYiaGZ18][o.s.c.t.s.ComputationStepExecutor] Persist project links | status=SUCCESS | time=2ms
2022.01.17 18:36:15 INFO  ce[AX5pU0xR0ZuNbYiaGZ18][o.s.c.t.s.ComputationStepExecutor] Persist events | status=SUCCESS | time=2ms
2022.01.17 18:36:15 INFO  ce[AX5pU0xR0ZuNbYiaGZ18][o.s.c.t.s.ComputationStepExecutor] Persist sources | status=SUCCESS | time=1ms
2022.01.17 18:36:15 INFO  ce[AX5pU0xR0ZuNbYiaGZ18][o.s.c.t.s.ComputationStepExecutor] Persist cross project duplications | status=SUCCESS | time=0ms
2022.01.17 18:36:15 INFO  ce[AX5pU0xR0ZuNbYiaGZ18][o.s.c.t.s.ComputationStepExecutor] Enable analysis | status=SUCCESS | time=2ms
2022.01.17 18:36:15 INFO  ce[AX5pU0xR0ZuNbYiaGZ18][o.s.c.t.s.ComputationStepExecutor] Update last usage date of quality profiles | status=SUCCESS | time=0ms
2022.01.17 18:36:15 INFO  ce[AX5pU0xR0ZuNbYiaGZ18][o.s.c.t.s.ComputationStepExecutor] Purge db | status=SUCCESS | time=34ms
2022.01.17 18:36:16 INFO  ce[AX5pU0xR0ZuNbYiaGZ18][o.s.c.t.s.ComputationStepExecutor] Index analysis | status=SUCCESS | time=956ms
2022.01.17 18:36:16 INFO  ce[AX5pU0xR0ZuNbYiaGZ18][o.s.c.t.s.ComputationStepExecutor] Update need issue sync for branch | status=SUCCESS | time=2ms
2022.01.17 18:36:16 INFO  ce[AX5pU0xR0ZuNbYiaGZ18][o.s.c.t.s.ComputationStepExecutor] Send issue notifications | newIssuesNotifs=0 | newIssuesDeliveries=0 | myNewIssuesNotifs=0 | myNewIssuesDeliveries=0 | changesNotifs=0 | changesDeliveries=0 | status=SUCCESS | time=2ms
2022.01.17 18:36:16 INFO  ce[AX5pU0xR0ZuNbYiaGZ18][o.s.c.t.s.ComputationStepExecutor] Publish task results | status=SUCCESS | time=0ms
2022.01.17 18:36:16 INFO  ce[AX5pU0xR0ZuNbYiaGZ18][o.s.c.t.s.ComputationStepExecutor] Trigger refresh of Portfolios and Applications | status=SUCCESS | time=0ms
2022.01.17 18:36:16 INFO  ce[AX5pU0xR0ZuNbYiaGZ18][o.s.c.t.p.a.p.PostProjectAnalysisTasksExecutor] Webhooks | globalWebhooks=0 | projectWebhooks=0 | status=SUCCESS | time=2ms
2022.01.17 18:36:16 INFO  ce[AX5pU0xR0ZuNbYiaGZ18][o.s.c.t.CeWorkerImpl] Executed task | project=test-alive | type=REPORT | id=AX5pU0xR0ZuNbYiaGZ18 | submitter=jenkins-user | status=SUCCESS | time=2531ms
2022.01.17 20:10:27 INFO  ce[][o.s.c.t.CeWorkerImpl] Execute task | project=jenkins-user-maven | type=REPORT | id=AX5pqY390ZuNbYiaGZ2S | submitter=jenkins-user
2022.01.17 20:10:27 INFO  ce[AX5pqY390ZuNbYiaGZ2S][o.s.c.t.s.ComputationStepExecutor] Extract report | status=SUCCESS | time=14ms
2022.01.17 20:10:27 INFO  ce[AX5pqY390ZuNbYiaGZ2S][o.s.c.t.s.ComputationStepExecutor] Persist scanner context | status=SUCCESS | time=13ms
2022.01.17 20:10:27 INFO  ce[AX5pqY390ZuNbYiaGZ2S][o.s.c.t.s.ComputationStepExecutor] Propagate analysis warnings from scanner report | status=SUCCESS | time=7ms
2022.01.17 20:10:27 INFO  ce[AX5pqY390ZuNbYiaGZ2S][o.s.c.t.s.ComputationStepExecutor] Generate analysis UUID | status=SUCCESS | time=0ms
2022.01.17 20:10:27 INFO  ce[AX5pqY390ZuNbYiaGZ2S][o.s.c.t.s.ComputationStepExecutor] Load analysis metadata | status=SUCCESS | time=38ms
2022.01.17 20:10:27 INFO  ce[AX5pqY390ZuNbYiaGZ2S][o.s.c.t.s.ComputationStepExecutor] Initialize | status=SUCCESS | time=0ms
2022.01.17 20:10:27 INFO  ce[AX5pqY390ZuNbYiaGZ2S][o.s.c.t.s.ComputationStepExecutor] Build tree of components | components=12 | status=SUCCESS | time=52ms
2022.01.17 20:10:27 INFO  ce[AX5pqY390ZuNbYiaGZ2S][o.s.c.t.s.ComputationStepExecutor] Validate project | status=SUCCESS | time=2ms
2022.01.17 20:10:29 INFO  ce[AX5pqY390ZuNbYiaGZ2S][o.s.c.t.s.ComputationStepExecutor] Load quality profiles | status=SUCCESS | time=1342ms
2022.01.17 20:10:29 INFO  ce[AX5pqY390ZuNbYiaGZ2S][o.s.c.t.s.ComputationStepExecutor] Load Quality gate | status=SUCCESS | time=2ms
2022.01.17 20:10:29 INFO  ce[AX5pqY390ZuNbYiaGZ2S][o.s.c.t.s.ComputationStepExecutor] Load new code period | status=SUCCESS | time=2ms
2022.01.17 20:10:29 INFO  ce[AX5pqY390ZuNbYiaGZ2S][o.s.c.t.s.ComputationStepExecutor] Detect file moves | status=SUCCESS | time=0ms
2022.01.17 20:10:29 INFO  ce[AX5pqY390ZuNbYiaGZ2S][o.s.c.t.s.ComputationStepExecutor] Load duplications | duplications=0 | status=SUCCESS | time=1ms
2022.01.17 20:10:29 INFO  ce[AX5pqY390ZuNbYiaGZ2S][o.s.c.t.s.ComputationStepExecutor] Compute cross project duplications | status=SUCCESS | time=0ms
2022.01.17 20:10:29 INFO  ce[AX5pqY390ZuNbYiaGZ2S][o.s.c.t.s.ComputationStepExecutor] Compute size measures | status=SUCCESS | time=3ms
2022.01.17 20:10:29 INFO  ce[AX5pqY390ZuNbYiaGZ2S][o.s.c.t.s.ComputationStepExecutor] Compute new coverage | status=SUCCESS | time=1ms
2022.01.17 20:10:29 INFO  ce[AX5pqY390ZuNbYiaGZ2S][o.s.c.t.s.ComputationStepExecutor] Compute coverage measures | status=SUCCESS | time=1ms
2022.01.17 20:10:29 INFO  ce[AX5pqY390ZuNbYiaGZ2S][o.s.c.t.s.ComputationStepExecutor] Compute comment measures | status=SUCCESS | time=0ms
2022.01.17 20:10:29 INFO  ce[AX5pqY390ZuNbYiaGZ2S][o.s.c.t.s.ComputationStepExecutor] Compute duplication measures | status=SUCCESS | time=0ms
2022.01.17 20:10:29 INFO  ce[AX5pqY390ZuNbYiaGZ2S][o.s.c.t.s.ComputationStepExecutor] Compute size measures on new code | status=SUCCESS | time=0ms
2022.01.17 20:10:29 INFO  ce[AX5pqY390ZuNbYiaGZ2S][o.s.c.t.s.ComputationStepExecutor] Compute language distribution | status=SUCCESS | time=1ms
2022.01.17 20:10:29 INFO  ce[AX5pqY390ZuNbYiaGZ2S][o.s.c.t.s.ComputationStepExecutor] Compute test measures | status=SUCCESS | time=1ms
2022.01.17 20:10:29 INFO  ce[AX5pqY390ZuNbYiaGZ2S][o.s.c.t.s.ComputationStepExecutor] Compute complexity measures | status=SUCCESS | time=1ms
2022.01.17 20:10:29 INFO  ce[AX5pqY390ZuNbYiaGZ2S][o.s.c.t.s.ComputationStepExecutor] Load measure computers | status=SUCCESS | time=1ms
2022.01.17 20:10:29 INFO  ce[AX5pqY390ZuNbYiaGZ2S][o.s.c.t.s.ComputationStepExecutor] Compute Quality Profile status | status=SUCCESS | time=2ms
2022.01.17 20:10:29 INFO  ce[AX5pqY390ZuNbYiaGZ2S][o.s.c.t.s.ComputationStepExecutor] Execute component visitors | status=SUCCESS | time=263ms
2022.01.17 20:10:29 INFO  ce[AX5pqY390ZuNbYiaGZ2S][o.s.c.t.s.ComputationStepExecutor] Checks executed after computation of measures | status=SUCCESS | time=0ms
2022.01.17 20:10:29 INFO  ce[AX5pqY390ZuNbYiaGZ2S][o.s.c.t.s.ComputationStepExecutor] Compute Quality Gate measures | status=SUCCESS | time=11ms
2022.01.17 20:10:29 INFO  ce[AX5pqY390ZuNbYiaGZ2S][o.s.c.t.s.ComputationStepExecutor] Compute Quality profile measures | status=SUCCESS | time=2ms
2022.01.17 20:10:29 INFO  ce[AX5pqY390ZuNbYiaGZ2S][o.s.c.t.s.ComputationStepExecutor] Generate Quality profile events | status=SUCCESS | time=1ms
2022.01.17 20:10:29 INFO  ce[AX5pqY390ZuNbYiaGZ2S][o.s.c.t.s.ComputationStepExecutor] Generate Quality gate events | status=SUCCESS | time=2ms
2022.01.17 20:10:29 INFO  ce[AX5pqY390ZuNbYiaGZ2S][o.s.c.t.s.ComputationStepExecutor] Check upgrade possibility for not analyzed code files. | status=SUCCESS | time=1ms
2022.01.17 20:10:29 INFO  ce[AX5pqY390ZuNbYiaGZ2S][o.s.c.t.s.ComputationStepExecutor] Persist components | status=SUCCESS | time=12ms
2022.01.17 20:10:29 INFO  ce[AX5pqY390ZuNbYiaGZ2S][o.s.c.t.s.ComputationStepExecutor] Persist analysis | status=SUCCESS | time=1ms
2022.01.17 20:10:29 INFO  ce[AX5pqY390ZuNbYiaGZ2S][o.s.c.t.s.ComputationStepExecutor] Persist analysis properties | status=SUCCESS | time=2ms
2022.01.17 20:10:29 INFO  ce[AX5pqY390ZuNbYiaGZ2S][o.s.c.t.s.ComputationStepExecutor] Persist measures | inserts=55 | status=SUCCESS | time=16ms
2022.01.17 20:10:29 INFO  ce[AX5pqY390ZuNbYiaGZ2S][o.s.c.t.s.ComputationStepExecutor] Persist live measures | insertsOrUpdates=411 | status=SUCCESS | time=69ms
2022.01.17 20:10:29 INFO  ce[AX5pqY390ZuNbYiaGZ2S][o.s.c.t.s.ComputationStepExecutor] Persist duplication data | insertsOrUpdates=0 | status=SUCCESS | time=0ms
2022.01.17 20:10:29 INFO  ce[AX5pqY390ZuNbYiaGZ2S][o.s.c.t.s.ComputationStepExecutor] Persist new ad hoc Rules | status=SUCCESS | time=0ms
2022.01.17 20:10:29 INFO  ce[AX5pqY390ZuNbYiaGZ2S][o.s.c.t.s.ComputationStepExecutor] Persist issues | cacheSize=2.1 kB | inserts=4 | updates=0 | merged=0 | status=SUCCESS | time=11ms
2022.01.17 20:10:29 INFO  ce[AX5pqY390ZuNbYiaGZ2S][o.s.c.t.s.ComputationStepExecutor] Persist project links | status=SUCCESS | time=2ms
2022.01.17 20:10:29 INFO  ce[AX5pqY390ZuNbYiaGZ2S][o.s.c.t.s.ComputationStepExecutor] Persist events | status=SUCCESS | time=2ms
2022.01.17 20:10:29 INFO  ce[AX5pqY390ZuNbYiaGZ2S][o.s.c.t.s.ComputationStepExecutor] Persist sources | status=SUCCESS | time=29ms
2022.01.17 20:10:29 INFO  ce[AX5pqY390ZuNbYiaGZ2S][o.s.c.t.s.ComputationStepExecutor] Persist cross project duplications | status=SUCCESS | time=0ms
2022.01.17 20:10:29 INFO  ce[AX5pqY390ZuNbYiaGZ2S][o.s.c.t.s.ComputationStepExecutor] Enable analysis | status=SUCCESS | time=2ms
2022.01.17 20:10:29 INFO  ce[AX5pqY390ZuNbYiaGZ2S][o.s.c.t.s.ComputationStepExecutor] Update last usage date of quality profiles | status=SUCCESS | time=4ms
2022.01.17 20:10:29 INFO  ce[AX5pqY390ZuNbYiaGZ2S][o.s.c.t.s.ComputationStepExecutor] Purge db | status=SUCCESS | time=21ms
2022.01.17 20:10:31 INFO  ce[AX5pqY390ZuNbYiaGZ2S][o.s.c.t.s.ComputationStepExecutor] Index analysis | status=SUCCESS | time=1646ms
2022.01.17 20:10:31 INFO  ce[AX5pqY390ZuNbYiaGZ2S][o.s.c.t.s.ComputationStepExecutor] Update need issue sync for branch | status=SUCCESS | time=1ms
2022.01.17 20:10:31 INFO  ce[AX5pqY390ZuNbYiaGZ2S][o.s.c.t.s.ComputationStepExecutor] Send issue notifications | newIssuesNotifs=0 | newIssuesDeliveries=0 | myNewIssuesNotifs=0 | myNewIssuesDeliveries=0 | changesNotifs=0 | changesDeliveries=0 | status=SUCCESS | time=3ms
2022.01.17 20:10:31 INFO  ce[AX5pqY390ZuNbYiaGZ2S][o.s.c.t.s.ComputationStepExecutor] Publish task results | status=SUCCESS | time=0ms
2022.01.17 20:10:31 INFO  ce[AX5pqY390ZuNbYiaGZ2S][o.s.c.t.s.ComputationStepExecutor] Trigger refresh of Portfolios and Applications | status=SUCCESS | time=0ms
2022.01.17 20:10:31 INFO  ce[AX5pqY390ZuNbYiaGZ2S][o.s.c.t.p.a.p.PostProjectAnalysisTasksExecutor] Webhooks | globalWebhooks=0 | projectWebhooks=0 | status=SUCCESS | time=2ms
2022.01.17 20:10:31 INFO  ce[AX5pqY390ZuNbYiaGZ2S][o.s.c.t.CeWorkerImpl] Executed task | project=jenkins-user-maven | type=REPORT | id=AX5pqY390ZuNbYiaGZ2S | submitter=jenkins-user | status=SUCCESS | time=3872ms
2022.01.17 20:22:13 INFO  ce[][o.s.c.t.CeWorkerImpl] Execute task | project=jenkins-user-maven | type=REPORT | id=AX5ptFAo0ZuNbYiaGZ2T | submitter=jenkins-user
2022.01.17 20:22:13 INFO  ce[AX5ptFAo0ZuNbYiaGZ2T][o.s.c.t.s.ComputationStepExecutor] Extract report | status=SUCCESS | time=11ms
2022.01.17 20:22:13 INFO  ce[AX5ptFAo0ZuNbYiaGZ2T][o.s.c.t.s.ComputationStepExecutor] Persist scanner context | status=SUCCESS | time=27ms
2022.01.17 20:22:13 INFO  ce[AX5ptFAo0ZuNbYiaGZ2T][o.s.c.t.s.ComputationStepExecutor] Propagate analysis warnings from scanner report | status=SUCCESS | time=4ms
2022.01.17 20:22:13 INFO  ce[AX5ptFAo0ZuNbYiaGZ2T][o.s.c.t.s.ComputationStepExecutor] Generate analysis UUID | status=SUCCESS | time=0ms
2022.01.17 20:22:13 INFO  ce[AX5ptFAo0ZuNbYiaGZ2T][o.s.c.t.s.ComputationStepExecutor] Load analysis metadata | status=SUCCESS | time=2ms
2022.01.17 20:22:13 INFO  ce[AX5ptFAo0ZuNbYiaGZ2T][o.s.c.t.s.ComputationStepExecutor] Initialize | status=SUCCESS | time=0ms
2022.01.17 20:22:13 INFO  ce[AX5ptFAo0ZuNbYiaGZ2T][o.s.c.t.s.ComputationStepExecutor] Build tree of components | components=12 | status=SUCCESS | time=6ms
2022.01.17 20:22:13 INFO  ce[AX5ptFAo0ZuNbYiaGZ2T][o.s.c.t.s.ComputationStepExecutor] Validate project | status=SUCCESS | time=2ms
2022.01.17 20:22:14 INFO  ce[AX5ptFAo0ZuNbYiaGZ2T][o.s.c.t.s.ComputationStepExecutor] Load quality profiles | status=SUCCESS | time=1066ms
2022.01.17 20:22:14 INFO  ce[AX5ptFAo0ZuNbYiaGZ2T][o.s.c.t.s.ComputationStepExecutor] Load Quality gate | status=SUCCESS | time=8ms
2022.01.17 20:22:14 INFO  ce[AX5ptFAo0ZuNbYiaGZ2T][o.s.c.t.s.ComputationStepExecutor] Load new code period | status=SUCCESS | time=4ms
2022.01.17 20:22:14 INFO  ce[AX5ptFAo0ZuNbYiaGZ2T][o.s.c.t.s.ComputationStepExecutor] Detect file moves | reportFiles=6 | dbFiles=6 | addedFiles=0 | status=SUCCESS | time=2ms
2022.01.17 20:22:14 INFO  ce[AX5ptFAo0ZuNbYiaGZ2T][o.s.c.t.s.ComputationStepExecutor] Load duplications | duplications=0 | status=SUCCESS | time=0ms
2022.01.17 20:22:14 INFO  ce[AX5ptFAo0ZuNbYiaGZ2T][o.s.c.t.s.ComputationStepExecutor] Compute cross project duplications | status=SUCCESS | time=0ms
2022.01.17 20:22:14 INFO  ce[AX5ptFAo0ZuNbYiaGZ2T][o.s.c.t.s.ComputationStepExecutor] Compute size measures | status=SUCCESS | time=2ms
2022.01.17 20:22:14 INFO  ce[AX5ptFAo0ZuNbYiaGZ2T][o.s.c.t.s.ComputationStepExecutor] Compute new coverage | status=SUCCESS | time=57ms
2022.01.17 20:22:14 INFO  ce[AX5ptFAo0ZuNbYiaGZ2T][o.s.c.t.s.ComputationStepExecutor] Compute coverage measures | status=SUCCESS | time=1ms
2022.01.17 20:22:14 INFO  ce[AX5ptFAo0ZuNbYiaGZ2T][o.s.c.t.s.ComputationStepExecutor] Compute comment measures | status=SUCCESS | time=0ms
2022.01.17 20:22:14 INFO  ce[AX5ptFAo0ZuNbYiaGZ2T][o.s.c.t.s.ComputationStepExecutor] Compute duplication measures | status=SUCCESS | time=1ms
2022.01.17 20:22:14 INFO  ce[AX5ptFAo0ZuNbYiaGZ2T][o.s.c.t.s.ComputationStepExecutor] Compute size measures on new code | status=SUCCESS | time=1ms
2022.01.17 20:22:14 INFO  ce[AX5ptFAo0ZuNbYiaGZ2T][o.s.c.t.s.ComputationStepExecutor] Compute language distribution | status=SUCCESS | time=1ms
2022.01.17 20:22:14 INFO  ce[AX5ptFAo0ZuNbYiaGZ2T][o.s.c.t.s.ComputationStepExecutor] Compute test measures | status=SUCCESS | time=0ms
2022.01.17 20:22:14 INFO  ce[AX5ptFAo0ZuNbYiaGZ2T][o.s.c.t.s.ComputationStepExecutor] Compute complexity measures | status=SUCCESS | time=0ms
2022.01.17 20:22:14 INFO  ce[AX5ptFAo0ZuNbYiaGZ2T][o.s.c.t.s.ComputationStepExecutor] Load measure computers | status=SUCCESS | time=0ms
2022.01.17 20:22:14 INFO  ce[AX5ptFAo0ZuNbYiaGZ2T][o.s.c.t.s.ComputationStepExecutor] Compute Quality Profile status | status=SUCCESS | time=3ms
2022.01.17 20:22:14 INFO  ce[AX5ptFAo0ZuNbYiaGZ2T][o.s.c.t.s.ComputationStepExecutor] Execute component visitors | status=SUCCESS | time=28ms
2022.01.17 20:22:14 INFO  ce[AX5ptFAo0ZuNbYiaGZ2T][o.s.c.t.s.ComputationStepExecutor] Checks executed after computation of measures | status=SUCCESS | time=0ms
2022.01.17 20:22:14 INFO  ce[AX5ptFAo0ZuNbYiaGZ2T][o.s.c.t.s.ComputationStepExecutor] Compute Quality Gate measures | status=SUCCESS | time=1ms
2022.01.17 20:22:14 INFO  ce[AX5ptFAo0ZuNbYiaGZ2T][o.s.c.t.s.ComputationStepExecutor] Compute Quality profile measures | status=SUCCESS | time=1ms
2022.01.17 20:22:14 INFO  ce[AX5ptFAo0ZuNbYiaGZ2T][o.s.c.t.s.ComputationStepExecutor] Generate Quality profile events | status=SUCCESS | time=2ms
2022.01.17 20:22:14 INFO  ce[AX5ptFAo0ZuNbYiaGZ2T][o.s.c.t.s.ComputationStepExecutor] Generate Quality gate events | status=SUCCESS | time=2ms
2022.01.17 20:22:14 INFO  ce[AX5ptFAo0ZuNbYiaGZ2T][o.s.c.t.s.ComputationStepExecutor] Check upgrade possibility for not analyzed code files. | status=SUCCESS | time=0ms
2022.01.17 20:22:15 INFO  ce[AX5ptFAo0ZuNbYiaGZ2T][o.s.c.t.s.ComputationStepExecutor] Persist components | status=SUCCESS | time=5ms
2022.01.17 20:22:15 INFO  ce[AX5ptFAo0ZuNbYiaGZ2T][o.s.c.t.s.ComputationStepExecutor] Persist analysis | status=SUCCESS | time=3ms
2022.01.17 20:22:15 INFO  ce[AX5ptFAo0ZuNbYiaGZ2T][o.s.c.t.s.ComputationStepExecutor] Persist analysis properties | status=SUCCESS | time=1ms
2022.01.17 20:22:15 INFO  ce[AX5ptFAo0ZuNbYiaGZ2T][o.s.c.t.s.ComputationStepExecutor] Persist measures | inserts=57 | status=SUCCESS | time=14ms
2022.01.17 20:22:15 INFO  ce[AX5ptFAo0ZuNbYiaGZ2T][o.s.c.t.s.ComputationStepExecutor] Persist live measures | insertsOrUpdates=620 | status=SUCCESS | time=152ms
2022.01.17 20:22:15 INFO  ce[AX5ptFAo0ZuNbYiaGZ2T][o.s.c.t.s.ComputationStepExecutor] Persist duplication data | insertsOrUpdates=0 | status=SUCCESS | time=0ms
2022.01.17 20:22:15 INFO  ce[AX5ptFAo0ZuNbYiaGZ2T][o.s.c.t.s.ComputationStepExecutor] Persist new ad hoc Rules | status=SUCCESS | time=0ms
2022.01.17 20:22:15 INFO  ce[AX5ptFAo0ZuNbYiaGZ2T][o.s.c.t.s.ComputationStepExecutor] Persist issues | cacheSize=2.5 kB | inserts=0 | updates=3 | merged=0 | status=SUCCESS | time=8ms
2022.01.17 20:22:15 INFO  ce[AX5ptFAo0ZuNbYiaGZ2T][o.s.c.t.s.ComputationStepExecutor] Persist project links | status=SUCCESS | time=2ms
2022.01.17 20:22:15 INFO  ce[AX5ptFAo0ZuNbYiaGZ2T][o.s.c.t.s.ComputationStepExecutor] Persist events | status=SUCCESS | time=3ms
2022.01.17 20:22:15 INFO  ce[AX5ptFAo0ZuNbYiaGZ2T][o.s.c.t.s.ComputationStepExecutor] Persist sources | status=SUCCESS | time=23ms
2022.01.17 20:22:15 INFO  ce[AX5ptFAo0ZuNbYiaGZ2T][o.s.c.t.s.ComputationStepExecutor] Persist cross project duplications | status=SUCCESS | time=0ms
2022.01.17 20:22:15 INFO  ce[AX5ptFAo0ZuNbYiaGZ2T][o.s.c.t.s.ComputationStepExecutor] Enable analysis | status=SUCCESS | time=1ms
2022.01.17 20:22:15 INFO  ce[AX5ptFAo0ZuNbYiaGZ2T][o.s.c.t.s.ComputationStepExecutor] Update last usage date of quality profiles | status=SUCCESS | time=5ms
2022.01.17 20:22:15 INFO  ce[AX5ptFAo0ZuNbYiaGZ2T][o.s.c.t.s.ComputationStepExecutor] Purge db | status=SUCCESS | time=26ms
2022.01.17 20:22:16 INFO  ce[AX5ptFAo0ZuNbYiaGZ2T][o.s.c.t.s.ComputationStepExecutor] Index analysis | status=SUCCESS | time=1253ms
2022.01.17 20:22:16 INFO  ce[AX5ptFAo0ZuNbYiaGZ2T][o.s.c.t.s.ComputationStepExecutor] Update need issue sync for branch | status=SUCCESS | time=2ms
2022.01.17 20:22:16 INFO  ce[AX5ptFAo0ZuNbYiaGZ2T][o.s.c.t.s.ComputationStepExecutor] Send issue notifications | newIssuesNotifs=0 | newIssuesDeliveries=0 | myNewIssuesNotifs=0 | myNewIssuesDeliveries=0 | changesNotifs=0 | changesDeliveries=0 | status=SUCCESS | time=2ms
2022.01.17 20:22:16 INFO  ce[AX5ptFAo0ZuNbYiaGZ2T][o.s.c.t.s.ComputationStepExecutor] Publish task results | status=SUCCESS | time=0ms
2022.01.17 20:22:16 INFO  ce[AX5ptFAo0ZuNbYiaGZ2T][o.s.c.t.s.ComputationStepExecutor] Trigger refresh of Portfolios and Applications | status=SUCCESS | time=0ms
2022.01.17 20:22:16 INFO  ce[AX5ptFAo0ZuNbYiaGZ2T][o.s.c.t.p.a.p.PostProjectAnalysisTasksExecutor] Webhooks | globalWebhooks=0 | projectWebhooks=0 | status=SUCCESS | time=2ms
2022.01.17 20:22:16 INFO  ce[AX5ptFAo0ZuNbYiaGZ2T][o.s.c.t.CeWorkerImpl] Executed task | project=jenkins-user-maven | type=REPORT | id=AX5ptFAo0ZuNbYiaGZ2T | submitter=jenkins-user | status=SUCCESS | time=2875ms
2022.01.17 21:26:14 INFO  ce[][o.s.p.ProcessEntryPoint] Gracefully stopping process
2022.01.17 21:26:14 INFO  ce[][o.s.ce.app.CeServer] Compute Engine is stopping...
2022.01.17 21:26:14 INFO  ce[][o.s.c.t.CeProcessingSchedulerImpl] Gracefully stopping workers...
2022.01.17 21:26:14 INFO  ce[][o.s.ce.app.CeServer] Compute Engine is stopped
