2022.01.18 21:33:51 INFO  ce[][o.s.p.ProcessEntryPoint] Starting ce
2022.01.18 21:33:51 INFO  ce[][o.s.ce.app.CeServer] Compute Engine starting up...
2022.01.18 21:33:51 INFO  ce[][o.s.s.e.EsClientProvider] Connected to local Elasticsearch: [http://localhost:9001]
2022.01.18 21:33:52 INFO  ce[][o.sonar.db.Database] Create JDBC data source for jdbc:h2:tcp://127.0.0.1:9092/sonar
2022.01.18 21:33:52 WARN  ce[][o.s.db.dialect.H2] H2 database should be used for evaluation purpose only.
2022.01.18 21:33:53 INFO  ce[][o.s.s.p.ServerFileSystemImpl] SonarQube home: /opt/sonarqube
2022.01.18 21:33:53 INFO  ce[][o.s.c.c.CePluginRepository] Load plugins
2022.01.18 21:33:55 INFO  ce[][o.s.c.c.ComputeEngineContainerImpl] Running Community edition
2022.01.18 21:33:55 INFO  ce[][o.s.ce.app.CeServer] Compute Engine is operational
2022.01.18 23:26:17 INFO  ce[][o.s.c.t.CeWorkerImpl] Execute task | project=test-alive | type=REPORT | id=AX5vgzCywu4XiNbWxD0N | submitter=jenkins-user
2022.01.18 23:26:17 INFO  ce[AX5vgzCywu4XiNbWxD0N][o.s.c.t.s.ComputationStepExecutor] Extract report | status=SUCCESS | time=14ms
2022.01.18 23:26:17 INFO  ce[AX5vgzCywu4XiNbWxD0N][o.s.c.t.s.ComputationStepExecutor] Persist scanner context | status=SUCCESS | time=9ms
2022.01.18 23:26:17 INFO  ce[AX5vgzCywu4XiNbWxD0N][o.s.c.t.s.ComputationStepExecutor] Propagate analysis warnings from scanner report | status=SUCCESS | time=32ms
2022.01.18 23:26:17 INFO  ce[AX5vgzCywu4XiNbWxD0N][o.s.c.t.s.ComputationStepExecutor] Generate analysis UUID | status=SUCCESS | time=0ms
2022.01.18 23:26:17 INFO  ce[AX5vgzCywu4XiNbWxD0N][o.s.c.t.s.ComputationStepExecutor] Load analysis metadata | status=SUCCESS | time=80ms
2022.01.18 23:26:17 INFO  ce[AX5vgzCywu4XiNbWxD0N][o.s.c.t.s.ComputationStepExecutor] Initialize | status=SUCCESS | time=0ms
2022.01.18 23:26:17 INFO  ce[AX5vgzCywu4XiNbWxD0N][o.s.c.t.s.ComputationStepExecutor] Build tree of components | components=1 | status=SUCCESS | time=23ms
2022.01.18 23:26:17 INFO  ce[AX5vgzCywu4XiNbWxD0N][o.s.c.t.s.ComputationStepExecutor] Validate project | status=SUCCESS | time=8ms
2022.01.18 23:26:21 INFO  ce[AX5vgzCywu4XiNbWxD0N][o.s.c.t.s.ComputationStepExecutor] Load quality profiles | status=SUCCESS | time=3103ms
2022.01.18 23:26:21 INFO  ce[AX5vgzCywu4XiNbWxD0N][o.s.c.t.s.ComputationStepExecutor] Load Quality gate | status=SUCCESS | time=14ms
2022.01.18 23:26:21 INFO  ce[AX5vgzCywu4XiNbWxD0N][o.s.c.t.s.ComputationStepExecutor] Load new code period | status=SUCCESS | time=16ms
2022.01.18 23:26:21 INFO  ce[AX5vgzCywu4XiNbWxD0N][o.s.c.t.s.ComputationStepExecutor] Detect file moves | reportFiles=0 | status=SUCCESS | time=1ms
2022.01.18 23:26:21 INFO  ce[AX5vgzCywu4XiNbWxD0N][o.s.c.t.s.ComputationStepExecutor] Load duplications | duplications=0 | status=SUCCESS | time=0ms
2022.01.18 23:26:21 INFO  ce[AX5vgzCywu4XiNbWxD0N][o.s.c.t.s.ComputationStepExecutor] Compute cross project duplications | status=SUCCESS | time=0ms
2022.01.18 23:26:21 INFO  ce[AX5vgzCywu4XiNbWxD0N][o.s.c.t.s.ComputationStepExecutor] Compute size measures | status=SUCCESS | time=4ms
2022.01.18 23:26:21 INFO  ce[AX5vgzCywu4XiNbWxD0N][o.s.c.t.s.ComputationStepExecutor] Compute new coverage | status=SUCCESS | time=3ms
2022.01.18 23:26:21 INFO  ce[AX5vgzCywu4XiNbWxD0N][o.s.c.t.s.ComputationStepExecutor] Compute coverage measures | status=SUCCESS | time=2ms
2022.01.18 23:26:21 INFO  ce[AX5vgzCywu4XiNbWxD0N][o.s.c.t.s.ComputationStepExecutor] Compute comment measures | status=SUCCESS | time=0ms
2022.01.18 23:26:21 INFO  ce[AX5vgzCywu4XiNbWxD0N][o.s.c.t.s.ComputationStepExecutor] Compute duplication measures | status=SUCCESS | time=2ms
2022.01.18 23:26:21 INFO  ce[AX5vgzCywu4XiNbWxD0N][o.s.c.t.s.ComputationStepExecutor] Compute size measures on new code | status=SUCCESS | time=1ms
2022.01.18 23:26:21 INFO  ce[AX5vgzCywu4XiNbWxD0N][o.s.c.t.s.ComputationStepExecutor] Compute language distribution | status=SUCCESS | time=14ms
2022.01.18 23:26:21 INFO  ce[AX5vgzCywu4XiNbWxD0N][o.s.c.t.s.ComputationStepExecutor] Compute test measures | status=SUCCESS | time=0ms
2022.01.18 23:26:21 INFO  ce[AX5vgzCywu4XiNbWxD0N][o.s.c.t.s.ComputationStepExecutor] Compute complexity measures | status=SUCCESS | time=1ms
2022.01.18 23:26:21 INFO  ce[AX5vgzCywu4XiNbWxD0N][o.s.c.t.s.ComputationStepExecutor] Load measure computers | status=SUCCESS | time=2ms
2022.01.18 23:26:21 INFO  ce[AX5vgzCywu4XiNbWxD0N][o.s.c.t.s.ComputationStepExecutor] Compute Quality Profile status | status=SUCCESS | time=4ms
2022.01.18 23:26:21 INFO  ce[AX5vgzCywu4XiNbWxD0N][o.s.c.t.s.ComputationStepExecutor] Execute component visitors | status=SUCCESS | time=42ms
2022.01.18 23:26:21 INFO  ce[AX5vgzCywu4XiNbWxD0N][o.s.c.t.s.ComputationStepExecutor] Checks executed after computation of measures | status=SUCCESS | time=0ms
2022.01.18 23:26:21 INFO  ce[AX5vgzCywu4XiNbWxD0N][o.s.c.t.s.ComputationStepExecutor] Compute Quality Gate measures | status=SUCCESS | time=11ms
2022.01.18 23:26:21 INFO  ce[AX5vgzCywu4XiNbWxD0N][o.s.c.t.s.ComputationStepExecutor] Compute Quality profile measures | status=SUCCESS | time=1ms
2022.01.18 23:26:21 INFO  ce[AX5vgzCywu4XiNbWxD0N][o.s.c.t.s.ComputationStepExecutor] Generate Quality profile events | status=SUCCESS | time=1ms
2022.01.18 23:26:21 INFO  ce[AX5vgzCywu4XiNbWxD0N][o.s.c.t.s.ComputationStepExecutor] Generate Quality gate events | status=SUCCESS | time=4ms
2022.01.18 23:26:21 INFO  ce[AX5vgzCywu4XiNbWxD0N][o.s.c.t.s.ComputationStepExecutor] Check upgrade possibility for not analyzed code files. | status=SUCCESS | time=2ms
2022.01.18 23:26:21 INFO  ce[AX5vgzCywu4XiNbWxD0N][o.s.c.t.s.ComputationStepExecutor] Persist components | status=SUCCESS | time=15ms
2022.01.18 23:26:21 INFO  ce[AX5vgzCywu4XiNbWxD0N][o.s.c.t.s.ComputationStepExecutor] Persist analysis | status=SUCCESS | time=3ms
2022.01.18 23:26:21 INFO  ce[AX5vgzCywu4XiNbWxD0N][o.s.c.t.s.ComputationStepExecutor] Persist analysis properties | status=SUCCESS | time=6ms
2022.01.18 23:26:21 INFO  ce[AX5vgzCywu4XiNbWxD0N][o.s.c.t.s.ComputationStepExecutor] Persist measures | inserts=32 | status=SUCCESS | time=39ms
2022.01.18 23:26:21 INFO  ce[AX5vgzCywu4XiNbWxD0N][o.s.c.t.s.ComputationStepExecutor] Persist live measures | insertsOrUpdates=53 | status=SUCCESS | time=31ms
2022.01.18 23:26:21 INFO  ce[AX5vgzCywu4XiNbWxD0N][o.s.c.t.s.ComputationStepExecutor] Persist duplication data | insertsOrUpdates=0 | status=SUCCESS | time=1ms
2022.01.18 23:26:21 INFO  ce[AX5vgzCywu4XiNbWxD0N][o.s.c.t.s.ComputationStepExecutor] Persist new ad hoc Rules | status=SUCCESS | time=1ms
2022.01.18 23:26:21 INFO  ce[AX5vgzCywu4XiNbWxD0N][o.s.c.t.s.ComputationStepExecutor] Persist issues | cacheSize=0 bytes | inserts=0 | updates=0 | merged=0 | status=SUCCESS | time=1ms
2022.01.18 23:26:21 INFO  ce[AX5vgzCywu4XiNbWxD0N][o.s.c.t.s.ComputationStepExecutor] Persist project links | status=SUCCESS | time=5ms
2022.01.18 23:26:21 INFO  ce[AX5vgzCywu4XiNbWxD0N][o.s.c.t.s.ComputationStepExecutor] Persist events | status=SUCCESS | time=5ms
2022.01.18 23:26:21 INFO  ce[AX5vgzCywu4XiNbWxD0N][o.s.c.t.s.ComputationStepExecutor] Persist sources | status=SUCCESS | time=3ms
2022.01.18 23:26:21 INFO  ce[AX5vgzCywu4XiNbWxD0N][o.s.c.t.s.ComputationStepExecutor] Persist cross project duplications | status=SUCCESS | time=0ms
2022.01.18 23:26:21 INFO  ce[AX5vgzCywu4XiNbWxD0N][o.s.c.t.s.ComputationStepExecutor] Enable analysis | status=SUCCESS | time=3ms
2022.01.18 23:26:21 INFO  ce[AX5vgzCywu4XiNbWxD0N][o.s.c.t.s.ComputationStepExecutor] Update last usage date of quality profiles | status=SUCCESS | time=0ms
2022.01.18 23:26:21 INFO  ce[AX5vgzCywu4XiNbWxD0N][o.s.c.t.s.ComputationStepExecutor] Purge db | status=SUCCESS | time=309ms
2022.01.18 23:26:22 INFO  ce[AX5vgzCywu4XiNbWxD0N][o.s.c.t.s.ComputationStepExecutor] Index analysis | status=SUCCESS | time=809ms
2022.01.18 23:26:22 INFO  ce[AX5vgzCywu4XiNbWxD0N][o.s.c.t.s.ComputationStepExecutor] Update need issue sync for branch | status=SUCCESS | time=2ms
2022.01.18 23:26:22 INFO  ce[AX5vgzCywu4XiNbWxD0N][o.s.c.t.s.ComputationStepExecutor] Send issue notifications | newIssuesNotifs=0 | newIssuesDeliveries=0 | myNewIssuesNotifs=0 | myNewIssuesDeliveries=0 | changesNotifs=0 | changesDeliveries=0 | status=SUCCESS | time=6ms
2022.01.18 23:26:22 INFO  ce[AX5vgzCywu4XiNbWxD0N][o.s.c.t.s.ComputationStepExecutor] Publish task results | status=SUCCESS | time=1ms
2022.01.18 23:26:22 INFO  ce[AX5vgzCywu4XiNbWxD0N][o.s.c.t.s.ComputationStepExecutor] Trigger refresh of Portfolios and Applications | status=SUCCESS | time=0ms
2022.01.18 23:26:22 INFO  ce[AX5vgzCywu4XiNbWxD0N][o.s.c.t.p.a.p.PostProjectAnalysisTasksExecutor] Webhooks | globalWebhooks=0 | projectWebhooks=0 | status=SUCCESS | time=6ms
2022.01.18 23:26:22 INFO  ce[AX5vgzCywu4XiNbWxD0N][o.s.c.t.CeWorkerImpl] Executed task | project=test-alive | type=REPORT | id=AX5vgzCywu4XiNbWxD0N | submitter=jenkins-user | status=SUCCESS | time=5318ms
2022.01.18 23:30:51 INFO  ce[][o.s.c.t.CeWorkerImpl] Execute task | project=test-alive | type=REPORT | id=AX5vh2Gtwu4XiNbWxD0O | submitter=jenkins-user
2022.01.18 23:30:51 INFO  ce[AX5vh2Gtwu4XiNbWxD0O][o.s.c.t.s.ComputationStepExecutor] Extract report | status=SUCCESS | time=13ms
2022.01.18 23:30:51 INFO  ce[AX5vh2Gtwu4XiNbWxD0O][o.s.c.t.s.ComputationStepExecutor] Persist scanner context | status=SUCCESS | time=8ms
2022.01.18 23:30:51 INFO  ce[AX5vh2Gtwu4XiNbWxD0O][o.s.c.t.s.ComputationStepExecutor] Propagate analysis warnings from scanner report | status=SUCCESS | time=11ms
2022.01.18 23:30:51 INFO  ce[AX5vh2Gtwu4XiNbWxD0O][o.s.c.t.s.ComputationStepExecutor] Generate analysis UUID | status=SUCCESS | time=0ms
2022.01.18 23:30:51 INFO  ce[AX5vh2Gtwu4XiNbWxD0O][o.s.c.t.s.ComputationStepExecutor] Load analysis metadata | status=SUCCESS | time=7ms
2022.01.18 23:30:51 INFO  ce[AX5vh2Gtwu4XiNbWxD0O][o.s.c.t.s.ComputationStepExecutor] Initialize | status=SUCCESS | time=0ms
2022.01.18 23:30:51 INFO  ce[AX5vh2Gtwu4XiNbWxD0O][o.s.c.t.s.ComputationStepExecutor] Build tree of components | components=1 | status=SUCCESS | time=4ms
2022.01.18 23:30:51 INFO  ce[AX5vh2Gtwu4XiNbWxD0O][o.s.c.t.s.ComputationStepExecutor] Validate project | status=SUCCESS | time=4ms
2022.01.18 23:30:53 INFO  ce[AX5vh2Gtwu4XiNbWxD0O][o.s.c.t.s.ComputationStepExecutor] Load quality profiles | status=SUCCESS | time=2043ms
2022.01.18 23:30:53 INFO  ce[AX5vh2Gtwu4XiNbWxD0O][o.s.c.t.s.ComputationStepExecutor] Load Quality gate | status=SUCCESS | time=4ms
2022.01.18 23:30:53 INFO  ce[AX5vh2Gtwu4XiNbWxD0O][o.s.c.t.s.ComputationStepExecutor] Load new code period | status=SUCCESS | time=3ms
2022.01.18 23:30:53 INFO  ce[AX5vh2Gtwu4XiNbWxD0O][o.s.c.t.s.ComputationStepExecutor] Detect file moves | reportFiles=0 | status=SUCCESS | time=0ms
2022.01.18 23:30:53 INFO  ce[AX5vh2Gtwu4XiNbWxD0O][o.s.c.t.s.ComputationStepExecutor] Load duplications | duplications=0 | status=SUCCESS | time=2ms
2022.01.18 23:30:53 INFO  ce[AX5vh2Gtwu4XiNbWxD0O][o.s.c.t.s.ComputationStepExecutor] Compute cross project duplications | status=SUCCESS | time=0ms
2022.01.18 23:30:53 INFO  ce[AX5vh2Gtwu4XiNbWxD0O][o.s.c.t.s.ComputationStepExecutor] Compute size measures | status=SUCCESS | time=0ms
2022.01.18 23:30:53 INFO  ce[AX5vh2Gtwu4XiNbWxD0O][o.s.c.t.s.ComputationStepExecutor] Compute new coverage | status=SUCCESS | time=0ms
2022.01.18 23:30:53 INFO  ce[AX5vh2Gtwu4XiNbWxD0O][o.s.c.t.s.ComputationStepExecutor] Compute coverage measures | status=SUCCESS | time=0ms
2022.01.18 23:30:53 INFO  ce[AX5vh2Gtwu4XiNbWxD0O][o.s.c.t.s.ComputationStepExecutor] Compute comment measures | status=SUCCESS | time=0ms
2022.01.18 23:30:53 INFO  ce[AX5vh2Gtwu4XiNbWxD0O][o.s.c.t.s.ComputationStepExecutor] Compute duplication measures | status=SUCCESS | time=0ms
2022.01.18 23:30:53 INFO  ce[AX5vh2Gtwu4XiNbWxD0O][o.s.c.t.s.ComputationStepExecutor] Compute size measures on new code | status=SUCCESS | time=0ms
2022.01.18 23:30:53 INFO  ce[AX5vh2Gtwu4XiNbWxD0O][o.s.c.t.s.ComputationStepExecutor] Compute language distribution | status=SUCCESS | time=0ms
2022.01.18 23:30:53 INFO  ce[AX5vh2Gtwu4XiNbWxD0O][o.s.c.t.s.ComputationStepExecutor] Compute test measures | status=SUCCESS | time=0ms
2022.01.18 23:30:53 INFO  ce[AX5vh2Gtwu4XiNbWxD0O][o.s.c.t.s.ComputationStepExecutor] Compute complexity measures | status=SUCCESS | time=0ms
2022.01.18 23:30:53 INFO  ce[AX5vh2Gtwu4XiNbWxD0O][o.s.c.t.s.ComputationStepExecutor] Load measure computers | status=SUCCESS | time=0ms
2022.01.18 23:30:53 INFO  ce[AX5vh2Gtwu4XiNbWxD0O][o.s.c.t.s.ComputationStepExecutor] Compute Quality Profile status | status=SUCCESS | time=2ms
2022.01.18 23:30:53 INFO  ce[AX5vh2Gtwu4XiNbWxD0O][o.s.c.t.s.ComputationStepExecutor] Execute component visitors | status=SUCCESS | time=9ms
2022.01.18 23:30:53 INFO  ce[AX5vh2Gtwu4XiNbWxD0O][o.s.c.t.s.ComputationStepExecutor] Checks executed after computation of measures | status=SUCCESS | time=0ms
2022.01.18 23:30:53 INFO  ce[AX5vh2Gtwu4XiNbWxD0O][o.s.c.t.s.ComputationStepExecutor] Compute Quality Gate measures | status=SUCCESS | time=1ms
2022.01.18 23:30:53 INFO  ce[AX5vh2Gtwu4XiNbWxD0O][o.s.c.t.s.ComputationStepExecutor] Compute Quality profile measures | status=SUCCESS | time=0ms
2022.01.18 23:30:53 INFO  ce[AX5vh2Gtwu4XiNbWxD0O][o.s.c.t.s.ComputationStepExecutor] Generate Quality profile events | status=SUCCESS | time=1ms
2022.01.18 23:30:53 INFO  ce[AX5vh2Gtwu4XiNbWxD0O][o.s.c.t.s.ComputationStepExecutor] Generate Quality gate events | status=SUCCESS | time=1ms
2022.01.18 23:30:53 INFO  ce[AX5vh2Gtwu4XiNbWxD0O][o.s.c.t.s.ComputationStepExecutor] Check upgrade possibility for not analyzed code files. | status=SUCCESS | time=0ms
2022.01.18 23:30:53 INFO  ce[AX5vh2Gtwu4XiNbWxD0O][o.s.c.t.s.ComputationStepExecutor] Persist components | status=SUCCESS | time=7ms
2022.01.18 23:30:53 INFO  ce[AX5vh2Gtwu4XiNbWxD0O][o.s.c.t.s.ComputationStepExecutor] Persist analysis | status=SUCCESS | time=1ms
2022.01.18 23:30:53 INFO  ce[AX5vh2Gtwu4XiNbWxD0O][o.s.c.t.s.ComputationStepExecutor] Persist analysis properties | status=SUCCESS | time=2ms
2022.01.18 23:30:53 INFO  ce[AX5vh2Gtwu4XiNbWxD0O][o.s.c.t.s.ComputationStepExecutor] Persist measures | inserts=32 | status=SUCCESS | time=16ms
2022.01.18 23:30:53 INFO  ce[AX5vh2Gtwu4XiNbWxD0O][o.s.c.t.s.ComputationStepExecutor] Persist live measures | insertsOrUpdates=53 | status=SUCCESS | time=48ms
2022.01.18 23:30:53 INFO  ce[AX5vh2Gtwu4XiNbWxD0O][o.s.c.t.s.ComputationStepExecutor] Persist duplication data | insertsOrUpdates=0 | status=SUCCESS | time=0ms
2022.01.18 23:30:53 INFO  ce[AX5vh2Gtwu4XiNbWxD0O][o.s.c.t.s.ComputationStepExecutor] Persist new ad hoc Rules | status=SUCCESS | time=0ms
2022.01.18 23:30:53 INFO  ce[AX5vh2Gtwu4XiNbWxD0O][o.s.c.t.s.ComputationStepExecutor] Persist issues | cacheSize=0 bytes | inserts=0 | updates=0 | merged=0 | status=SUCCESS | time=1ms
2022.01.18 23:30:53 INFO  ce[AX5vh2Gtwu4XiNbWxD0O][o.s.c.t.s.ComputationStepExecutor] Persist project links | status=SUCCESS | time=1ms
2022.01.18 23:30:53 INFO  ce[AX5vh2Gtwu4XiNbWxD0O][o.s.c.t.s.ComputationStepExecutor] Persist events | status=SUCCESS | time=3ms
2022.01.18 23:30:53 INFO  ce[AX5vh2Gtwu4XiNbWxD0O][o.s.c.t.s.ComputationStepExecutor] Persist sources | status=SUCCESS | time=1ms
2022.01.18 23:30:53 INFO  ce[AX5vh2Gtwu4XiNbWxD0O][o.s.c.t.s.ComputationStepExecutor] Persist cross project duplications | status=SUCCESS | time=0ms
2022.01.18 23:30:53 INFO  ce[AX5vh2Gtwu4XiNbWxD0O][o.s.c.t.s.ComputationStepExecutor] Enable analysis | status=SUCCESS | time=14ms
2022.01.18 23:30:53 INFO  ce[AX5vh2Gtwu4XiNbWxD0O][o.s.c.t.s.ComputationStepExecutor] Update last usage date of quality profiles | status=SUCCESS | time=0ms
2022.01.18 23:30:53 INFO  ce[AX5vh2Gtwu4XiNbWxD0O][o.s.c.t.s.ComputationStepExecutor] Purge db | status=SUCCESS | time=130ms
2022.01.18 23:30:54 INFO  ce[AX5vh2Gtwu4XiNbWxD0O][o.s.c.t.s.ComputationStepExecutor] Index analysis | status=SUCCESS | time=1022ms
2022.01.18 23:30:54 INFO  ce[AX5vh2Gtwu4XiNbWxD0O][o.s.c.t.s.ComputationStepExecutor] Update need issue sync for branch | status=SUCCESS | time=2ms
2022.01.18 23:30:54 INFO  ce[AX5vh2Gtwu4XiNbWxD0O][o.s.c.t.s.ComputationStepExecutor] Send issue notifications | newIssuesNotifs=0 | newIssuesDeliveries=0 | myNewIssuesNotifs=0 | myNewIssuesDeliveries=0 | changesNotifs=0 | changesDeliveries=0 | status=SUCCESS | time=9ms
2022.01.18 23:30:54 INFO  ce[AX5vh2Gtwu4XiNbWxD0O][o.s.c.t.s.ComputationStepExecutor] Publish task results | status=SUCCESS | time=0ms
2022.01.18 23:30:54 INFO  ce[AX5vh2Gtwu4XiNbWxD0O][o.s.c.t.s.ComputationStepExecutor] Trigger refresh of Portfolios and Applications | status=SUCCESS | time=0ms
2022.01.18 23:30:54 INFO  ce[AX5vh2Gtwu4XiNbWxD0O][o.s.c.t.p.a.p.PostProjectAnalysisTasksExecutor] Webhooks | globalWebhooks=0 | projectWebhooks=0 | status=SUCCESS | time=5ms
2022.01.18 23:30:54 INFO  ce[AX5vh2Gtwu4XiNbWxD0O][o.s.c.t.CeWorkerImpl] Executed task | project=test-alive | type=REPORT | id=AX5vh2Gtwu4XiNbWxD0O | submitter=jenkins-user | status=SUCCESS | time=3531ms
2022.01.18 23:30:54 INFO  ce[][o.s.c.t.CeWorkerImpl] Execute task | project=test-alive | type=REPORT | id=AX5vh2IUwu4XiNbWxD0P | submitter=jenkins-user
2022.01.18 23:30:54 INFO  ce[AX5vh2IUwu4XiNbWxD0P][o.s.c.t.s.ComputationStepExecutor] Extract report | status=SUCCESS | time=15ms
2022.01.18 23:30:54 INFO  ce[AX5vh2IUwu4XiNbWxD0P][o.s.c.t.s.ComputationStepExecutor] Persist scanner context | status=SUCCESS | time=36ms
2022.01.18 23:30:54 INFO  ce[AX5vh2IUwu4XiNbWxD0P][o.s.c.t.s.ComputationStepExecutor] Propagate analysis warnings from scanner report | status=SUCCESS | time=1ms
2022.01.18 23:30:54 INFO  ce[AX5vh2IUwu4XiNbWxD0P][o.s.c.t.s.ComputationStepExecutor] Generate analysis UUID | status=SUCCESS | time=1ms
2022.01.18 23:30:54 INFO  ce[AX5vh2IUwu4XiNbWxD0P][o.s.c.t.s.ComputationStepExecutor] Load analysis metadata | status=SUCCESS | time=4ms
2022.01.18 23:30:54 INFO  ce[AX5vh2IUwu4XiNbWxD0P][o.s.c.t.s.ComputationStepExecutor] Initialize | status=SUCCESS | time=0ms
2022.01.18 23:30:54 INFO  ce[AX5vh2IUwu4XiNbWxD0P][o.s.c.t.s.ComputationStepExecutor] Build tree of components | components=1 | status=SUCCESS | time=12ms
2022.01.18 23:30:55 INFO  ce[AX5vh2IUwu4XiNbWxD0P][o.s.c.t.s.ComputationStepExecutor] Validate project | status=SUCCESS | time=9ms
2022.01.18 23:30:56 INFO  ce[AX5vh2IUwu4XiNbWxD0P][o.s.c.t.s.ComputationStepExecutor] Load quality profiles | status=SUCCESS | time=1313ms
2022.01.18 23:30:56 INFO  ce[AX5vh2IUwu4XiNbWxD0P][o.s.c.t.s.ComputationStepExecutor] Load Quality gate | status=SUCCESS | time=5ms
2022.01.18 23:30:56 INFO  ce[AX5vh2IUwu4XiNbWxD0P][o.s.c.t.s.ComputationStepExecutor] Load new code period | status=SUCCESS | time=6ms
2022.01.18 23:30:56 INFO  ce[AX5vh2IUwu4XiNbWxD0P][o.s.c.t.s.ComputationStepExecutor] Detect file moves | reportFiles=0 | status=SUCCESS | time=0ms
2022.01.18 23:30:56 INFO  ce[AX5vh2IUwu4XiNbWxD0P][o.s.c.t.s.ComputationStepExecutor] Load duplications | duplications=0 | status=SUCCESS | time=0ms
2022.01.18 23:30:56 INFO  ce[AX5vh2IUwu4XiNbWxD0P][o.s.c.t.s.ComputationStepExecutor] Compute cross project duplications | status=SUCCESS | time=0ms
2022.01.18 23:30:56 INFO  ce[AX5vh2IUwu4XiNbWxD0P][o.s.c.t.s.ComputationStepExecutor] Compute size measures | status=SUCCESS | time=0ms
2022.01.18 23:30:56 INFO  ce[AX5vh2IUwu4XiNbWxD0P][o.s.c.t.s.ComputationStepExecutor] Compute new coverage | status=SUCCESS | time=0ms
2022.01.18 23:30:56 INFO  ce[AX5vh2IUwu4XiNbWxD0P][o.s.c.t.s.ComputationStepExecutor] Compute coverage measures | status=SUCCESS | time=0ms
2022.01.18 23:30:56 INFO  ce[AX5vh2IUwu4XiNbWxD0P][o.s.c.t.s.ComputationStepExecutor] Compute comment measures | status=SUCCESS | time=1ms
2022.01.18 23:30:56 INFO  ce[AX5vh2IUwu4XiNbWxD0P][o.s.c.t.s.ComputationStepExecutor] Compute duplication measures | status=SUCCESS | time=0ms
2022.01.18 23:30:56 INFO  ce[AX5vh2IUwu4XiNbWxD0P][o.s.c.t.s.ComputationStepExecutor] Compute size measures on new code | status=SUCCESS | time=0ms
2022.01.18 23:30:56 INFO  ce[AX5vh2IUwu4XiNbWxD0P][o.s.c.t.s.ComputationStepExecutor] Compute language distribution | status=SUCCESS | time=0ms
2022.01.18 23:30:56 INFO  ce[AX5vh2IUwu4XiNbWxD0P][o.s.c.t.s.ComputationStepExecutor] Compute test measures | status=SUCCESS | time=0ms
2022.01.18 23:30:56 INFO  ce[AX5vh2IUwu4XiNbWxD0P][o.s.c.t.s.ComputationStepExecutor] Compute complexity measures | status=SUCCESS | time=0ms
2022.01.18 23:30:56 INFO  ce[AX5vh2IUwu4XiNbWxD0P][o.s.c.t.s.ComputationStepExecutor] Load measure computers | status=SUCCESS | time=0ms
2022.01.18 23:30:56 INFO  ce[AX5vh2IUwu4XiNbWxD0P][o.s.c.t.s.ComputationStepExecutor] Compute Quality Profile status | status=SUCCESS | time=7ms
2022.01.18 23:30:56 INFO  ce[AX5vh2IUwu4XiNbWxD0P][o.s.c.t.s.ComputationStepExecutor] Execute component visitors | status=SUCCESS | time=18ms
2022.01.18 23:30:56 INFO  ce[AX5vh2IUwu4XiNbWxD0P][o.s.c.t.s.ComputationStepExecutor] Checks executed after computation of measures | status=SUCCESS | time=0ms
2022.01.18 23:30:56 INFO  ce[AX5vh2IUwu4XiNbWxD0P][o.s.c.t.s.ComputationStepExecutor] Compute Quality Gate measures | status=SUCCESS | time=0ms
2022.01.18 23:30:56 INFO  ce[AX5vh2IUwu4XiNbWxD0P][o.s.c.t.s.ComputationStepExecutor] Compute Quality profile measures | status=SUCCESS | time=0ms
2022.01.18 23:30:56 INFO  ce[AX5vh2IUwu4XiNbWxD0P][o.s.c.t.s.ComputationStepExecutor] Generate Quality profile events | status=SUCCESS | time=1ms
2022.01.18 23:30:56 INFO  ce[AX5vh2IUwu4XiNbWxD0P][o.s.c.t.s.ComputationStepExecutor] Generate Quality gate events | status=SUCCESS | time=2ms
2022.01.18 23:30:56 INFO  ce[AX5vh2IUwu4XiNbWxD0P][o.s.c.t.s.ComputationStepExecutor] Check upgrade possibility for not analyzed code files. | status=SUCCESS | time=0ms
2022.01.18 23:30:56 INFO  ce[AX5vh2IUwu4XiNbWxD0P][o.s.c.t.s.ComputationStepExecutor] Persist components | status=SUCCESS | time=8ms
2022.01.18 23:30:56 INFO  ce[AX5vh2IUwu4XiNbWxD0P][o.s.c.t.s.ComputationStepExecutor] Persist analysis | status=SUCCESS | time=1ms
2022.01.18 23:30:56 INFO  ce[AX5vh2IUwu4XiNbWxD0P][o.s.c.t.s.ComputationStepExecutor] Persist analysis properties | status=SUCCESS | time=2ms
2022.01.18 23:30:56 INFO  ce[AX5vh2IUwu4XiNbWxD0P][o.s.c.t.s.ComputationStepExecutor] Persist measures | inserts=32 | status=SUCCESS | time=11ms
2022.01.18 23:30:56 INFO  ce[AX5vh2IUwu4XiNbWxD0P][o.s.c.t.s.ComputationStepExecutor] Persist live measures | insertsOrUpdates=53 | status=SUCCESS | time=15ms
2022.01.18 23:30:56 INFO  ce[AX5vh2IUwu4XiNbWxD0P][o.s.c.t.s.ComputationStepExecutor] Persist duplication data | insertsOrUpdates=0 | status=SUCCESS | time=0ms
2022.01.18 23:30:56 INFO  ce[AX5vh2IUwu4XiNbWxD0P][o.s.c.t.s.ComputationStepExecutor] Persist new ad hoc Rules | status=SUCCESS | time=0ms
2022.01.18 23:30:56 INFO  ce[AX5vh2IUwu4XiNbWxD0P][o.s.c.t.s.ComputationStepExecutor] Persist issues | cacheSize=0 bytes | inserts=0 | updates=0 | merged=0 | status=SUCCESS | time=0ms
2022.01.18 23:30:56 INFO  ce[AX5vh2IUwu4XiNbWxD0P][o.s.c.t.s.ComputationStepExecutor] Persist project links | status=SUCCESS | time=2ms
2022.01.18 23:30:56 INFO  ce[AX5vh2IUwu4XiNbWxD0P][o.s.c.t.s.ComputationStepExecutor] Persist events | status=SUCCESS | time=5ms
2022.01.18 23:30:56 INFO  ce[AX5vh2IUwu4XiNbWxD0P][o.s.c.t.s.ComputationStepExecutor] Persist sources | status=SUCCESS | time=1ms
2022.01.18 23:30:56 INFO  ce[AX5vh2IUwu4XiNbWxD0P][o.s.c.t.s.ComputationStepExecutor] Persist cross project duplications | status=SUCCESS | time=0ms
2022.01.18 23:30:56 INFO  ce[AX5vh2IUwu4XiNbWxD0P][o.s.c.t.s.ComputationStepExecutor] Enable analysis | status=SUCCESS | time=2ms
2022.01.18 23:30:56 INFO  ce[AX5vh2IUwu4XiNbWxD0P][o.s.c.t.s.ComputationStepExecutor] Update last usage date of quality profiles | status=SUCCESS | time=0ms
2022.01.18 23:30:56 INFO  ce[AX5vh2IUwu4XiNbWxD0P][o.s.c.t.s.ComputationStepExecutor] Purge db | status=SUCCESS | time=30ms
2022.01.18 23:30:57 INFO  ce[AX5vh2IUwu4XiNbWxD0P][o.s.c.t.s.ComputationStepExecutor] Index analysis | status=SUCCESS | time=822ms
2022.01.18 23:30:57 INFO  ce[AX5vh2IUwu4XiNbWxD0P][o.s.c.t.s.ComputationStepExecutor] Update need issue sync for branch | status=SUCCESS | time=1ms
2022.01.18 23:30:57 INFO  ce[AX5vh2IUwu4XiNbWxD0P][o.s.c.t.s.ComputationStepExecutor] Send issue notifications | newIssuesNotifs=0 | newIssuesDeliveries=0 | myNewIssuesNotifs=0 | myNewIssuesDeliveries=0 | changesNotifs=0 | changesDeliveries=0 | status=SUCCESS | time=1ms
2022.01.18 23:30:57 INFO  ce[AX5vh2IUwu4XiNbWxD0P][o.s.c.t.s.ComputationStepExecutor] Publish task results | status=SUCCESS | time=0ms
2022.01.18 23:30:57 INFO  ce[AX5vh2IUwu4XiNbWxD0P][o.s.c.t.s.ComputationStepExecutor] Trigger refresh of Portfolios and Applications | status=SUCCESS | time=0ms
2022.01.18 23:30:57 INFO  ce[AX5vh2IUwu4XiNbWxD0P][o.s.c.t.p.a.p.PostProjectAnalysisTasksExecutor] Webhooks | globalWebhooks=0 | projectWebhooks=0 | status=SUCCESS | time=2ms
2022.01.18 23:30:57 INFO  ce[AX5vh2IUwu4XiNbWxD0P][o.s.c.t.CeWorkerImpl] Executed task | project=test-alive | type=REPORT | id=AX5vh2IUwu4XiNbWxD0P | submitter=jenkins-user | status=SUCCESS | time=2463ms
