2022.01.14 00:21:28 INFO  ce[][o.s.c.t.CeWorkerImpl] Execute task | project=maven-ejemplo | type=REPORT | id=AX5V9e92LUiAUjvCSk8O | submitter=admin
2022.01.14 00:21:28 INFO  ce[AX5V9e92LUiAUjvCSk8O][o.s.c.t.s.ComputationStepExecutor] Extract report | status=SUCCESS | time=10ms
2022.01.14 00:21:28 INFO  ce[AX5V9e92LUiAUjvCSk8O][o.s.c.t.s.ComputationStepExecutor] Persist scanner context | status=SUCCESS | time=24ms
2022.01.14 00:21:28 INFO  ce[AX5V9e92LUiAUjvCSk8O][o.s.c.t.s.ComputationStepExecutor] Propagate analysis warnings from scanner report | status=SUCCESS | time=3ms
2022.01.14 00:21:28 INFO  ce[AX5V9e92LUiAUjvCSk8O][o.s.c.t.s.ComputationStepExecutor] Generate analysis UUID | status=SUCCESS | time=0ms
2022.01.14 00:21:28 INFO  ce[AX5V9e92LUiAUjvCSk8O][o.s.c.t.s.ComputationStepExecutor] Load analysis metadata | status=SUCCESS | time=3ms
2022.01.14 00:21:28 INFO  ce[AX5V9e92LUiAUjvCSk8O][o.s.c.t.s.ComputationStepExecutor] Initialize | status=SUCCESS | time=0ms
2022.01.14 00:21:28 INFO  ce[AX5V9e92LUiAUjvCSk8O][o.s.c.t.s.ComputationStepExecutor] Build tree of components | components=12 | status=SUCCESS | time=7ms
2022.01.14 00:21:28 INFO  ce[AX5V9e92LUiAUjvCSk8O][o.s.c.t.s.ComputationStepExecutor] Validate project | status=SUCCESS | time=2ms
2022.01.14 00:21:29 INFO  ce[AX5V9e92LUiAUjvCSk8O][o.s.c.t.s.ComputationStepExecutor] Load quality profiles | status=SUCCESS | time=1188ms
2022.01.14 00:21:29 INFO  ce[AX5V9e92LUiAUjvCSk8O][o.s.c.t.s.ComputationStepExecutor] Load Quality gate | status=SUCCESS | time=4ms
2022.01.14 00:21:29 INFO  ce[AX5V9e92LUiAUjvCSk8O][o.s.c.t.s.ComputationStepExecutor] Load new code period | status=SUCCESS | time=2ms
2022.01.14 00:21:29 INFO  ce[AX5V9e92LUiAUjvCSk8O][o.s.c.t.s.ComputationStepExecutor] Detect file moves | reportFiles=6 | dbFiles=6 | addedFiles=0 | status=SUCCESS | time=2ms
2022.01.14 00:21:29 INFO  ce[AX5V9e92LUiAUjvCSk8O][o.s.c.t.s.ComputationStepExecutor] Load duplications | duplications=0 | status=SUCCESS | time=0ms
2022.01.14 00:21:29 INFO  ce[AX5V9e92LUiAUjvCSk8O][o.s.c.t.s.ComputationStepExecutor] Compute cross project duplications | status=SUCCESS | time=0ms
2022.01.14 00:21:29 INFO  ce[AX5V9e92LUiAUjvCSk8O][o.s.c.t.s.ComputationStepExecutor] Compute size measures | status=SUCCESS | time=1ms
2022.01.14 00:21:29 INFO  ce[AX5V9e92LUiAUjvCSk8O][o.s.c.t.s.ComputationStepExecutor] Compute new coverage | status=SUCCESS | time=50ms
2022.01.14 00:21:29 INFO  ce[AX5V9e92LUiAUjvCSk8O][o.s.c.t.s.ComputationStepExecutor] Compute coverage measures | status=SUCCESS | time=1ms
2022.01.14 00:21:29 INFO  ce[AX5V9e92LUiAUjvCSk8O][o.s.c.t.s.ComputationStepExecutor] Compute comment measures | status=SUCCESS | time=1ms
2022.01.14 00:21:29 INFO  ce[AX5V9e92LUiAUjvCSk8O][o.s.c.t.s.ComputationStepExecutor] Compute duplication measures | status=SUCCESS | time=0ms
2022.01.14 00:21:29 INFO  ce[AX5V9e92LUiAUjvCSk8O][o.s.c.t.s.ComputationStepExecutor] Compute size measures on new code | status=SUCCESS | time=1ms
2022.01.14 00:21:29 INFO  ce[AX5V9e92LUiAUjvCSk8O][o.s.c.t.s.ComputationStepExecutor] Compute language distribution | status=SUCCESS | time=1ms
2022.01.14 00:21:29 INFO  ce[AX5V9e92LUiAUjvCSk8O][o.s.c.t.s.ComputationStepExecutor] Compute test measures | status=SUCCESS | time=0ms
2022.01.14 00:21:29 INFO  ce[AX5V9e92LUiAUjvCSk8O][o.s.c.t.s.ComputationStepExecutor] Compute complexity measures | status=SUCCESS | time=2ms
2022.01.14 00:21:29 INFO  ce[AX5V9e92LUiAUjvCSk8O][o.s.c.t.s.ComputationStepExecutor] Load measure computers | status=SUCCESS | time=0ms
2022.01.14 00:21:29 INFO  ce[AX5V9e92LUiAUjvCSk8O][o.s.c.t.s.ComputationStepExecutor] Compute Quality Profile status | status=SUCCESS | time=6ms
2022.01.14 00:21:29 INFO  ce[AX5V9e92LUiAUjvCSk8O][o.s.c.t.s.ComputationStepExecutor] Execute component visitors | status=SUCCESS | time=116ms
2022.01.14 00:21:29 INFO  ce[AX5V9e92LUiAUjvCSk8O][o.s.c.t.s.ComputationStepExecutor] Checks executed after computation of measures | status=SUCCESS | time=0ms
2022.01.14 00:21:29 INFO  ce[AX5V9e92LUiAUjvCSk8O][o.s.c.t.s.ComputationStepExecutor] Compute Quality Gate measures | status=SUCCESS | time=13ms
2022.01.14 00:21:29 INFO  ce[AX5V9e92LUiAUjvCSk8O][o.s.c.t.s.ComputationStepExecutor] Compute Quality profile measures | status=SUCCESS | time=0ms
2022.01.14 00:21:29 INFO  ce[AX5V9e92LUiAUjvCSk8O][o.s.c.t.s.ComputationStepExecutor] Generate Quality profile events | status=SUCCESS | time=2ms
2022.01.14 00:21:29 INFO  ce[AX5V9e92LUiAUjvCSk8O][o.s.c.t.s.ComputationStepExecutor] Generate Quality gate events | status=SUCCESS | time=8ms
2022.01.14 00:21:29 INFO  ce[AX5V9e92LUiAUjvCSk8O][o.s.c.t.s.ComputationStepExecutor] Check upgrade possibility for not analyzed code files. | status=SUCCESS | time=0ms
2022.01.14 00:21:29 INFO  ce[AX5V9e92LUiAUjvCSk8O][o.s.c.t.s.ComputationStepExecutor] Persist components | status=SUCCESS | time=12ms
2022.01.14 00:21:29 INFO  ce[AX5V9e92LUiAUjvCSk8O][o.s.c.t.s.ComputationStepExecutor] Persist analysis | status=SUCCESS | time=10ms
2022.01.14 00:21:29 INFO  ce[AX5V9e92LUiAUjvCSk8O][o.s.c.t.s.ComputationStepExecutor] Persist analysis properties | status=SUCCESS | time=2ms
2022.01.14 00:21:29 INFO  ce[AX5V9e92LUiAUjvCSk8O][o.s.c.t.s.ComputationStepExecutor] Persist measures | inserts=57 | status=SUCCESS | time=20ms
2022.01.14 00:21:30 INFO  ce[AX5V9e92LUiAUjvCSk8O][o.s.c.t.s.ComputationStepExecutor] Persist live measures | insertsOrUpdates=632 | status=SUCCESS | time=223ms
2022.01.14 00:21:30 INFO  ce[AX5V9e92LUiAUjvCSk8O][o.s.c.t.s.ComputationStepExecutor] Persist duplication data | insertsOrUpdates=0 | status=SUCCESS | time=0ms
2022.01.14 00:21:30 INFO  ce[AX5V9e92LUiAUjvCSk8O][o.s.c.t.s.ComputationStepExecutor] Persist new ad hoc Rules | status=SUCCESS | time=0ms
2022.01.14 00:21:30 INFO  ce[AX5V9e92LUiAUjvCSk8O][o.s.c.t.s.ComputationStepExecutor] Persist issues | cacheSize=2.8 kB | inserts=1 | updates=3 | merged=0 | status=SUCCESS | time=6ms
2022.01.14 00:21:30 INFO  ce[AX5V9e92LUiAUjvCSk8O][o.s.c.t.s.ComputationStepExecutor] Persist project links | status=SUCCESS | time=3ms
2022.01.14 00:21:30 INFO  ce[AX5V9e92LUiAUjvCSk8O][o.s.c.t.s.ComputationStepExecutor] Persist events | status=SUCCESS | time=2ms
2022.01.14 00:21:30 INFO  ce[AX5V9e92LUiAUjvCSk8O][o.s.c.t.s.ComputationStepExecutor] Persist sources | status=SUCCESS | time=43ms
2022.01.14 00:21:30 INFO  ce[AX5V9e92LUiAUjvCSk8O][o.s.c.t.s.ComputationStepExecutor] Persist cross project duplications | status=SUCCESS | time=0ms
2022.01.14 00:21:30 INFO  ce[AX5V9e92LUiAUjvCSk8O][o.s.c.t.s.ComputationStepExecutor] Enable analysis | status=SUCCESS | time=1ms
2022.01.14 00:21:30 INFO  ce[AX5V9e92LUiAUjvCSk8O][o.s.c.t.s.ComputationStepExecutor] Update last usage date of quality profiles | status=SUCCESS | time=5ms
2022.01.14 00:21:30 INFO  ce[AX5V9e92LUiAUjvCSk8O][o.s.c.t.s.ComputationStepExecutor] Purge db | status=SUCCESS | time=35ms
2022.01.14 00:21:30 INFO  ce[AX5V9e92LUiAUjvCSk8O][o.s.c.t.s.ComputationStepExecutor] Index analysis | status=SUCCESS | time=775ms
2022.01.14 00:21:30 INFO  ce[AX5V9e92LUiAUjvCSk8O][o.s.c.t.s.ComputationStepExecutor] Update need issue sync for branch | status=SUCCESS | time=2ms
2022.01.14 00:21:30 INFO  ce[AX5V9e92LUiAUjvCSk8O][o.s.c.t.s.ComputationStepExecutor] Send issue notifications | newIssuesNotifs=0 | newIssuesDeliveries=0 | myNewIssuesNotifs=0 | myNewIssuesDeliveries=0 | changesNotifs=0 | changesDeliveries=0 | status=SUCCESS | time=1ms
2022.01.14 00:21:30 INFO  ce[AX5V9e92LUiAUjvCSk8O][o.s.c.t.s.ComputationStepExecutor] Publish task results | status=SUCCESS | time=0ms
2022.01.14 00:21:30 INFO  ce[AX5V9e92LUiAUjvCSk8O][o.s.c.t.s.ComputationStepExecutor] Trigger refresh of Portfolios and Applications | status=SUCCESS | time=0ms
2022.01.14 00:21:30 INFO  ce[AX5V9e92LUiAUjvCSk8O][o.s.c.t.p.a.p.PostProjectAnalysisTasksExecutor] Webhooks | globalWebhooks=0 | projectWebhooks=0 | status=SUCCESS | time=2ms
2022.01.14 00:21:30 INFO  ce[AX5V9e92LUiAUjvCSk8O][o.s.c.t.CeWorkerImpl] Executed task | project=maven-ejemplo | type=REPORT | id=AX5V9e92LUiAUjvCSk8O | submitter=admin | status=SUCCESS | time=2754ms
2022.01.14 00:26:55 INFO  ce[][o.s.c.t.CeWorkerImpl] Execute task | project=maven-ejemplo | type=REPORT | id=AX5V-uzBLUiAUjvCSk8P | submitter=admin
2022.01.14 00:26:55 INFO  ce[AX5V-uzBLUiAUjvCSk8P][o.s.c.t.s.ComputationStepExecutor] Extract report | status=SUCCESS | time=9ms
2022.01.14 00:26:55 INFO  ce[AX5V-uzBLUiAUjvCSk8P][o.s.c.t.s.ComputationStepExecutor] Persist scanner context | status=SUCCESS | time=13ms
2022.01.14 00:26:55 INFO  ce[AX5V-uzBLUiAUjvCSk8P][o.s.c.t.s.ComputationStepExecutor] Propagate analysis warnings from scanner report | status=SUCCESS | time=2ms
2022.01.14 00:26:55 INFO  ce[AX5V-uzBLUiAUjvCSk8P][o.s.c.t.s.ComputationStepExecutor] Generate analysis UUID | status=SUCCESS | time=0ms
2022.01.14 00:26:55 INFO  ce[AX5V-uzBLUiAUjvCSk8P][o.s.c.t.s.ComputationStepExecutor] Load analysis metadata | status=SUCCESS | time=2ms
2022.01.14 00:26:55 INFO  ce[AX5V-uzBLUiAUjvCSk8P][o.s.c.t.s.ComputationStepExecutor] Initialize | status=SUCCESS | time=0ms
2022.01.14 00:26:55 INFO  ce[AX5V-uzBLUiAUjvCSk8P][o.s.c.t.s.ComputationStepExecutor] Build tree of components | components=12 | status=SUCCESS | time=6ms
2022.01.14 00:26:55 INFO  ce[AX5V-uzBLUiAUjvCSk8P][o.s.c.t.s.ComputationStepExecutor] Validate project | status=SUCCESS | time=4ms
2022.01.14 00:26:56 INFO  ce[AX5V-uzBLUiAUjvCSk8P][o.s.c.t.s.ComputationStepExecutor] Load quality profiles | status=SUCCESS | time=1128ms
2022.01.14 00:26:56 INFO  ce[AX5V-uzBLUiAUjvCSk8P][o.s.c.t.s.ComputationStepExecutor] Load Quality gate | status=SUCCESS | time=3ms
2022.01.14 00:26:56 INFO  ce[AX5V-uzBLUiAUjvCSk8P][o.s.c.t.s.ComputationStepExecutor] Load new code period | status=SUCCESS | time=2ms
2022.01.14 00:26:56 INFO  ce[AX5V-uzBLUiAUjvCSk8P][o.s.c.t.s.ComputationStepExecutor] Detect file moves | reportFiles=6 | dbFiles=6 | addedFiles=0 | status=SUCCESS | time=2ms
2022.01.14 00:26:56 INFO  ce[AX5V-uzBLUiAUjvCSk8P][o.s.c.t.s.ComputationStepExecutor] Load duplications | duplications=0 | status=SUCCESS | time=0ms
2022.01.14 00:26:56 INFO  ce[AX5V-uzBLUiAUjvCSk8P][o.s.c.t.s.ComputationStepExecutor] Compute cross project duplications | status=SUCCESS | time=0ms
2022.01.14 00:26:56 INFO  ce[AX5V-uzBLUiAUjvCSk8P][o.s.c.t.s.ComputationStepExecutor] Compute size measures | status=SUCCESS | time=2ms
2022.01.14 00:26:57 INFO  ce[AX5V-uzBLUiAUjvCSk8P][o.s.c.t.s.ComputationStepExecutor] Compute new coverage | status=SUCCESS | time=33ms
2022.01.14 00:26:57 INFO  ce[AX5V-uzBLUiAUjvCSk8P][o.s.c.t.s.ComputationStepExecutor] Compute coverage measures | status=SUCCESS | time=1ms
2022.01.14 00:26:57 INFO  ce[AX5V-uzBLUiAUjvCSk8P][o.s.c.t.s.ComputationStepExecutor] Compute comment measures | status=SUCCESS | time=0ms
2022.01.14 00:26:57 INFO  ce[AX5V-uzBLUiAUjvCSk8P][o.s.c.t.s.ComputationStepExecutor] Compute duplication measures | status=SUCCESS | time=0ms
2022.01.14 00:26:57 INFO  ce[AX5V-uzBLUiAUjvCSk8P][o.s.c.t.s.ComputationStepExecutor] Compute size measures on new code | status=SUCCESS | time=1ms
2022.01.14 00:26:57 INFO  ce[AX5V-uzBLUiAUjvCSk8P][o.s.c.t.s.ComputationStepExecutor] Compute language distribution | status=SUCCESS | time=1ms
2022.01.14 00:26:57 INFO  ce[AX5V-uzBLUiAUjvCSk8P][o.s.c.t.s.ComputationStepExecutor] Compute test measures | status=SUCCESS | time=1ms
2022.01.14 00:26:57 INFO  ce[AX5V-uzBLUiAUjvCSk8P][o.s.c.t.s.ComputationStepExecutor] Compute complexity measures | status=SUCCESS | time=3ms
2022.01.14 00:26:57 INFO  ce[AX5V-uzBLUiAUjvCSk8P][o.s.c.t.s.ComputationStepExecutor] Load measure computers | status=SUCCESS | time=0ms
2022.01.14 00:26:57 INFO  ce[AX5V-uzBLUiAUjvCSk8P][o.s.c.t.s.ComputationStepExecutor] Compute Quality Profile status | status=SUCCESS | time=5ms
2022.01.14 00:26:57 INFO  ce[AX5V-uzBLUiAUjvCSk8P][o.s.c.t.s.ComputationStepExecutor] Execute component visitors | status=SUCCESS | time=35ms
2022.01.14 00:26:57 INFO  ce[AX5V-uzBLUiAUjvCSk8P][o.s.c.t.s.ComputationStepExecutor] Checks executed after computation of measures | status=SUCCESS | time=0ms
2022.01.14 00:26:57 INFO  ce[AX5V-uzBLUiAUjvCSk8P][o.s.c.t.s.ComputationStepExecutor] Compute Quality Gate measures | status=SUCCESS | time=1ms
2022.01.14 00:26:57 INFO  ce[AX5V-uzBLUiAUjvCSk8P][o.s.c.t.s.ComputationStepExecutor] Compute Quality profile measures | status=SUCCESS | time=0ms
2022.01.14 00:26:57 INFO  ce[AX5V-uzBLUiAUjvCSk8P][o.s.c.t.s.ComputationStepExecutor] Generate Quality profile events | status=SUCCESS | time=2ms
2022.01.14 00:26:57 INFO  ce[AX5V-uzBLUiAUjvCSk8P][o.s.c.t.s.ComputationStepExecutor] Generate Quality gate events | status=SUCCESS | time=2ms
2022.01.14 00:26:57 INFO  ce[AX5V-uzBLUiAUjvCSk8P][o.s.c.t.s.ComputationStepExecutor] Check upgrade possibility for not analyzed code files. | status=SUCCESS | time=0ms
2022.01.14 00:26:57 INFO  ce[AX5V-uzBLUiAUjvCSk8P][o.s.c.t.s.ComputationStepExecutor] Persist components | status=SUCCESS | time=5ms
2022.01.14 00:26:57 INFO  ce[AX5V-uzBLUiAUjvCSk8P][o.s.c.t.s.ComputationStepExecutor] Persist analysis | status=SUCCESS | time=1ms
2022.01.14 00:26:57 INFO  ce[AX5V-uzBLUiAUjvCSk8P][o.s.c.t.s.ComputationStepExecutor] Persist analysis properties | status=SUCCESS | time=2ms
2022.01.14 00:26:57 INFO  ce[AX5V-uzBLUiAUjvCSk8P][o.s.c.t.s.ComputationStepExecutor] Persist measures | inserts=57 | status=SUCCESS | time=13ms
2022.01.14 00:26:57 INFO  ce[AX5V-uzBLUiAUjvCSk8P][o.s.c.t.s.ComputationStepExecutor] Persist live measures | insertsOrUpdates=632 | status=SUCCESS | time=134ms
2022.01.14 00:26:57 INFO  ce[AX5V-uzBLUiAUjvCSk8P][o.s.c.t.s.ComputationStepExecutor] Persist duplication data | insertsOrUpdates=0 | status=SUCCESS | time=0ms
2022.01.14 00:26:57 INFO  ce[AX5V-uzBLUiAUjvCSk8P][o.s.c.t.s.ComputationStepExecutor] Persist new ad hoc Rules | status=SUCCESS | time=0ms
2022.01.14 00:26:57 INFO  ce[AX5V-uzBLUiAUjvCSk8P][o.s.c.t.s.ComputationStepExecutor] Persist issues | cacheSize=0 bytes | inserts=0 | updates=0 | merged=0 | status=SUCCESS | time=0ms
2022.01.14 00:26:57 INFO  ce[AX5V-uzBLUiAUjvCSk8P][o.s.c.t.s.ComputationStepExecutor] Persist project links | status=SUCCESS | time=2ms
2022.01.14 00:26:57 INFO  ce[AX5V-uzBLUiAUjvCSk8P][o.s.c.t.s.ComputationStepExecutor] Persist events | status=SUCCESS | time=2ms
2022.01.14 00:26:57 INFO  ce[AX5V-uzBLUiAUjvCSk8P][o.s.c.t.s.ComputationStepExecutor] Persist sources | status=SUCCESS | time=16ms
2022.01.14 00:26:57 INFO  ce[AX5V-uzBLUiAUjvCSk8P][o.s.c.t.s.ComputationStepExecutor] Persist cross project duplications | status=SUCCESS | time=0ms
2022.01.14 00:26:57 INFO  ce[AX5V-uzBLUiAUjvCSk8P][o.s.c.t.s.ComputationStepExecutor] Enable analysis | status=SUCCESS | time=1ms
2022.01.14 00:26:57 INFO  ce[AX5V-uzBLUiAUjvCSk8P][o.s.c.t.s.ComputationStepExecutor] Update last usage date of quality profiles | status=SUCCESS | time=2ms
2022.01.14 00:26:57 INFO  ce[AX5V-uzBLUiAUjvCSk8P][o.s.c.t.s.ComputationStepExecutor] Purge db | status=SUCCESS | time=19ms
2022.01.14 00:26:58 INFO  ce[AX5V-uzBLUiAUjvCSk8P][o.s.c.t.s.ComputationStepExecutor] Index analysis | status=SUCCESS | time=716ms
2022.01.14 00:26:58 INFO  ce[AX5V-uzBLUiAUjvCSk8P][o.s.c.t.s.ComputationStepExecutor] Update need issue sync for branch | status=SUCCESS | time=1ms
2022.01.14 00:26:58 INFO  ce[AX5V-uzBLUiAUjvCSk8P][o.s.c.t.s.ComputationStepExecutor] Send issue notifications | newIssuesNotifs=0 | newIssuesDeliveries=0 | myNewIssuesNotifs=0 | myNewIssuesDeliveries=0 | changesNotifs=0 | changesDeliveries=0 | status=SUCCESS | time=2ms
2022.01.14 00:26:58 INFO  ce[AX5V-uzBLUiAUjvCSk8P][o.s.c.t.s.ComputationStepExecutor] Publish task results | status=SUCCESS | time=0ms
2022.01.14 00:26:58 INFO  ce[AX5V-uzBLUiAUjvCSk8P][o.s.c.t.s.ComputationStepExecutor] Trigger refresh of Portfolios and Applications | status=SUCCESS | time=0ms
2022.01.14 00:26:58 INFO  ce[AX5V-uzBLUiAUjvCSk8P][o.s.c.t.p.a.p.PostProjectAnalysisTasksExecutor] Webhooks | globalWebhooks=0 | projectWebhooks=0 | status=SUCCESS | time=3ms
2022.01.14 00:26:58 INFO  ce[AX5V-uzBLUiAUjvCSk8P][o.s.c.t.CeWorkerImpl] Executed task | project=maven-ejemplo | type=REPORT | id=AX5V-uzBLUiAUjvCSk8P | submitter=admin | status=SUCCESS | time=2270ms
2022.01.14 00:38:59 INFO  ce[][o.s.c.t.CeWorkerImpl] Execute task | project=maven-ejemplo | type=REPORT | id=AX5WBftLLUiAUjvCSk8Q | submitter=admin
2022.01.14 00:38:59 INFO  ce[AX5WBftLLUiAUjvCSk8Q][o.s.c.t.s.ComputationStepExecutor] Extract report | status=SUCCESS | time=19ms
2022.01.14 00:38:59 INFO  ce[AX5WBftLLUiAUjvCSk8Q][o.s.c.t.s.ComputationStepExecutor] Persist scanner context | status=SUCCESS | time=14ms
2022.01.14 00:38:59 INFO  ce[AX5WBftLLUiAUjvCSk8Q][o.s.c.t.s.ComputationStepExecutor] Propagate analysis warnings from scanner report | status=SUCCESS | time=10ms
2022.01.14 00:38:59 INFO  ce[AX5WBftLLUiAUjvCSk8Q][o.s.c.t.s.ComputationStepExecutor] Generate analysis UUID | status=SUCCESS | time=1ms
2022.01.14 00:38:59 INFO  ce[AX5WBftLLUiAUjvCSk8Q][o.s.c.t.s.ComputationStepExecutor] Load analysis metadata | status=SUCCESS | time=3ms
2022.01.14 00:38:59 INFO  ce[AX5WBftLLUiAUjvCSk8Q][o.s.c.t.s.ComputationStepExecutor] Initialize | status=SUCCESS | time=0ms
2022.01.14 00:38:59 INFO  ce[AX5WBftLLUiAUjvCSk8Q][o.s.c.t.s.ComputationStepExecutor] Build tree of components | components=12 | status=SUCCESS | time=7ms
2022.01.14 00:38:59 INFO  ce[AX5WBftLLUiAUjvCSk8Q][o.s.c.t.s.ComputationStepExecutor] Validate project | status=SUCCESS | time=4ms
2022.01.14 00:39:01 INFO  ce[AX5WBftLLUiAUjvCSk8Q][o.s.c.t.s.ComputationStepExecutor] Load quality profiles | status=SUCCESS | time=1362ms
2022.01.14 00:39:01 INFO  ce[AX5WBftLLUiAUjvCSk8Q][o.s.c.t.s.ComputationStepExecutor] Load Quality gate | status=SUCCESS | time=2ms
2022.01.14 00:39:01 INFO  ce[AX5WBftLLUiAUjvCSk8Q][o.s.c.t.s.ComputationStepExecutor] Load new code period | status=SUCCESS | time=2ms
2022.01.14 00:39:01 INFO  ce[AX5WBftLLUiAUjvCSk8Q][o.s.c.t.s.ComputationStepExecutor] Detect file moves | reportFiles=6 | dbFiles=6 | addedFiles=0 | status=SUCCESS | time=2ms
2022.01.14 00:39:01 INFO  ce[AX5WBftLLUiAUjvCSk8Q][o.s.c.t.s.ComputationStepExecutor] Load duplications | duplications=0 | status=SUCCESS | time=1ms
2022.01.14 00:39:01 INFO  ce[AX5WBftLLUiAUjvCSk8Q][o.s.c.t.s.ComputationStepExecutor] Compute cross project duplications | status=SUCCESS | time=0ms
2022.01.14 00:39:01 INFO  ce[AX5WBftLLUiAUjvCSk8Q][o.s.c.t.s.ComputationStepExecutor] Compute size measures | status=SUCCESS | time=1ms
2022.01.14 00:39:01 INFO  ce[AX5WBftLLUiAUjvCSk8Q][o.s.c.t.s.ComputationStepExecutor] Compute new coverage | status=SUCCESS | time=42ms
2022.01.14 00:39:01 INFO  ce[AX5WBftLLUiAUjvCSk8Q][o.s.c.t.s.ComputationStepExecutor] Compute coverage measures | status=SUCCESS | time=1ms
2022.01.14 00:39:01 INFO  ce[AX5WBftLLUiAUjvCSk8Q][o.s.c.t.s.ComputationStepExecutor] Compute comment measures | status=SUCCESS | time=1ms
2022.01.14 00:39:01 INFO  ce[AX5WBftLLUiAUjvCSk8Q][o.s.c.t.s.ComputationStepExecutor] Compute duplication measures | status=SUCCESS | time=0ms
2022.01.14 00:39:01 INFO  ce[AX5WBftLLUiAUjvCSk8Q][o.s.c.t.s.ComputationStepExecutor] Compute size measures on new code | status=SUCCESS | time=1ms
2022.01.14 00:39:01 INFO  ce[AX5WBftLLUiAUjvCSk8Q][o.s.c.t.s.ComputationStepExecutor] Compute language distribution | status=SUCCESS | time=2ms
2022.01.14 00:39:01 INFO  ce[AX5WBftLLUiAUjvCSk8Q][o.s.c.t.s.ComputationStepExecutor] Compute test measures | status=SUCCESS | time=1ms
2022.01.14 00:39:01 INFO  ce[AX5WBftLLUiAUjvCSk8Q][o.s.c.t.s.ComputationStepExecutor] Compute complexity measures | status=SUCCESS | time=0ms
2022.01.14 00:39:01 INFO  ce[AX5WBftLLUiAUjvCSk8Q][o.s.c.t.s.ComputationStepExecutor] Load measure computers | status=SUCCESS | time=0ms
2022.01.14 00:39:01 INFO  ce[AX5WBftLLUiAUjvCSk8Q][o.s.c.t.s.ComputationStepExecutor] Compute Quality Profile status | status=SUCCESS | time=6ms
2022.01.14 00:39:01 INFO  ce[AX5WBftLLUiAUjvCSk8Q][o.s.c.t.s.ComputationStepExecutor] Execute component visitors | status=SUCCESS | time=34ms
2022.01.14 00:39:01 INFO  ce[AX5WBftLLUiAUjvCSk8Q][o.s.c.t.s.ComputationStepExecutor] Checks executed after computation of measures | status=SUCCESS | time=0ms
2022.01.14 00:39:01 INFO  ce[AX5WBftLLUiAUjvCSk8Q][o.s.c.t.s.ComputationStepExecutor] Compute Quality Gate measures | status=SUCCESS | time=8ms
2022.01.14 00:39:01 INFO  ce[AX5WBftLLUiAUjvCSk8Q][o.s.c.t.s.ComputationStepExecutor] Compute Quality profile measures | status=SUCCESS | time=0ms
2022.01.14 00:39:01 INFO  ce[AX5WBftLLUiAUjvCSk8Q][o.s.c.t.s.ComputationStepExecutor] Generate Quality profile events | status=SUCCESS | time=2ms
2022.01.14 00:39:01 INFO  ce[AX5WBftLLUiAUjvCSk8Q][o.s.c.t.s.ComputationStepExecutor] Generate Quality gate events | status=SUCCESS | time=2ms
2022.01.14 00:39:01 INFO  ce[AX5WBftLLUiAUjvCSk8Q][o.s.c.t.s.ComputationStepExecutor] Check upgrade possibility for not analyzed code files. | status=SUCCESS | time=0ms
2022.01.14 00:39:01 INFO  ce[AX5WBftLLUiAUjvCSk8Q][o.s.c.t.s.ComputationStepExecutor] Persist components | status=SUCCESS | time=5ms
2022.01.14 00:39:01 INFO  ce[AX5WBftLLUiAUjvCSk8Q][o.s.c.t.s.ComputationStepExecutor] Persist analysis | status=SUCCESS | time=3ms
2022.01.14 00:39:01 INFO  ce[AX5WBftLLUiAUjvCSk8Q][o.s.c.t.s.ComputationStepExecutor] Persist analysis properties | status=SUCCESS | time=2ms
2022.01.14 00:39:01 INFO  ce[AX5WBftLLUiAUjvCSk8Q][o.s.c.t.s.ComputationStepExecutor] Persist measures | inserts=57 | status=SUCCESS | time=21ms
2022.01.14 00:39:01 INFO  ce[AX5WBftLLUiAUjvCSk8Q][o.s.c.t.s.ComputationStepExecutor] Persist live measures | insertsOrUpdates=636 | status=SUCCESS | time=277ms
2022.01.14 00:39:01 INFO  ce[AX5WBftLLUiAUjvCSk8Q][o.s.c.t.s.ComputationStepExecutor] Persist duplication data | insertsOrUpdates=0 | status=SUCCESS | time=0ms
2022.01.14 00:39:01 INFO  ce[AX5WBftLLUiAUjvCSk8Q][o.s.c.t.s.ComputationStepExecutor] Persist new ad hoc Rules | status=SUCCESS | time=0ms
2022.01.14 00:39:01 INFO  ce[AX5WBftLLUiAUjvCSk8Q][o.s.c.t.s.ComputationStepExecutor] Persist issues | cacheSize=2.5 kB | inserts=4 | updates=1 | merged=0 | status=SUCCESS | time=8ms
2022.01.14 00:39:01 INFO  ce[AX5WBftLLUiAUjvCSk8Q][o.s.c.t.s.ComputationStepExecutor] Persist project links | status=SUCCESS | time=2ms
2022.01.14 00:39:01 INFO  ce[AX5WBftLLUiAUjvCSk8Q][o.s.c.t.s.ComputationStepExecutor] Persist events | status=SUCCESS | time=2ms
2022.01.14 00:39:01 INFO  ce[AX5WBftLLUiAUjvCSk8Q][o.s.c.t.s.ComputationStepExecutor] Persist sources | status=SUCCESS | time=14ms
2022.01.14 00:39:01 INFO  ce[AX5WBftLLUiAUjvCSk8Q][o.s.c.t.s.ComputationStepExecutor] Persist cross project duplications | status=SUCCESS | time=0ms
2022.01.14 00:39:01 INFO  ce[AX5WBftLLUiAUjvCSk8Q][o.s.c.t.s.ComputationStepExecutor] Enable analysis | status=SUCCESS | time=2ms
2022.01.14 00:39:01 INFO  ce[AX5WBftLLUiAUjvCSk8Q][o.s.c.t.s.ComputationStepExecutor] Update last usage date of quality profiles | status=SUCCESS | time=7ms
2022.01.14 00:39:01 INFO  ce[AX5WBftLLUiAUjvCSk8Q][o.s.c.t.s.ComputationStepExecutor] Purge db | status=SUCCESS | time=22ms
2022.01.14 00:39:02 INFO  ce[AX5WBftLLUiAUjvCSk8Q][o.s.c.t.s.ComputationStepExecutor] Index analysis | status=SUCCESS | time=900ms
2022.01.14 00:39:02 INFO  ce[AX5WBftLLUiAUjvCSk8Q][o.s.c.t.s.ComputationStepExecutor] Update need issue sync for branch | status=SUCCESS | time=2ms
2022.01.14 00:39:02 INFO  ce[AX5WBftLLUiAUjvCSk8Q][o.s.c.t.s.ComputationStepExecutor] Send issue notifications | newIssuesNotifs=0 | newIssuesDeliveries=0 | myNewIssuesNotifs=0 | myNewIssuesDeliveries=0 | changesNotifs=0 | changesDeliveries=0 | status=SUCCESS | time=2ms
2022.01.14 00:39:02 INFO  ce[AX5WBftLLUiAUjvCSk8Q][o.s.c.t.s.ComputationStepExecutor] Publish task results | status=SUCCESS | time=0ms
2022.01.14 00:39:02 INFO  ce[AX5WBftLLUiAUjvCSk8Q][o.s.c.t.s.ComputationStepExecutor] Trigger refresh of Portfolios and Applications | status=SUCCESS | time=0ms
2022.01.14 00:39:02 INFO  ce[AX5WBftLLUiAUjvCSk8Q][o.s.c.t.p.a.p.PostProjectAnalysisTasksExecutor] Webhooks | globalWebhooks=0 | projectWebhooks=0 | status=SUCCESS | time=2ms
2022.01.14 00:39:02 INFO  ce[AX5WBftLLUiAUjvCSk8Q][o.s.c.t.CeWorkerImpl] Executed task | project=maven-ejemplo | type=REPORT | id=AX5WBftLLUiAUjvCSk8Q | submitter=admin | status=SUCCESS | time=2935ms
2022.01.14 01:04:24 INFO  ce[][o.s.c.t.CeWorkerImpl] Execute task | project=maven-ejemplo | type=REPORT | id=AX5WHT3XLUiAUjvCSk8R | submitter=admin
2022.01.14 01:04:24 INFO  ce[AX5WHT3XLUiAUjvCSk8R][o.s.c.t.s.ComputationStepExecutor] Extract report | status=SUCCESS | time=10ms
2022.01.14 01:04:24 INFO  ce[AX5WHT3XLUiAUjvCSk8R][o.s.c.t.s.ComputationStepExecutor] Persist scanner context | status=SUCCESS | time=23ms
2022.01.14 01:04:24 INFO  ce[AX5WHT3XLUiAUjvCSk8R][o.s.c.t.s.ComputationStepExecutor] Propagate analysis warnings from scanner report | status=SUCCESS | time=4ms
2022.01.14 01:04:24 INFO  ce[AX5WHT3XLUiAUjvCSk8R][o.s.c.t.s.ComputationStepExecutor] Generate analysis UUID | status=SUCCESS | time=0ms
2022.01.14 01:04:24 INFO  ce[AX5WHT3XLUiAUjvCSk8R][o.s.c.t.s.ComputationStepExecutor] Load analysis metadata | status=SUCCESS | time=7ms
2022.01.14 01:04:24 INFO  ce[AX5WHT3XLUiAUjvCSk8R][o.s.c.t.s.ComputationStepExecutor] Initialize | status=SUCCESS | time=0ms
2022.01.14 01:04:24 INFO  ce[AX5WHT3XLUiAUjvCSk8R][o.s.c.t.s.ComputationStepExecutor] Build tree of components | components=12 | status=SUCCESS | time=7ms
2022.01.14 01:04:24 INFO  ce[AX5WHT3XLUiAUjvCSk8R][o.s.c.t.s.ComputationStepExecutor] Validate project | status=SUCCESS | time=3ms
2022.01.14 01:04:26 INFO  ce[AX5WHT3XLUiAUjvCSk8R][o.s.c.t.s.ComputationStepExecutor] Load quality profiles | status=SUCCESS | time=1233ms
2022.01.14 01:04:26 INFO  ce[AX5WHT3XLUiAUjvCSk8R][o.s.c.t.s.ComputationStepExecutor] Load Quality gate | status=SUCCESS | time=2ms
2022.01.14 01:04:26 INFO  ce[AX5WHT3XLUiAUjvCSk8R][o.s.c.t.s.ComputationStepExecutor] Load new code period | status=SUCCESS | time=2ms
2022.01.14 01:04:26 INFO  ce[AX5WHT3XLUiAUjvCSk8R][o.s.c.t.s.ComputationStepExecutor] Detect file moves | reportFiles=6 | dbFiles=6 | addedFiles=0 | status=SUCCESS | time=1ms
2022.01.14 01:04:26 INFO  ce[AX5WHT3XLUiAUjvCSk8R][o.s.c.t.s.ComputationStepExecutor] Load duplications | duplications=0 | status=SUCCESS | time=1ms
2022.01.14 01:04:26 INFO  ce[AX5WHT3XLUiAUjvCSk8R][o.s.c.t.s.ComputationStepExecutor] Compute cross project duplications | status=SUCCESS | time=0ms
2022.01.14 01:04:26 INFO  ce[AX5WHT3XLUiAUjvCSk8R][o.s.c.t.s.ComputationStepExecutor] Compute size measures | status=SUCCESS | time=1ms
2022.01.14 01:04:26 INFO  ce[AX5WHT3XLUiAUjvCSk8R][o.s.c.t.s.ComputationStepExecutor] Compute new coverage | status=SUCCESS | time=40ms
2022.01.14 01:04:26 INFO  ce[AX5WHT3XLUiAUjvCSk8R][o.s.c.t.s.ComputationStepExecutor] Compute coverage measures | status=SUCCESS | time=1ms
2022.01.14 01:04:26 INFO  ce[AX5WHT3XLUiAUjvCSk8R][o.s.c.t.s.ComputationStepExecutor] Compute comment measures | status=SUCCESS | time=1ms
2022.01.14 01:04:26 INFO  ce[AX5WHT3XLUiAUjvCSk8R][o.s.c.t.s.ComputationStepExecutor] Compute duplication measures | status=SUCCESS | time=0ms
2022.01.14 01:04:26 INFO  ce[AX5WHT3XLUiAUjvCSk8R][o.s.c.t.s.ComputationStepExecutor] Compute size measures on new code | status=SUCCESS | time=0ms
2022.01.14 01:04:26 INFO  ce[AX5WHT3XLUiAUjvCSk8R][o.s.c.t.s.ComputationStepExecutor] Compute language distribution | status=SUCCESS | time=0ms
2022.01.14 01:04:26 INFO  ce[AX5WHT3XLUiAUjvCSk8R][o.s.c.t.s.ComputationStepExecutor] Compute test measures | status=SUCCESS | time=0ms
2022.01.14 01:04:26 INFO  ce[AX5WHT3XLUiAUjvCSk8R][o.s.c.t.s.ComputationStepExecutor] Compute complexity measures | status=SUCCESS | time=1ms
2022.01.14 01:04:26 INFO  ce[AX5WHT3XLUiAUjvCSk8R][o.s.c.t.s.ComputationStepExecutor] Load measure computers | status=SUCCESS | time=0ms
2022.01.14 01:04:26 INFO  ce[AX5WHT3XLUiAUjvCSk8R][o.s.c.t.s.ComputationStepExecutor] Compute Quality Profile status | status=SUCCESS | time=8ms
2022.01.14 01:04:26 INFO  ce[AX5WHT3XLUiAUjvCSk8R][o.s.c.t.s.ComputationStepExecutor] Execute component visitors | status=SUCCESS | time=24ms
2022.01.14 01:04:26 INFO  ce[AX5WHT3XLUiAUjvCSk8R][o.s.c.t.s.ComputationStepExecutor] Checks executed after computation of measures | status=SUCCESS | time=0ms
2022.01.14 01:04:26 INFO  ce[AX5WHT3XLUiAUjvCSk8R][o.s.c.t.s.ComputationStepExecutor] Compute Quality Gate measures | status=SUCCESS | time=6ms
2022.01.14 01:04:26 INFO  ce[AX5WHT3XLUiAUjvCSk8R][o.s.c.t.s.ComputationStepExecutor] Compute Quality profile measures | status=SUCCESS | time=0ms
2022.01.14 01:04:26 INFO  ce[AX5WHT3XLUiAUjvCSk8R][o.s.c.t.s.ComputationStepExecutor] Generate Quality profile events | status=SUCCESS | time=2ms
2022.01.14 01:04:26 INFO  ce[AX5WHT3XLUiAUjvCSk8R][o.s.c.t.s.ComputationStepExecutor] Generate Quality gate events | status=SUCCESS | time=2ms
2022.01.14 01:04:26 INFO  ce[AX5WHT3XLUiAUjvCSk8R][o.s.c.t.s.ComputationStepExecutor] Check upgrade possibility for not analyzed code files. | status=SUCCESS | time=0ms
2022.01.14 01:04:26 INFO  ce[AX5WHT3XLUiAUjvCSk8R][o.s.c.t.s.ComputationStepExecutor] Persist components | status=SUCCESS | time=5ms
2022.01.14 01:04:26 INFO  ce[AX5WHT3XLUiAUjvCSk8R][o.s.c.t.s.ComputationStepExecutor] Persist analysis | status=SUCCESS | time=2ms
2022.01.14 01:04:26 INFO  ce[AX5WHT3XLUiAUjvCSk8R][o.s.c.t.s.ComputationStepExecutor] Persist analysis properties | status=SUCCESS | time=2ms
2022.01.14 01:04:26 INFO  ce[AX5WHT3XLUiAUjvCSk8R][o.s.c.t.s.ComputationStepExecutor] Persist measures | inserts=57 | status=SUCCESS | time=11ms
2022.01.14 01:04:26 INFO  ce[AX5WHT3XLUiAUjvCSk8R][o.s.c.t.s.ComputationStepExecutor] Persist live measures | insertsOrUpdates=614 | status=SUCCESS | time=167ms
2022.01.14 01:04:26 INFO  ce[AX5WHT3XLUiAUjvCSk8R][o.s.c.t.s.ComputationStepExecutor] Persist duplication data | insertsOrUpdates=0 | status=SUCCESS | time=0ms
2022.01.14 01:04:26 INFO  ce[AX5WHT3XLUiAUjvCSk8R][o.s.c.t.s.ComputationStepExecutor] Persist new ad hoc Rules | status=SUCCESS | time=0ms
2022.01.14 01:04:26 INFO  ce[AX5WHT3XLUiAUjvCSk8R][o.s.c.t.s.ComputationStepExecutor] Persist issues | cacheSize=4.6 kB | inserts=0 | updates=6 | merged=0 | status=SUCCESS | time=11ms
2022.01.14 01:04:26 INFO  ce[AX5WHT3XLUiAUjvCSk8R][o.s.c.t.s.ComputationStepExecutor] Persist project links | status=SUCCESS | time=2ms
2022.01.14 01:04:26 INFO  ce[AX5WHT3XLUiAUjvCSk8R][o.s.c.t.s.ComputationStepExecutor] Persist events | status=SUCCESS | time=3ms
2022.01.14 01:04:26 INFO  ce[AX5WHT3XLUiAUjvCSk8R][o.s.c.t.s.ComputationStepExecutor] Persist sources | status=SUCCESS | time=13ms
2022.01.14 01:04:26 INFO  ce[AX5WHT3XLUiAUjvCSk8R][o.s.c.t.s.ComputationStepExecutor] Persist cross project duplications | status=SUCCESS | time=0ms
2022.01.14 01:04:26 INFO  ce[AX5WHT3XLUiAUjvCSk8R][o.s.c.t.s.ComputationStepExecutor] Enable analysis | status=SUCCESS | time=1ms
2022.01.14 01:04:26 INFO  ce[AX5WHT3XLUiAUjvCSk8R][o.s.c.t.s.ComputationStepExecutor] Update last usage date of quality profiles | status=SUCCESS | time=2ms
2022.01.14 01:04:26 INFO  ce[AX5WHT3XLUiAUjvCSk8R][o.s.c.t.s.ComputationStepExecutor] Purge db | status=SUCCESS | time=22ms
2022.01.14 01:04:27 INFO  ce[AX5WHT3XLUiAUjvCSk8R][o.s.c.t.s.ComputationStepExecutor] Index analysis | status=SUCCESS | time=616ms
2022.01.14 01:04:27 INFO  ce[AX5WHT3XLUiAUjvCSk8R][o.s.c.t.s.ComputationStepExecutor] Update need issue sync for branch | status=SUCCESS | time=1ms
2022.01.14 01:04:27 INFO  ce[AX5WHT3XLUiAUjvCSk8R][o.s.c.t.s.ComputationStepExecutor] Send issue notifications | newIssuesNotifs=0 | newIssuesDeliveries=0 | myNewIssuesNotifs=0 | myNewIssuesDeliveries=0 | changesNotifs=0 | changesDeliveries=0 | status=SUCCESS | time=2ms
2022.01.14 01:04:27 INFO  ce[AX5WHT3XLUiAUjvCSk8R][o.s.c.t.s.ComputationStepExecutor] Publish task results | status=SUCCESS | time=0ms
2022.01.14 01:04:27 INFO  ce[AX5WHT3XLUiAUjvCSk8R][o.s.c.t.s.ComputationStepExecutor] Trigger refresh of Portfolios and Applications | status=SUCCESS | time=0ms
2022.01.14 01:04:27 INFO  ce[AX5WHT3XLUiAUjvCSk8R][o.s.c.t.p.a.p.PostProjectAnalysisTasksExecutor] Webhooks | globalWebhooks=0 | projectWebhooks=0 | status=SUCCESS | time=1ms
2022.01.14 01:04:27 INFO  ce[AX5WHT3XLUiAUjvCSk8R][o.s.c.t.CeWorkerImpl] Executed task | project=maven-ejemplo | type=REPORT | id=AX5WHT3XLUiAUjvCSk8R | submitter=admin | status=SUCCESS | time=2345ms
