2022.01.20 22:22:19 INFO  ce[][o.s.p.ProcessEntryPoint] Starting ce
2022.01.20 22:22:19 INFO  ce[][o.s.ce.app.CeServer] Compute Engine starting up...
2022.01.20 22:22:19 INFO  ce[][o.s.s.e.EsClientProvider] Connected to local Elasticsearch: [http://localhost:9001]
2022.01.20 22:22:20 INFO  ce[][o.sonar.db.Database] Create JDBC data source for jdbc:h2:tcp://127.0.0.1:9092/sonar
2022.01.20 22:22:20 WARN  ce[][o.s.db.dialect.H2] H2 database should be used for evaluation purpose only.
2022.01.20 22:22:22 INFO  ce[][o.s.s.p.ServerFileSystemImpl] SonarQube home: /opt/sonarqube
2022.01.20 22:22:22 INFO  ce[][o.s.c.c.CePluginRepository] Load plugins
2022.01.20 22:22:24 INFO  ce[][o.s.c.c.ComputeEngineContainerImpl] Running Community edition
2022.01.20 22:22:24 INFO  ce[][o.s.ce.app.CeServer] Compute Engine is operational
2022.01.20 22:34:09 INFO  ce[][o.s.c.t.CeWorkerImpl] Execute task | project=com.devopsusach2020:DevOpsUsach2020 | type=REPORT | id=AX55oDOgNUTSzW5_F3DM | submitter=jenkins-user
2022.01.20 22:34:09 INFO  ce[AX55oDOgNUTSzW5_F3DM][o.s.c.t.s.ComputationStepExecutor] Extract report | status=SUCCESS | time=30ms
2022.01.20 22:34:10 INFO  ce[AX55oDOgNUTSzW5_F3DM][o.s.c.t.s.ComputationStepExecutor] Persist scanner context | status=SUCCESS | time=20ms
2022.01.20 22:34:10 INFO  ce[AX55oDOgNUTSzW5_F3DM][o.s.c.t.s.ComputationStepExecutor] Propagate analysis warnings from scanner report | status=SUCCESS | time=0ms
2022.01.20 22:34:10 INFO  ce[AX55oDOgNUTSzW5_F3DM][o.s.c.t.s.ComputationStepExecutor] Generate analysis UUID | status=SUCCESS | time=0ms
2022.01.20 22:34:10 INFO  ce[AX55oDOgNUTSzW5_F3DM][o.s.c.t.s.ComputationStepExecutor] Load analysis metadata | status=SUCCESS | time=133ms
2022.01.20 22:34:10 INFO  ce[AX55oDOgNUTSzW5_F3DM][o.s.c.t.s.ComputationStepExecutor] Initialize | status=SUCCESS | time=0ms
2022.01.20 22:34:10 INFO  ce[AX55oDOgNUTSzW5_F3DM][o.s.c.t.s.ComputationStepExecutor] Build tree of components | components=12 | status=SUCCESS | time=74ms
2022.01.20 22:34:10 INFO  ce[AX55oDOgNUTSzW5_F3DM][o.s.c.t.s.ComputationStepExecutor] Validate project | status=SUCCESS | time=21ms
2022.01.20 22:34:13 INFO  ce[AX55oDOgNUTSzW5_F3DM][o.s.c.t.s.ComputationStepExecutor] Load quality profiles | status=SUCCESS | time=2844ms
2022.01.20 22:34:13 INFO  ce[AX55oDOgNUTSzW5_F3DM][o.s.c.t.s.ComputationStepExecutor] Load Quality gate | status=SUCCESS | time=19ms
2022.01.20 22:34:13 INFO  ce[AX55oDOgNUTSzW5_F3DM][o.s.c.t.s.ComputationStepExecutor] Load new code period | status=SUCCESS | time=15ms
2022.01.20 22:34:13 INFO  ce[AX55oDOgNUTSzW5_F3DM][o.s.c.t.s.ComputationStepExecutor] Detect file moves | reportFiles=6 | dbFiles=6 | addedFiles=0 | status=SUCCESS | time=9ms
2022.01.20 22:34:13 INFO  ce[AX55oDOgNUTSzW5_F3DM][o.s.c.t.s.ComputationStepExecutor] Load duplications | duplications=0 | status=SUCCESS | time=5ms
2022.01.20 22:34:13 INFO  ce[AX55oDOgNUTSzW5_F3DM][o.s.c.t.s.ComputationStepExecutor] Compute cross project duplications | status=SUCCESS | time=0ms
2022.01.20 22:34:13 INFO  ce[AX55oDOgNUTSzW5_F3DM][o.s.c.t.s.ComputationStepExecutor] Compute size measures | status=SUCCESS | time=49ms
2022.01.20 22:34:13 INFO  ce[AX55oDOgNUTSzW5_F3DM][o.s.c.t.s.ComputationStepExecutor] Compute new coverage | status=SUCCESS | time=182ms
2022.01.20 22:34:13 INFO  ce[AX55oDOgNUTSzW5_F3DM][o.s.c.t.s.ComputationStepExecutor] Compute coverage measures | status=SUCCESS | time=17ms
2022.01.20 22:34:13 INFO  ce[AX55oDOgNUTSzW5_F3DM][o.s.c.t.s.ComputationStepExecutor] Compute comment measures | status=SUCCESS | time=3ms
2022.01.20 22:34:13 INFO  ce[AX55oDOgNUTSzW5_F3DM][o.s.c.t.s.ComputationStepExecutor] Compute duplication measures | status=SUCCESS | time=3ms
2022.01.20 22:34:13 INFO  ce[AX55oDOgNUTSzW5_F3DM][o.s.c.t.s.ComputationStepExecutor] Compute size measures on new code | status=SUCCESS | time=5ms
2022.01.20 22:34:13 INFO  ce[AX55oDOgNUTSzW5_F3DM][o.s.c.t.s.ComputationStepExecutor] Compute language distribution | status=SUCCESS | time=49ms
2022.01.20 22:34:13 INFO  ce[AX55oDOgNUTSzW5_F3DM][o.s.c.t.s.ComputationStepExecutor] Compute test measures | status=SUCCESS | time=1ms
2022.01.20 22:34:13 INFO  ce[AX55oDOgNUTSzW5_F3DM][o.s.c.t.s.ComputationStepExecutor] Compute complexity measures | status=SUCCESS | time=3ms
2022.01.20 22:34:13 INFO  ce[AX55oDOgNUTSzW5_F3DM][o.s.c.t.s.ComputationStepExecutor] Load measure computers | status=SUCCESS | time=3ms
2022.01.20 22:34:13 INFO  ce[AX55oDOgNUTSzW5_F3DM][o.s.c.t.s.ComputationStepExecutor] Compute Quality Profile status | status=SUCCESS | time=43ms
2022.01.20 22:34:13 INFO  ce[AX55oDOgNUTSzW5_F3DM][o.s.c.t.s.ComputationStepExecutor] Execute component visitors | status=SUCCESS | time=91ms
2022.01.20 22:34:13 INFO  ce[AX55oDOgNUTSzW5_F3DM][o.s.c.t.s.ComputationStepExecutor] Checks executed after computation of measures | status=SUCCESS | time=1ms
2022.01.20 22:34:13 INFO  ce[AX55oDOgNUTSzW5_F3DM][o.s.c.t.s.ComputationStepExecutor] Compute Quality Gate measures | status=SUCCESS | time=12ms
2022.01.20 22:34:13 INFO  ce[AX55oDOgNUTSzW5_F3DM][o.s.c.t.s.ComputationStepExecutor] Compute Quality profile measures | status=SUCCESS | time=4ms
2022.01.20 22:34:13 INFO  ce[AX55oDOgNUTSzW5_F3DM][o.s.c.t.s.ComputationStepExecutor] Generate Quality profile events | status=SUCCESS | time=7ms
2022.01.20 22:34:13 INFO  ce[AX55oDOgNUTSzW5_F3DM][o.s.c.t.s.ComputationStepExecutor] Generate Quality gate events | status=SUCCESS | time=5ms
2022.01.20 22:34:13 INFO  ce[AX55oDOgNUTSzW5_F3DM][o.s.c.t.s.ComputationStepExecutor] Check upgrade possibility for not analyzed code files. | status=SUCCESS | time=2ms
2022.01.20 22:34:13 INFO  ce[AX55oDOgNUTSzW5_F3DM][o.s.c.t.s.ComputationStepExecutor] Persist components | status=SUCCESS | time=41ms
2022.01.20 22:34:13 INFO  ce[AX55oDOgNUTSzW5_F3DM][o.s.c.t.s.ComputationStepExecutor] Persist analysis | status=SUCCESS | time=16ms
2022.01.20 22:34:13 INFO  ce[AX55oDOgNUTSzW5_F3DM][o.s.c.t.s.ComputationStepExecutor] Persist analysis properties | status=SUCCESS | time=12ms
2022.01.20 22:34:14 INFO  ce[AX55oDOgNUTSzW5_F3DM][o.s.c.t.s.ComputationStepExecutor] Persist measures | inserts=57 | status=SUCCESS | time=125ms
2022.01.20 22:34:14 INFO  ce[AX55oDOgNUTSzW5_F3DM][o.s.c.t.s.ComputationStepExecutor] Persist live measures | insertsOrUpdates=599 | status=SUCCESS | time=439ms
2022.01.20 22:34:14 INFO  ce[AX55oDOgNUTSzW5_F3DM][o.s.c.t.s.ComputationStepExecutor] Persist duplication data | insertsOrUpdates=0 | status=SUCCESS | time=2ms
2022.01.20 22:34:14 INFO  ce[AX55oDOgNUTSzW5_F3DM][o.s.c.t.s.ComputationStepExecutor] Persist new ad hoc Rules | status=SUCCESS | time=0ms
2022.01.20 22:34:14 INFO  ce[AX55oDOgNUTSzW5_F3DM][o.s.c.t.s.ComputationStepExecutor] Persist issues | cacheSize=0 bytes | inserts=0 | updates=0 | merged=0 | status=SUCCESS | time=1ms
2022.01.20 22:34:14 INFO  ce[AX55oDOgNUTSzW5_F3DM][o.s.c.t.s.ComputationStepExecutor] Persist project links | status=SUCCESS | time=9ms
2022.01.20 22:34:14 INFO  ce[AX55oDOgNUTSzW5_F3DM][o.s.c.t.s.ComputationStepExecutor] Persist events | status=SUCCESS | time=5ms
2022.01.20 22:34:14 INFO  ce[AX55oDOgNUTSzW5_F3DM][o.s.c.t.s.ComputationStepExecutor] Persist sources | status=SUCCESS | time=86ms
2022.01.20 22:34:14 INFO  ce[AX55oDOgNUTSzW5_F3DM][o.s.c.t.s.ComputationStepExecutor] Persist cross project duplications | status=SUCCESS | time=0ms
2022.01.20 22:34:14 INFO  ce[AX55oDOgNUTSzW5_F3DM][o.s.c.t.s.ComputationStepExecutor] Enable analysis | status=SUCCESS | time=5ms
2022.01.20 22:34:14 INFO  ce[AX55oDOgNUTSzW5_F3DM][o.s.c.t.s.ComputationStepExecutor] Update last usage date of quality profiles | status=SUCCESS | time=8ms
2022.01.20 22:34:15 INFO  ce[AX55oDOgNUTSzW5_F3DM][o.s.c.t.s.ComputationStepExecutor] Purge db | status=SUCCESS | time=464ms
2022.01.20 22:34:16 INFO  ce[AX55oDOgNUTSzW5_F3DM][o.s.c.t.s.ComputationStepExecutor] Index analysis | status=SUCCESS | time=1306ms
2022.01.20 22:34:16 INFO  ce[AX55oDOgNUTSzW5_F3DM][o.s.c.t.s.ComputationStepExecutor] Update need issue sync for branch | status=SUCCESS | time=2ms
2022.01.20 22:34:16 INFO  ce[AX55oDOgNUTSzW5_F3DM][o.s.c.t.s.ComputationStepExecutor] Send issue notifications | newIssuesNotifs=0 | newIssuesDeliveries=0 | myNewIssuesNotifs=0 | myNewIssuesDeliveries=0 | changesNotifs=0 | changesDeliveries=0 | status=SUCCESS | time=5ms
2022.01.20 22:34:16 INFO  ce[AX55oDOgNUTSzW5_F3DM][o.s.c.t.s.ComputationStepExecutor] Publish task results | status=SUCCESS | time=0ms
2022.01.20 22:34:16 INFO  ce[AX55oDOgNUTSzW5_F3DM][o.s.c.t.s.ComputationStepExecutor] Trigger refresh of Portfolios and Applications | status=SUCCESS | time=0ms
2022.01.20 22:34:16 INFO  ce[AX55oDOgNUTSzW5_F3DM][o.s.c.t.p.a.p.PostProjectAnalysisTasksExecutor] Webhooks | globalWebhooks=0 | projectWebhooks=0 | status=SUCCESS | time=7ms
2022.01.20 22:34:16 INFO  ce[AX55oDOgNUTSzW5_F3DM][o.s.c.t.CeWorkerImpl] Executed task | project=com.devopsusach2020:DevOpsUsach2020 | type=REPORT | id=AX55oDOgNUTSzW5_F3DM | submitter=jenkins-user | status=SUCCESS | time=6988ms
2022.01.20 22:44:38 INFO  ce[][o.s.c.t.CeWorkerImpl] Execute task | project=sonar-github | type=REPORT | id=AX55qchyNUTSzW5_F3Dj | submitter=jenkins-user
2022.01.20 22:44:38 INFO  ce[AX55qchyNUTSzW5_F3Dj][o.s.c.t.s.ComputationStepExecutor] Extract report | status=SUCCESS | time=18ms
2022.01.20 22:44:38 INFO  ce[AX55qchyNUTSzW5_F3Dj][o.s.c.t.s.ComputationStepExecutor] Persist scanner context | status=SUCCESS | time=5ms
2022.01.20 22:44:38 INFO  ce[AX55qchyNUTSzW5_F3Dj][o.s.c.t.s.ComputationStepExecutor] Propagate analysis warnings from scanner report | status=SUCCESS | time=1ms
2022.01.20 22:44:38 INFO  ce[AX55qchyNUTSzW5_F3Dj][o.s.c.t.s.ComputationStepExecutor] Generate analysis UUID | status=SUCCESS | time=0ms
2022.01.20 22:44:38 INFO  ce[AX55qchyNUTSzW5_F3Dj][o.s.c.t.s.ComputationStepExecutor] Load analysis metadata | status=SUCCESS | time=6ms
2022.01.20 22:44:38 INFO  ce[AX55qchyNUTSzW5_F3Dj][o.s.c.t.s.ComputationStepExecutor] Initialize | status=SUCCESS | time=0ms
2022.01.20 22:44:38 INFO  ce[AX55qchyNUTSzW5_F3Dj][o.s.c.t.s.ComputationStepExecutor] Build tree of components | components=12 | status=SUCCESS | time=27ms
2022.01.20 22:44:38 INFO  ce[AX55qchyNUTSzW5_F3Dj][o.s.c.t.s.ComputationStepExecutor] Validate project | status=SUCCESS | time=19ms
2022.01.20 22:44:40 INFO  ce[AX55qchyNUTSzW5_F3Dj][o.s.c.t.s.ComputationStepExecutor] Load quality profiles | status=SUCCESS | time=1760ms
2022.01.20 22:44:40 INFO  ce[AX55qchyNUTSzW5_F3Dj][o.s.c.t.s.ComputationStepExecutor] Load Quality gate | status=SUCCESS | time=3ms
2022.01.20 22:44:40 INFO  ce[AX55qchyNUTSzW5_F3Dj][o.s.c.t.s.ComputationStepExecutor] Load new code period | status=SUCCESS | time=5ms
2022.01.20 22:44:40 INFO  ce[AX55qchyNUTSzW5_F3Dj][o.s.c.t.s.ComputationStepExecutor] Detect file moves | status=SUCCESS | time=0ms
2022.01.20 22:44:40 INFO  ce[AX55qchyNUTSzW5_F3Dj][o.s.c.t.s.ComputationStepExecutor] Load duplications | duplications=0 | status=SUCCESS | time=0ms
2022.01.20 22:44:40 INFO  ce[AX55qchyNUTSzW5_F3Dj][o.s.c.t.s.ComputationStepExecutor] Compute cross project duplications | status=SUCCESS | time=0ms
2022.01.20 22:44:40 INFO  ce[AX55qchyNUTSzW5_F3Dj][o.s.c.t.s.ComputationStepExecutor] Compute size measures | status=SUCCESS | time=2ms
2022.01.20 22:44:40 INFO  ce[AX55qchyNUTSzW5_F3Dj][o.s.c.t.s.ComputationStepExecutor] Compute new coverage | status=SUCCESS | time=1ms
2022.01.20 22:44:40 INFO  ce[AX55qchyNUTSzW5_F3Dj][o.s.c.t.s.ComputationStepExecutor] Compute coverage measures | status=SUCCESS | time=2ms
2022.01.20 22:44:40 INFO  ce[AX55qchyNUTSzW5_F3Dj][o.s.c.t.s.ComputationStepExecutor] Compute comment measures | status=SUCCESS | time=0ms
2022.01.20 22:44:40 INFO  ce[AX55qchyNUTSzW5_F3Dj][o.s.c.t.s.ComputationStepExecutor] Compute duplication measures | status=SUCCESS | time=0ms
2022.01.20 22:44:40 INFO  ce[AX55qchyNUTSzW5_F3Dj][o.s.c.t.s.ComputationStepExecutor] Compute size measures on new code | status=SUCCESS | time=1ms
2022.01.20 22:44:40 INFO  ce[AX55qchyNUTSzW5_F3Dj][o.s.c.t.s.ComputationStepExecutor] Compute language distribution | status=SUCCESS | time=2ms
2022.01.20 22:44:40 INFO  ce[AX55qchyNUTSzW5_F3Dj][o.s.c.t.s.ComputationStepExecutor] Compute test measures | status=SUCCESS | time=0ms
2022.01.20 22:44:40 INFO  ce[AX55qchyNUTSzW5_F3Dj][o.s.c.t.s.ComputationStepExecutor] Compute complexity measures | status=SUCCESS | time=1ms
2022.01.20 22:44:40 INFO  ce[AX55qchyNUTSzW5_F3Dj][o.s.c.t.s.ComputationStepExecutor] Load measure computers | status=SUCCESS | time=0ms
2022.01.20 22:44:40 INFO  ce[AX55qchyNUTSzW5_F3Dj][o.s.c.t.s.ComputationStepExecutor] Compute Quality Profile status | status=SUCCESS | time=6ms
2022.01.20 22:44:40 INFO  ce[AX55qchyNUTSzW5_F3Dj][o.s.c.t.s.ComputationStepExecutor] Execute component visitors | status=SUCCESS | time=93ms
2022.01.20 22:44:40 INFO  ce[AX55qchyNUTSzW5_F3Dj][o.s.c.t.s.ComputationStepExecutor] Checks executed after computation of measures | status=SUCCESS | time=0ms
2022.01.20 22:44:40 INFO  ce[AX55qchyNUTSzW5_F3Dj][o.s.c.t.s.ComputationStepExecutor] Compute Quality Gate measures | status=SUCCESS | time=0ms
2022.01.20 22:44:40 INFO  ce[AX55qchyNUTSzW5_F3Dj][o.s.c.t.s.ComputationStepExecutor] Compute Quality profile measures | status=SUCCESS | time=1ms
2022.01.20 22:44:40 INFO  ce[AX55qchyNUTSzW5_F3Dj][o.s.c.t.s.ComputationStepExecutor] Generate Quality profile events | status=SUCCESS | time=1ms
2022.01.20 22:44:40 INFO  ce[AX55qchyNUTSzW5_F3Dj][o.s.c.t.s.ComputationStepExecutor] Generate Quality gate events | status=SUCCESS | time=1ms
2022.01.20 22:44:40 INFO  ce[AX55qchyNUTSzW5_F3Dj][o.s.c.t.s.ComputationStepExecutor] Check upgrade possibility for not analyzed code files. | status=SUCCESS | time=0ms
2022.01.20 22:44:40 INFO  ce[AX55qchyNUTSzW5_F3Dj][o.s.c.t.s.ComputationStepExecutor] Persist components | status=SUCCESS | time=46ms
2022.01.20 22:44:40 INFO  ce[AX55qchyNUTSzW5_F3Dj][o.s.c.t.s.ComputationStepExecutor] Persist analysis | status=SUCCESS | time=1ms
2022.01.20 22:44:40 INFO  ce[AX55qchyNUTSzW5_F3Dj][o.s.c.t.s.ComputationStepExecutor] Persist analysis properties | status=SUCCESS | time=36ms
2022.01.20 22:44:40 INFO  ce[AX55qchyNUTSzW5_F3Dj][o.s.c.t.s.ComputationStepExecutor] Persist measures | inserts=55 | status=SUCCESS | time=83ms
2022.01.20 22:44:40 INFO  ce[AX55qchyNUTSzW5_F3Dj][o.s.c.t.s.ComputationStepExecutor] Persist live measures | insertsOrUpdates=396 | status=SUCCESS | time=222ms
2022.01.20 22:44:40 INFO  ce[AX55qchyNUTSzW5_F3Dj][o.s.c.t.s.ComputationStepExecutor] Persist duplication data | insertsOrUpdates=0 | status=SUCCESS | time=0ms
2022.01.20 22:44:40 INFO  ce[AX55qchyNUTSzW5_F3Dj][o.s.c.t.s.ComputationStepExecutor] Persist new ad hoc Rules | status=SUCCESS | time=0ms
2022.01.20 22:44:40 INFO  ce[AX55qchyNUTSzW5_F3Dj][o.s.c.t.s.ComputationStepExecutor] Persist issues | cacheSize=0 bytes | inserts=0 | updates=0 | merged=0 | status=SUCCESS | time=2ms
2022.01.20 22:44:40 INFO  ce[AX55qchyNUTSzW5_F3Dj][o.s.c.t.s.ComputationStepExecutor] Persist project links | status=SUCCESS | time=2ms
2022.01.20 22:44:40 INFO  ce[AX55qchyNUTSzW5_F3Dj][o.s.c.t.s.ComputationStepExecutor] Persist events | status=SUCCESS | time=2ms
2022.01.20 22:44:40 INFO  ce[AX55qchyNUTSzW5_F3Dj][o.s.c.t.s.ComputationStepExecutor] Persist sources | status=SUCCESS | time=90ms
2022.01.20 22:44:40 INFO  ce[AX55qchyNUTSzW5_F3Dj][o.s.c.t.s.ComputationStepExecutor] Persist cross project duplications | status=SUCCESS | time=0ms
2022.01.20 22:44:40 INFO  ce[AX55qchyNUTSzW5_F3Dj][o.s.c.t.s.ComputationStepExecutor] Enable analysis | status=SUCCESS | time=23ms
2022.01.20 22:44:40 INFO  ce[AX55qchyNUTSzW5_F3Dj][o.s.c.t.s.ComputationStepExecutor] Update last usage date of quality profiles | status=SUCCESS | time=3ms
2022.01.20 22:44:40 INFO  ce[AX55qchyNUTSzW5_F3Dj][o.s.c.t.s.ComputationStepExecutor] Purge db | status=SUCCESS | time=61ms
2022.01.20 22:44:41 INFO  ce[AX55qchyNUTSzW5_F3Dj][o.s.c.t.s.ComputationStepExecutor] Index analysis | status=SUCCESS | time=989ms
2022.01.20 22:44:41 INFO  ce[AX55qchyNUTSzW5_F3Dj][o.s.c.t.s.ComputationStepExecutor] Update need issue sync for branch | status=SUCCESS | time=3ms
2022.01.20 22:44:41 INFO  ce[AX55qchyNUTSzW5_F3Dj][o.s.c.t.s.ComputationStepExecutor] Send issue notifications | newIssuesNotifs=0 | newIssuesDeliveries=0 | myNewIssuesNotifs=0 | myNewIssuesDeliveries=0 | changesNotifs=0 | changesDeliveries=0 | status=SUCCESS | time=2ms
2022.01.20 22:44:41 INFO  ce[AX55qchyNUTSzW5_F3Dj][o.s.c.t.s.ComputationStepExecutor] Publish task results | status=SUCCESS | time=0ms
2022.01.20 22:44:41 INFO  ce[AX55qchyNUTSzW5_F3Dj][o.s.c.t.s.ComputationStepExecutor] Trigger refresh of Portfolios and Applications | status=SUCCESS | time=0ms
2022.01.20 22:44:42 INFO  ce[AX55qchyNUTSzW5_F3Dj][o.s.c.t.p.a.p.PostProjectAnalysisTasksExecutor] Webhooks | globalWebhooks=0 | projectWebhooks=0 | status=SUCCESS | time=6ms
2022.01.20 22:44:42 INFO  ce[AX55qchyNUTSzW5_F3Dj][o.s.c.t.CeWorkerImpl] Executed task | project=sonar-github | type=REPORT | id=AX55qchyNUTSzW5_F3Dj | submitter=jenkins-user | status=SUCCESS | time=3805ms
2022.01.20 23:15:34 INFO  ce[][o.s.c.t.CeWorkerImpl] Execute task | project=sonar-github | type=REPORT | id=AX55xhqbNUTSzW5_F3Dq | submitter=jenkins-user
2022.01.20 23:15:34 INFO  ce[AX55xhqbNUTSzW5_F3Dq][o.s.c.t.s.ComputationStepExecutor] Extract report | status=SUCCESS | time=11ms
2022.01.20 23:15:34 INFO  ce[AX55xhqbNUTSzW5_F3Dq][o.s.c.t.s.ComputationStepExecutor] Persist scanner context | status=SUCCESS | time=29ms
2022.01.20 23:15:34 INFO  ce[AX55xhqbNUTSzW5_F3Dq][o.s.c.t.s.ComputationStepExecutor] Propagate analysis warnings from scanner report | status=SUCCESS | time=0ms
2022.01.20 23:15:34 INFO  ce[AX55xhqbNUTSzW5_F3Dq][o.s.c.t.s.ComputationStepExecutor] Generate analysis UUID | status=SUCCESS | time=0ms
2022.01.20 23:15:34 INFO  ce[AX55xhqbNUTSzW5_F3Dq][o.s.c.t.s.ComputationStepExecutor] Load analysis metadata | status=SUCCESS | time=25ms
2022.01.20 23:15:34 INFO  ce[AX55xhqbNUTSzW5_F3Dq][o.s.c.t.s.ComputationStepExecutor] Initialize | status=SUCCESS | time=0ms
2022.01.20 23:15:34 INFO  ce[AX55xhqbNUTSzW5_F3Dq][o.s.c.t.s.ComputationStepExecutor] Build tree of components | components=12 | status=SUCCESS | time=62ms
2022.01.20 23:15:34 INFO  ce[AX55xhqbNUTSzW5_F3Dq][o.s.c.t.s.ComputationStepExecutor] Validate project | status=SUCCESS | time=13ms
2022.01.20 23:15:36 INFO  ce[AX55xhqbNUTSzW5_F3Dq][o.s.c.t.s.ComputationStepExecutor] Load quality profiles | status=SUCCESS | time=1901ms
2022.01.20 23:15:36 INFO  ce[AX55xhqbNUTSzW5_F3Dq][o.s.c.t.s.ComputationStepExecutor] Load Quality gate | status=SUCCESS | time=33ms
2022.01.20 23:15:36 INFO  ce[AX55xhqbNUTSzW5_F3Dq][o.s.c.t.s.ComputationStepExecutor] Load new code period | status=SUCCESS | time=3ms
2022.01.20 23:15:36 INFO  ce[AX55xhqbNUTSzW5_F3Dq][o.s.c.t.s.ComputationStepExecutor] Detect file moves | reportFiles=6 | dbFiles=6 | addedFiles=0 | status=SUCCESS | time=71ms
2022.01.20 23:15:36 INFO  ce[AX55xhqbNUTSzW5_F3Dq][o.s.c.t.s.ComputationStepExecutor] Load duplications | duplications=0 | status=SUCCESS | time=0ms
2022.01.20 23:15:36 INFO  ce[AX55xhqbNUTSzW5_F3Dq][o.s.c.t.s.ComputationStepExecutor] Compute cross project duplications | status=SUCCESS | time=0ms
2022.01.20 23:15:36 INFO  ce[AX55xhqbNUTSzW5_F3Dq][o.s.c.t.s.ComputationStepExecutor] Compute size measures | status=SUCCESS | time=17ms
2022.01.20 23:15:36 INFO  ce[AX55xhqbNUTSzW5_F3Dq][o.s.c.t.s.ComputationStepExecutor] Compute new coverage | status=SUCCESS | time=117ms
2022.01.20 23:15:36 INFO  ce[AX55xhqbNUTSzW5_F3Dq][o.s.c.t.s.ComputationStepExecutor] Compute coverage measures | status=SUCCESS | time=1ms
2022.01.20 23:15:36 INFO  ce[AX55xhqbNUTSzW5_F3Dq][o.s.c.t.s.ComputationStepExecutor] Compute comment measures | status=SUCCESS | time=7ms
2022.01.20 23:15:36 INFO  ce[AX55xhqbNUTSzW5_F3Dq][o.s.c.t.s.ComputationStepExecutor] Compute duplication measures | status=SUCCESS | time=0ms
2022.01.20 23:15:36 INFO  ce[AX55xhqbNUTSzW5_F3Dq][o.s.c.t.s.ComputationStepExecutor] Compute size measures on new code | status=SUCCESS | time=0ms
2022.01.20 23:15:36 INFO  ce[AX55xhqbNUTSzW5_F3Dq][o.s.c.t.s.ComputationStepExecutor] Compute language distribution | status=SUCCESS | time=3ms
2022.01.20 23:15:36 INFO  ce[AX55xhqbNUTSzW5_F3Dq][o.s.c.t.s.ComputationStepExecutor] Compute test measures | status=SUCCESS | time=0ms
2022.01.20 23:15:36 INFO  ce[AX55xhqbNUTSzW5_F3Dq][o.s.c.t.s.ComputationStepExecutor] Compute complexity measures | status=SUCCESS | time=1ms
2022.01.20 23:15:36 INFO  ce[AX55xhqbNUTSzW5_F3Dq][o.s.c.t.s.ComputationStepExecutor] Load measure computers | status=SUCCESS | time=0ms
2022.01.20 23:15:36 INFO  ce[AX55xhqbNUTSzW5_F3Dq][o.s.c.t.s.ComputationStepExecutor] Compute Quality Profile status | status=SUCCESS | time=9ms
2022.01.20 23:15:36 INFO  ce[AX55xhqbNUTSzW5_F3Dq][o.s.c.t.s.ComputationStepExecutor] Execute component visitors | status=SUCCESS | time=104ms
2022.01.20 23:15:36 INFO  ce[AX55xhqbNUTSzW5_F3Dq][o.s.c.t.s.ComputationStepExecutor] Checks executed after computation of measures | status=SUCCESS | time=0ms
2022.01.20 23:15:36 INFO  ce[AX55xhqbNUTSzW5_F3Dq][o.s.c.t.s.ComputationStepExecutor] Compute Quality Gate measures | status=SUCCESS | time=1ms
2022.01.20 23:15:36 INFO  ce[AX55xhqbNUTSzW5_F3Dq][o.s.c.t.s.ComputationStepExecutor] Compute Quality profile measures | status=SUCCESS | time=0ms
2022.01.20 23:15:36 INFO  ce[AX55xhqbNUTSzW5_F3Dq][o.s.c.t.s.ComputationStepExecutor] Generate Quality profile events | status=SUCCESS | time=19ms
2022.01.20 23:15:37 INFO  ce[AX55xhqbNUTSzW5_F3Dq][o.s.c.t.s.ComputationStepExecutor] Generate Quality gate events | status=SUCCESS | time=18ms
2022.01.20 23:15:37 INFO  ce[AX55xhqbNUTSzW5_F3Dq][o.s.c.t.s.ComputationStepExecutor] Check upgrade possibility for not analyzed code files. | status=SUCCESS | time=0ms
2022.01.20 23:15:37 INFO  ce[AX55xhqbNUTSzW5_F3Dq][o.s.c.t.s.ComputationStepExecutor] Persist components | status=SUCCESS | time=35ms
2022.01.20 23:15:37 INFO  ce[AX55xhqbNUTSzW5_F3Dq][o.s.c.t.s.ComputationStepExecutor] Persist analysis | status=SUCCESS | time=3ms
2022.01.20 23:15:37 INFO  ce[AX55xhqbNUTSzW5_F3Dq][o.s.c.t.s.ComputationStepExecutor] Persist analysis properties | status=SUCCESS | time=16ms
2022.01.20 23:15:37 INFO  ce[AX55xhqbNUTSzW5_F3Dq][o.s.c.t.s.ComputationStepExecutor] Persist measures | inserts=57 | status=SUCCESS | time=101ms
2022.01.20 23:15:37 INFO  ce[AX55xhqbNUTSzW5_F3Dq][o.s.c.t.s.ComputationStepExecutor] Persist live measures | insertsOrUpdates=596 | status=SUCCESS | time=402ms
2022.01.20 23:15:37 INFO  ce[AX55xhqbNUTSzW5_F3Dq][o.s.c.t.s.ComputationStepExecutor] Persist duplication data | insertsOrUpdates=0 | status=SUCCESS | time=1ms
2022.01.20 23:15:37 INFO  ce[AX55xhqbNUTSzW5_F3Dq][o.s.c.t.s.ComputationStepExecutor] Persist new ad hoc Rules | status=SUCCESS | time=0ms
2022.01.20 23:15:37 INFO  ce[AX55xhqbNUTSzW5_F3Dq][o.s.c.t.s.ComputationStepExecutor] Persist issues | cacheSize=0 bytes | inserts=0 | updates=0 | merged=0 | status=SUCCESS | time=0ms
2022.01.20 23:15:37 INFO  ce[AX55xhqbNUTSzW5_F3Dq][o.s.c.t.s.ComputationStepExecutor] Persist project links | status=SUCCESS | time=3ms
2022.01.20 23:15:37 INFO  ce[AX55xhqbNUTSzW5_F3Dq][o.s.c.t.s.ComputationStepExecutor] Persist events | status=SUCCESS | time=2ms
2022.01.20 23:15:37 INFO  ce[AX55xhqbNUTSzW5_F3Dq][o.s.c.t.s.ComputationStepExecutor] Persist sources | status=SUCCESS | time=58ms
2022.01.20 23:15:37 INFO  ce[AX55xhqbNUTSzW5_F3Dq][o.s.c.t.s.ComputationStepExecutor] Persist cross project duplications | status=SUCCESS | time=0ms
2022.01.20 23:15:37 INFO  ce[AX55xhqbNUTSzW5_F3Dq][o.s.c.t.s.ComputationStepExecutor] Enable analysis | status=SUCCESS | time=3ms
2022.01.20 23:15:37 INFO  ce[AX55xhqbNUTSzW5_F3Dq][o.s.c.t.s.ComputationStepExecutor] Update last usage date of quality profiles | status=SUCCESS | time=10ms
2022.01.20 23:15:37 INFO  ce[AX55xhqbNUTSzW5_F3Dq][o.s.c.t.s.ComputationStepExecutor] Purge db | status=SUCCESS | time=97ms
2022.01.20 23:15:38 INFO  ce[AX55xhqbNUTSzW5_F3Dq][o.s.c.t.s.ComputationStepExecutor] Index analysis | status=SUCCESS | time=924ms
2022.01.20 23:15:38 INFO  ce[AX55xhqbNUTSzW5_F3Dq][o.s.c.t.s.ComputationStepExecutor] Update need issue sync for branch | status=SUCCESS | time=1ms
2022.01.20 23:15:38 INFO  ce[AX55xhqbNUTSzW5_F3Dq][o.s.c.t.s.ComputationStepExecutor] Send issue notifications | newIssuesNotifs=0 | newIssuesDeliveries=0 | myNewIssuesNotifs=0 | myNewIssuesDeliveries=0 | changesNotifs=0 | changesDeliveries=0 | status=SUCCESS | time=3ms
2022.01.20 23:15:38 INFO  ce[AX55xhqbNUTSzW5_F3Dq][o.s.c.t.s.ComputationStepExecutor] Publish task results | status=SUCCESS | time=0ms
2022.01.20 23:15:38 INFO  ce[AX55xhqbNUTSzW5_F3Dq][o.s.c.t.s.ComputationStepExecutor] Trigger refresh of Portfolios and Applications | status=SUCCESS | time=0ms
2022.01.20 23:15:38 INFO  ce[AX55xhqbNUTSzW5_F3Dq][o.s.c.t.p.a.p.PostProjectAnalysisTasksExecutor] Webhooks | globalWebhooks=0 | projectWebhooks=0 | status=SUCCESS | time=3ms
2022.01.20 23:15:38 INFO  ce[AX55xhqbNUTSzW5_F3Dq][o.s.c.t.CeWorkerImpl] Executed task | project=sonar-github | type=REPORT | id=AX55xhqbNUTSzW5_F3Dq | submitter=jenkins-user | status=SUCCESS | time=4479ms
2022.01.20 23:26:32 INFO  ce[][o.s.c.t.CeWorkerImpl] Execute task | project=sonar-github | type=REPORT | id=AX550CL_NUTSzW5_F3Dr | submitter=jenkins-user
2022.01.20 23:26:32 INFO  ce[AX550CL_NUTSzW5_F3Dr][o.s.c.t.s.ComputationStepExecutor] Extract report | status=SUCCESS | time=8ms
2022.01.20 23:26:32 INFO  ce[AX550CL_NUTSzW5_F3Dr][o.s.c.t.s.ComputationStepExecutor] Persist scanner context | status=SUCCESS | time=56ms
2022.01.20 23:26:32 INFO  ce[AX550CL_NUTSzW5_F3Dr][o.s.c.t.s.ComputationStepExecutor] Propagate analysis warnings from scanner report | status=SUCCESS | time=0ms
2022.01.20 23:26:32 INFO  ce[AX550CL_NUTSzW5_F3Dr][o.s.c.t.s.ComputationStepExecutor] Generate analysis UUID | status=SUCCESS | time=0ms
2022.01.20 23:26:32 INFO  ce[AX550CL_NUTSzW5_F3Dr][o.s.c.t.s.ComputationStepExecutor] Load analysis metadata | status=SUCCESS | time=2ms
2022.01.20 23:26:32 INFO  ce[AX550CL_NUTSzW5_F3Dr][o.s.c.t.s.ComputationStepExecutor] Initialize | status=SUCCESS | time=0ms
2022.01.20 23:26:32 INFO  ce[AX550CL_NUTSzW5_F3Dr][o.s.c.t.s.ComputationStepExecutor] Build tree of components | components=12 | status=SUCCESS | time=6ms
2022.01.20 23:26:32 INFO  ce[AX550CL_NUTSzW5_F3Dr][o.s.c.t.s.ComputationStepExecutor] Validate project | status=SUCCESS | time=62ms
2022.01.20 23:26:34 INFO  ce[AX550CL_NUTSzW5_F3Dr][o.s.c.t.s.ComputationStepExecutor] Load quality profiles | status=SUCCESS | time=2018ms
2022.01.20 23:26:34 INFO  ce[AX550CL_NUTSzW5_F3Dr][o.s.c.t.s.ComputationStepExecutor] Load Quality gate | status=SUCCESS | time=9ms
2022.01.20 23:26:34 INFO  ce[AX550CL_NUTSzW5_F3Dr][o.s.c.t.s.ComputationStepExecutor] Load new code period | status=SUCCESS | time=55ms
2022.01.20 23:26:34 INFO  ce[AX550CL_NUTSzW5_F3Dr][o.s.c.t.s.ComputationStepExecutor] Detect file moves | reportFiles=6 | dbFiles=6 | addedFiles=0 | status=SUCCESS | time=3ms
2022.01.20 23:26:34 INFO  ce[AX550CL_NUTSzW5_F3Dr][o.s.c.t.s.ComputationStepExecutor] Load duplications | duplications=0 | status=SUCCESS | time=0ms
2022.01.20 23:26:34 INFO  ce[AX550CL_NUTSzW5_F3Dr][o.s.c.t.s.ComputationStepExecutor] Compute cross project duplications | status=SUCCESS | time=0ms
2022.01.20 23:26:34 INFO  ce[AX550CL_NUTSzW5_F3Dr][o.s.c.t.s.ComputationStepExecutor] Compute size measures | status=SUCCESS | time=1ms
2022.01.20 23:26:34 INFO  ce[AX550CL_NUTSzW5_F3Dr][o.s.c.t.s.ComputationStepExecutor] Compute new coverage | status=SUCCESS | time=146ms
2022.01.20 23:26:34 INFO  ce[AX550CL_NUTSzW5_F3Dr][o.s.c.t.s.ComputationStepExecutor] Compute coverage measures | status=SUCCESS | time=3ms
2022.01.20 23:26:34 INFO  ce[AX550CL_NUTSzW5_F3Dr][o.s.c.t.s.ComputationStepExecutor] Compute comment measures | status=SUCCESS | time=0ms
2022.01.20 23:26:34 INFO  ce[AX550CL_NUTSzW5_F3Dr][o.s.c.t.s.ComputationStepExecutor] Compute duplication measures | status=SUCCESS | time=1ms
2022.01.20 23:26:34 INFO  ce[AX550CL_NUTSzW5_F3Dr][o.s.c.t.s.ComputationStepExecutor] Compute size measures on new code | status=SUCCESS | time=1ms
2022.01.20 23:26:34 INFO  ce[AX550CL_NUTSzW5_F3Dr][o.s.c.t.s.ComputationStepExecutor] Compute language distribution | status=SUCCESS | time=1ms
2022.01.20 23:26:34 INFO  ce[AX550CL_NUTSzW5_F3Dr][o.s.c.t.s.ComputationStepExecutor] Compute test measures | status=SUCCESS | time=1ms
2022.01.20 23:26:34 INFO  ce[AX550CL_NUTSzW5_F3Dr][o.s.c.t.s.ComputationStepExecutor] Compute complexity measures | status=SUCCESS | time=1ms
2022.01.20 23:26:34 INFO  ce[AX550CL_NUTSzW5_F3Dr][o.s.c.t.s.ComputationStepExecutor] Load measure computers | status=SUCCESS | time=0ms
2022.01.20 23:26:34 INFO  ce[AX550CL_NUTSzW5_F3Dr][o.s.c.t.s.ComputationStepExecutor] Compute Quality Profile status | status=SUCCESS | time=18ms
2022.01.20 23:26:34 INFO  ce[AX550CL_NUTSzW5_F3Dr][o.s.c.t.s.ComputationStepExecutor] Execute component visitors | status=SUCCESS | time=36ms
2022.01.20 23:26:34 INFO  ce[AX550CL_NUTSzW5_F3Dr][o.s.c.t.s.ComputationStepExecutor] Checks executed after computation of measures | status=SUCCESS | time=0ms
2022.01.20 23:26:34 INFO  ce[AX550CL_NUTSzW5_F3Dr][o.s.c.t.s.ComputationStepExecutor] Compute Quality Gate measures | status=SUCCESS | time=0ms
2022.01.20 23:26:34 INFO  ce[AX550CL_NUTSzW5_F3Dr][o.s.c.t.s.ComputationStepExecutor] Compute Quality profile measures | status=SUCCESS | time=0ms
2022.01.20 23:26:34 INFO  ce[AX550CL_NUTSzW5_F3Dr][o.s.c.t.s.ComputationStepExecutor] Generate Quality profile events | status=SUCCESS | time=2ms
2022.01.20 23:26:34 INFO  ce[AX550CL_NUTSzW5_F3Dr][o.s.c.t.s.ComputationStepExecutor] Generate Quality gate events | status=SUCCESS | time=7ms
2022.01.20 23:26:34 INFO  ce[AX550CL_NUTSzW5_F3Dr][o.s.c.t.s.ComputationStepExecutor] Check upgrade possibility for not analyzed code files. | status=SUCCESS | time=0ms
2022.01.20 23:26:34 INFO  ce[AX550CL_NUTSzW5_F3Dr][o.s.c.t.s.ComputationStepExecutor] Persist components | status=SUCCESS | time=12ms
2022.01.20 23:26:34 INFO  ce[AX550CL_NUTSzW5_F3Dr][o.s.c.t.s.ComputationStepExecutor] Persist analysis | status=SUCCESS | time=2ms
2022.01.20 23:26:34 INFO  ce[AX550CL_NUTSzW5_F3Dr][o.s.c.t.s.ComputationStepExecutor] Persist analysis properties | status=SUCCESS | time=10ms
2022.01.20 23:26:34 INFO  ce[AX550CL_NUTSzW5_F3Dr][o.s.c.t.s.ComputationStepExecutor] Persist measures | inserts=57 | status=SUCCESS | time=45ms
2022.01.20 23:26:35 INFO  ce[AX550CL_NUTSzW5_F3Dr][o.s.c.t.s.ComputationStepExecutor] Persist live measures | insertsOrUpdates=596 | status=SUCCESS | time=508ms
2022.01.20 23:26:35 INFO  ce[AX550CL_NUTSzW5_F3Dr][o.s.c.t.s.ComputationStepExecutor] Persist duplication data | insertsOrUpdates=0 | status=SUCCESS | time=0ms
2022.01.20 23:26:35 INFO  ce[AX550CL_NUTSzW5_F3Dr][o.s.c.t.s.ComputationStepExecutor] Persist new ad hoc Rules | status=SUCCESS | time=0ms
2022.01.20 23:26:35 INFO  ce[AX550CL_NUTSzW5_F3Dr][o.s.c.t.s.ComputationStepExecutor] Persist issues | cacheSize=0 bytes | inserts=0 | updates=0 | merged=0 | status=SUCCESS | time=0ms
2022.01.20 23:26:35 INFO  ce[AX550CL_NUTSzW5_F3Dr][o.s.c.t.s.ComputationStepExecutor] Persist project links | status=SUCCESS | time=3ms
2022.01.20 23:26:35 INFO  ce[AX550CL_NUTSzW5_F3Dr][o.s.c.t.s.ComputationStepExecutor] Persist events | status=SUCCESS | time=1ms
2022.01.20 23:26:35 INFO  ce[AX550CL_NUTSzW5_F3Dr][o.s.c.t.s.ComputationStepExecutor] Persist sources | status=SUCCESS | time=35ms
2022.01.20 23:26:35 INFO  ce[AX550CL_NUTSzW5_F3Dr][o.s.c.t.s.ComputationStepExecutor] Persist cross project duplications | status=SUCCESS | time=0ms
2022.01.20 23:26:35 INFO  ce[AX550CL_NUTSzW5_F3Dr][o.s.c.t.s.ComputationStepExecutor] Enable analysis | status=SUCCESS | time=3ms
2022.01.20 23:26:35 INFO  ce[AX550CL_NUTSzW5_F3Dr][o.s.c.t.s.ComputationStepExecutor] Update last usage date of quality profiles | status=SUCCESS | time=15ms
2022.01.20 23:26:35 INFO  ce[AX550CL_NUTSzW5_F3Dr][o.s.c.t.s.ComputationStepExecutor] Purge db | status=SUCCESS | time=67ms
2022.01.20 23:26:36 INFO  ce[AX550CL_NUTSzW5_F3Dr][o.s.c.t.s.ComputationStepExecutor] Index analysis | status=SUCCESS | time=848ms
2022.01.20 23:26:36 INFO  ce[AX550CL_NUTSzW5_F3Dr][o.s.c.t.s.ComputationStepExecutor] Update need issue sync for branch | status=SUCCESS | time=2ms
2022.01.20 23:26:36 INFO  ce[AX550CL_NUTSzW5_F3Dr][o.s.c.t.s.ComputationStepExecutor] Send issue notifications | newIssuesNotifs=0 | newIssuesDeliveries=0 | myNewIssuesNotifs=0 | myNewIssuesDeliveries=0 | changesNotifs=0 | changesDeliveries=0 | status=SUCCESS | time=2ms
2022.01.20 23:26:36 INFO  ce[AX550CL_NUTSzW5_F3Dr][o.s.c.t.s.ComputationStepExecutor] Publish task results | status=SUCCESS | time=0ms
2022.01.20 23:26:36 INFO  ce[AX550CL_NUTSzW5_F3Dr][o.s.c.t.s.ComputationStepExecutor] Trigger refresh of Portfolios and Applications | status=SUCCESS | time=0ms
2022.01.20 23:26:36 INFO  ce[AX550CL_NUTSzW5_F3Dr][o.s.c.t.p.a.p.PostProjectAnalysisTasksExecutor] Webhooks | globalWebhooks=0 | projectWebhooks=0 | status=SUCCESS | time=3ms
2022.01.20 23:26:36 INFO  ce[AX550CL_NUTSzW5_F3Dr][o.s.c.t.CeWorkerImpl] Executed task | project=sonar-github | type=REPORT | id=AX550CL_NUTSzW5_F3Dr | submitter=jenkins-user | status=SUCCESS | time=4286ms
2022.01.20 23:30:56 INFO  ce[][o.s.c.t.CeWorkerImpl] Execute task | project=sonar-github | type=REPORT | id=AX551C95NUTSzW5_F3Ds | submitter=jenkins-user
2022.01.20 23:30:57 INFO  ce[AX551C95NUTSzW5_F3Ds][o.s.c.t.s.ComputationStepExecutor] Extract report | status=SUCCESS | time=18ms
2022.01.20 23:30:57 INFO  ce[AX551C95NUTSzW5_F3Ds][o.s.c.t.s.ComputationStepExecutor] Persist scanner context | status=SUCCESS | time=36ms
2022.01.20 23:30:57 INFO  ce[AX551C95NUTSzW5_F3Ds][o.s.c.t.s.ComputationStepExecutor] Propagate analysis warnings from scanner report | status=SUCCESS | time=0ms
2022.01.20 23:30:57 INFO  ce[AX551C95NUTSzW5_F3Ds][o.s.c.t.s.ComputationStepExecutor] Generate analysis UUID | status=SUCCESS | time=0ms
2022.01.20 23:30:57 INFO  ce[AX551C95NUTSzW5_F3Ds][o.s.c.t.s.ComputationStepExecutor] Load analysis metadata | status=SUCCESS | time=13ms
2022.01.20 23:30:57 INFO  ce[AX551C95NUTSzW5_F3Ds][o.s.c.t.s.ComputationStepExecutor] Initialize | status=SUCCESS | time=0ms
2022.01.20 23:30:57 INFO  ce[AX551C95NUTSzW5_F3Ds][o.s.c.t.s.ComputationStepExecutor] Build tree of components | components=12 | status=SUCCESS | time=8ms
2022.01.20 23:30:57 INFO  ce[AX551C95NUTSzW5_F3Ds][o.s.c.t.s.ComputationStepExecutor] Validate project | status=SUCCESS | time=10ms
2022.01.20 23:30:58 INFO  ce[AX551C95NUTSzW5_F3Ds][o.s.c.t.s.ComputationStepExecutor] Load quality profiles | status=SUCCESS | time=1767ms
2022.01.20 23:30:58 INFO  ce[AX551C95NUTSzW5_F3Ds][o.s.c.t.s.ComputationStepExecutor] Load Quality gate | status=SUCCESS | time=3ms
2022.01.20 23:30:58 INFO  ce[AX551C95NUTSzW5_F3Ds][o.s.c.t.s.ComputationStepExecutor] Load new code period | status=SUCCESS | time=7ms
2022.01.20 23:30:58 INFO  ce[AX551C95NUTSzW5_F3Ds][o.s.c.t.s.ComputationStepExecutor] Detect file moves | reportFiles=6 | dbFiles=6 | addedFiles=0 | status=SUCCESS | time=5ms
2022.01.20 23:30:58 INFO  ce[AX551C95NUTSzW5_F3Ds][o.s.c.t.s.ComputationStepExecutor] Load duplications | duplications=0 | status=SUCCESS | time=1ms
2022.01.20 23:30:58 INFO  ce[AX551C95NUTSzW5_F3Ds][o.s.c.t.s.ComputationStepExecutor] Compute cross project duplications | status=SUCCESS | time=0ms
2022.01.20 23:30:58 INFO  ce[AX551C95NUTSzW5_F3Ds][o.s.c.t.s.ComputationStepExecutor] Compute size measures | status=SUCCESS | time=2ms
2022.01.20 23:30:58 INFO  ce[AX551C95NUTSzW5_F3Ds][o.s.c.t.s.ComputationStepExecutor] Compute new coverage | status=SUCCESS | time=22ms
2022.01.20 23:30:58 INFO  ce[AX551C95NUTSzW5_F3Ds][o.s.c.t.s.ComputationStepExecutor] Compute coverage measures | status=SUCCESS | time=1ms
2022.01.20 23:30:58 INFO  ce[AX551C95NUTSzW5_F3Ds][o.s.c.t.s.ComputationStepExecutor] Compute comment measures | status=SUCCESS | time=0ms
2022.01.20 23:30:58 INFO  ce[AX551C95NUTSzW5_F3Ds][o.s.c.t.s.ComputationStepExecutor] Compute duplication measures | status=SUCCESS | time=0ms
2022.01.20 23:30:58 INFO  ce[AX551C95NUTSzW5_F3Ds][o.s.c.t.s.ComputationStepExecutor] Compute size measures on new code | status=SUCCESS | time=1ms
2022.01.20 23:30:58 INFO  ce[AX551C95NUTSzW5_F3Ds][o.s.c.t.s.ComputationStepExecutor] Compute language distribution | status=SUCCESS | time=1ms
2022.01.20 23:30:58 INFO  ce[AX551C95NUTSzW5_F3Ds][o.s.c.t.s.ComputationStepExecutor] Compute test measures | status=SUCCESS | time=1ms
2022.01.20 23:30:58 INFO  ce[AX551C95NUTSzW5_F3Ds][o.s.c.t.s.ComputationStepExecutor] Compute complexity measures | status=SUCCESS | time=1ms
2022.01.20 23:30:58 INFO  ce[AX551C95NUTSzW5_F3Ds][o.s.c.t.s.ComputationStepExecutor] Load measure computers | status=SUCCESS | time=0ms
2022.01.20 23:30:58 INFO  ce[AX551C95NUTSzW5_F3Ds][o.s.c.t.s.ComputationStepExecutor] Compute Quality Profile status | status=SUCCESS | time=11ms
2022.01.20 23:30:59 INFO  ce[AX551C95NUTSzW5_F3Ds][o.s.c.t.s.ComputationStepExecutor] Execute component visitors | status=SUCCESS | time=28ms
2022.01.20 23:30:59 INFO  ce[AX551C95NUTSzW5_F3Ds][o.s.c.t.s.ComputationStepExecutor] Checks executed after computation of measures | status=SUCCESS | time=0ms
2022.01.20 23:30:59 INFO  ce[AX551C95NUTSzW5_F3Ds][o.s.c.t.s.ComputationStepExecutor] Compute Quality Gate measures | status=SUCCESS | time=0ms
2022.01.20 23:30:59 INFO  ce[AX551C95NUTSzW5_F3Ds][o.s.c.t.s.ComputationStepExecutor] Compute Quality profile measures | status=SUCCESS | time=0ms
2022.01.20 23:30:59 INFO  ce[AX551C95NUTSzW5_F3Ds][o.s.c.t.s.ComputationStepExecutor] Generate Quality profile events | status=SUCCESS | time=5ms
2022.01.20 23:30:59 INFO  ce[AX551C95NUTSzW5_F3Ds][o.s.c.t.s.ComputationStepExecutor] Generate Quality gate events | status=SUCCESS | time=2ms
2022.01.20 23:30:59 INFO  ce[AX551C95NUTSzW5_F3Ds][o.s.c.t.s.ComputationStepExecutor] Check upgrade possibility for not analyzed code files. | status=SUCCESS | time=0ms
2022.01.20 23:30:59 INFO  ce[AX551C95NUTSzW5_F3Ds][o.s.c.t.s.ComputationStepExecutor] Persist components | status=SUCCESS | time=35ms
2022.01.20 23:30:59 INFO  ce[AX551C95NUTSzW5_F3Ds][o.s.c.t.s.ComputationStepExecutor] Persist analysis | status=SUCCESS | time=4ms
2022.01.20 23:30:59 INFO  ce[AX551C95NUTSzW5_F3Ds][o.s.c.t.s.ComputationStepExecutor] Persist analysis properties | status=SUCCESS | time=7ms
2022.01.20 23:30:59 INFO  ce[AX551C95NUTSzW5_F3Ds][o.s.c.t.s.ComputationStepExecutor] Persist measures | inserts=57 | status=SUCCESS | time=39ms
2022.01.20 23:30:59 INFO  ce[AX551C95NUTSzW5_F3Ds][o.s.c.t.s.ComputationStepExecutor] Persist live measures | insertsOrUpdates=596 | status=SUCCESS | time=339ms
2022.01.20 23:30:59 INFO  ce[AX551C95NUTSzW5_F3Ds][o.s.c.t.s.ComputationStepExecutor] Persist duplication data | insertsOrUpdates=0 | status=SUCCESS | time=0ms
2022.01.20 23:30:59 INFO  ce[AX551C95NUTSzW5_F3Ds][o.s.c.t.s.ComputationStepExecutor] Persist new ad hoc Rules | status=SUCCESS | time=0ms
2022.01.20 23:30:59 INFO  ce[AX551C95NUTSzW5_F3Ds][o.s.c.t.s.ComputationStepExecutor] Persist issues | cacheSize=0 bytes | inserts=0 | updates=0 | merged=0 | status=SUCCESS | time=4ms
2022.01.20 23:30:59 INFO  ce[AX551C95NUTSzW5_F3Ds][o.s.c.t.s.ComputationStepExecutor] Persist project links | status=SUCCESS | time=2ms
2022.01.20 23:30:59 INFO  ce[AX551C95NUTSzW5_F3Ds][o.s.c.t.s.ComputationStepExecutor] Persist events | status=SUCCESS | time=2ms
2022.01.20 23:30:59 INFO  ce[AX551C95NUTSzW5_F3Ds][o.s.c.t.s.ComputationStepExecutor] Persist sources | status=SUCCESS | time=38ms
2022.01.20 23:30:59 INFO  ce[AX551C95NUTSzW5_F3Ds][o.s.c.t.s.ComputationStepExecutor] Persist cross project duplications | status=SUCCESS | time=0ms
2022.01.20 23:30:59 INFO  ce[AX551C95NUTSzW5_F3Ds][o.s.c.t.s.ComputationStepExecutor] Enable analysis | status=SUCCESS | time=4ms
2022.01.20 23:30:59 INFO  ce[AX551C95NUTSzW5_F3Ds][o.s.c.t.s.ComputationStepExecutor] Update last usage date of quality profiles | status=SUCCESS | time=3ms
2022.01.20 23:30:59 INFO  ce[AX551C95NUTSzW5_F3Ds][o.s.c.t.s.ComputationStepExecutor] Purge db | status=SUCCESS | time=35ms
2022.01.20 23:31:01 INFO  ce[AX551C95NUTSzW5_F3Ds][o.s.c.t.s.ComputationStepExecutor] Index analysis | status=SUCCESS | time=1510ms
2022.01.20 23:31:01 INFO  ce[AX551C95NUTSzW5_F3Ds][o.s.c.t.s.ComputationStepExecutor] Update need issue sync for branch | status=SUCCESS | time=2ms
2022.01.20 23:31:01 INFO  ce[AX551C95NUTSzW5_F3Ds][o.s.c.t.s.ComputationStepExecutor] Send issue notifications | newIssuesNotifs=0 | newIssuesDeliveries=0 | myNewIssuesNotifs=0 | myNewIssuesDeliveries=0 | changesNotifs=0 | changesDeliveries=0 | status=SUCCESS | time=5ms
2022.01.20 23:31:01 INFO  ce[AX551C95NUTSzW5_F3Ds][o.s.c.t.s.ComputationStepExecutor] Publish task results | status=SUCCESS | time=0ms
2022.01.20 23:31:01 INFO  ce[AX551C95NUTSzW5_F3Ds][o.s.c.t.s.ComputationStepExecutor] Trigger refresh of Portfolios and Applications | status=SUCCESS | time=0ms
2022.01.20 23:31:01 INFO  ce[AX551C95NUTSzW5_F3Ds][o.s.c.t.p.a.p.PostProjectAnalysisTasksExecutor] Webhooks | globalWebhooks=0 | projectWebhooks=0 | status=SUCCESS | time=2ms
2022.01.20 23:31:01 INFO  ce[AX551C95NUTSzW5_F3Ds][o.s.c.t.CeWorkerImpl] Executed task | project=sonar-github | type=REPORT | id=AX551C95NUTSzW5_F3Ds | submitter=jenkins-user | status=SUCCESS | time=4178ms
