2022.01.18 21:33:04 INFO  web[][o.s.p.ProcessEntryPoint] Starting web
2022.01.18 21:33:05 INFO  web[][o.a.t.u.n.NioSelectorPool] Using a shared selector for servlet write/read
2022.01.18 21:33:05 INFO  web[][o.s.s.e.EsClientProvider] Connected to local Elasticsearch: [http://localhost:9001]
2022.01.18 21:33:06 INFO  web[][o.s.s.p.LogServerVersion] SonarQube Server / 9.2.4.50792 / 78f7113cee15b2bd37a958455271e68f1244cb7b
2022.01.18 21:33:07 INFO  web[][o.s.s.p.d.EmbeddedDatabase] Starting embedded database on port 9092 with url jdbc:h2:tcp://127.0.0.1:9092/sonar
2022.01.18 21:33:07 INFO  web[][o.s.s.p.d.EmbeddedDatabase] Embedded database started. Data stored in: /opt/sonarqube/data
2022.01.18 21:33:07 INFO  web[][o.sonar.db.Database] Create JDBC data source for jdbc:h2:tcp://127.0.0.1:9092/sonar
2022.01.18 21:33:08 WARN  web[][o.s.db.dialect.H2] H2 database should be used for evaluation purpose only.
2022.01.18 21:33:09 INFO  web[][o.s.s.p.ServerFileSystemImpl] SonarQube home: /opt/sonarqube
2022.01.18 21:33:09 INFO  web[][o.s.s.u.SystemPasscodeImpl] System authentication by passcode is disabled
2022.01.18 21:33:09 INFO  web[][o.s.s.p.ServerPluginManager] Deploy plugin C# Code Quality and Security / 8.32.0.39516 / 339a4abca54577c2331eb89f3ccecd43279fbd11
2022.01.18 21:33:09 INFO  web[][o.s.s.p.ServerPluginManager] Deploy plugin Configuration detection fot Code Quality and Security / 1.1.0.185 / f880796141c97fa59ac04f8ac0db56c62d862005
2022.01.18 21:33:09 INFO  web[][o.s.s.p.ServerPluginManager] Deploy plugin Flex Code Quality and Security / 2.6.2.2641 / 11f07506915923b3a0e39e4e34280644c035b925
2022.01.18 21:33:09 INFO  web[][o.s.s.p.ServerPluginManager] Deploy plugin Go Code Quality and Security / 1.8.3.2219 / d6ad7a5a47fc4785d2e80918fb7424be46e38a7f
2022.01.18 21:33:09 INFO  web[][o.s.s.p.ServerPluginManager] Deploy plugin HTML Code Quality and Security / 3.4.0.2754 / 38f7ff864ae15152c9f1efc3014594f7e7ca7b6e
2022.01.18 21:33:09 INFO  web[][o.s.s.p.ServerPluginManager] Deploy plugin IaC Code Quality and Security / 1.4.0.1294 / d5088c9df33e24593acd39bac9306136176da598
2022.01.18 21:33:09 INFO  web[][o.s.s.p.ServerPluginManager] Deploy plugin JaCoCo / 1.1.1.1157 / 83478572b9f23efac29de15e30c7758bbb0c0e47
2022.01.18 21:33:09 INFO  web[][o.s.s.p.ServerPluginManager] Deploy plugin Java Code Quality and Security / 7.5.0.28054 / 54b377cfbc4b5d4f2780855818c6850c298ea395
2022.01.18 21:33:09 INFO  web[][o.s.s.p.ServerPluginManager] Deploy plugin JavaScript/TypeScript Code Quality and Security / 8.6.0.16913 / 701a9ce4770cfe89eb0ac54c75eeafb2c8c514ac
2022.01.18 21:33:09 INFO  web[][o.s.s.p.ServerPluginManager] Deploy plugin Kotlin Code Quality and Security / 2.7.0.948 / 9ab38bae2f6f59bd5ba6d3bed5a159d858b87daf
2022.01.18 21:33:09 INFO  web[][o.s.s.p.ServerPluginManager] Deploy plugin PHP Code Quality and Security / 3.21.2.8292 / 86bd9dd559ac9a3a8dbabdf44d171395e7334590
2022.01.18 21:33:09 INFO  web[][o.s.s.p.ServerPluginManager] Deploy plugin Python Code Quality and Security / 3.8.0.8883 / 30629fbf3e871f83899ec32d3e4a05988b3d4727
2022.01.18 21:33:09 INFO  web[][o.s.s.p.ServerPluginManager] Deploy plugin Ruby Code Quality and Security / 1.8.3.2219 / d6ad7a5a47fc4785d2e80918fb7424be46e38a7f
2022.01.18 21:33:09 INFO  web[][o.s.s.p.ServerPluginManager] Deploy plugin Scala Code Quality and Security / 1.8.3.2219 / d6ad7a5a47fc4785d2e80918fb7424be46e38a7f
2022.01.18 21:33:09 INFO  web[][o.s.s.p.ServerPluginManager] Deploy plugin VB.NET Code Quality and Security / 8.32.0.39516 / 339a4abca54577c2331eb89f3ccecd43279fbd11
2022.01.18 21:33:09 INFO  web[][o.s.s.p.ServerPluginManager] Deploy plugin XML Code Quality and Security / 2.4.0.3273 / 3e6d286309dbc9af364fc3c843ee8e71ed1801f7
2022.01.18 21:33:45 WARN  web[][o.s.a.s.w.WebService$Action] The response example is not set on action api/system/liveness
2022.01.18 21:33:45 INFO  web[][o.s.s.p.w.MasterServletFilter] Initializing servlet filter org.sonar.server.platform.web.WebServiceFilter@5687420f [pattern=UrlPattern{inclusions=[/api/system/migrate_db.*, ...], exclusions=[/api/components/update_key, ...]}]
2022.01.18 21:33:46 INFO  web[][o.s.s.p.DetectPluginChange] Detect plugin changes
2022.01.18 21:33:46 INFO  web[][o.s.s.p.DetectPluginChange] No plugin change detected
2022.01.18 21:33:46 INFO  web[][o.s.s.a.EmbeddedTomcat] HTTP connector enabled on port 9000
2022.01.18 21:33:47 INFO  web[][o.s.s.p.UpdateCenterClient] Update center: https://update.sonarsource.org/update-center.properties (no proxy)
2022.01.18 21:33:49 INFO  web[][o.s.s.s.LogServerId] Server ID: BF41A1F2-AX5LfKMoWqeQrD6ZlS22
2022.01.18 21:33:49 WARN  web[][o.s.s.a.LogOAuthWarning] For security reasons, OAuth authentication should use HTTPS. You should set the property 'Administration > Configuration > Server base URL' to a HTTPS URL.
2022.01.18 21:33:50 WARN  web[][o.s.a.s.w.WebService$Action] The response example is not set on action api/plugins/download
2022.01.18 21:33:50 WARN  web[][o.s.a.s.w.WebService$Action] The response example is not set on action api/system/liveness
2022.01.18 21:33:50 WARN  web[][o.s.a.s.w.WebService$Action] The response example is not set on action api/alm_integrations/list_bitbucketserver_projects
2022.01.18 21:33:50 WARN  web[][o.s.a.s.w.WebService$Action] The response example is not set on action api/alm_integrations/search_bitbucketcloud_repos
2022.01.18 21:33:50 WARN  web[][o.s.a.s.w.WebService$Action] The response example is not set on action api/alm_integrations/check_pat
2022.01.18 21:33:50 WARN  web[][o.s.a.s.w.WebService$Action] The response example is not set on action api/alm_integrations/list_azure_projects
2022.01.18 21:33:50 WARN  web[][o.s.a.s.w.WebService$Action] The response example is not set on action api/alm_integrations/search_bitbucketserver_repos
2022.01.18 21:33:50 WARN  web[][o.s.a.s.w.WebService$Action] The response example is not set on action api/alm_integrations/search_azure_repos
2022.01.18 21:33:50 WARN  web[][o.s.a.s.w.WebService$Action] The response example is not set on action api/project_dump/status
2022.01.18 21:33:50 INFO  web[][o.s.s.t.TelemetryDaemon] Sharing of SonarQube statistics is enabled.
2022.01.18 21:33:50 INFO  web[][o.s.s.n.NotificationDaemon] Notification service started (delay 60 sec.)
2022.01.18 21:33:50 INFO  web[][o.s.s.a.p.ExpiredSessionsCleaner] Purge of expired session tokens has removed 0 elements
2022.01.18 21:33:50 INFO  web[][o.s.s.a.p.ExpiredSessionsCleaner] Purge of expired SAML message ids has removed 0 elements
2022.01.18 21:33:50 INFO  web[][o.s.s.s.GeneratePluginIndex] Generate scanner plugin index
2022.01.18 21:33:50 INFO  web[][o.s.s.s.RegisterPermissionTemplates] Register permission templates
2022.01.18 21:33:50 INFO  web[][o.s.s.s.RenameDeprecatedPropertyKeys] Rename deprecated property keys
2022.01.18 21:33:50 INFO  web[][o.s.s.s.RegisterPlugins] Register plugins
2022.01.18 21:33:50 INFO  web[][o.s.s.p.w.MasterServletFilter] Initializing servlet filter org.sonar.server.platform.web.SonarLintConnectionFilter@5c6bbb01 [pattern=UrlPattern{inclusions=[/api/*], exclusions=[]}]
2022.01.18 21:33:50 INFO  web[][o.s.s.p.w.MasterServletFilter] Initializing servlet filter org.sonar.server.platform.web.WebServiceFilter@6af4e831 [pattern=UrlPattern{inclusions=[/api/issues/delete_comment.*, ...], exclusions=[/api/authentication/login.*, ...]}]
2022.01.18 21:33:50 INFO  web[][o.s.s.p.w.MasterServletFilter] Initializing servlet filter org.sonar.server.platform.web.WebServiceReroutingFilter@61eda00f [pattern=UrlPattern{inclusions=[/api/components/bulk_update_key, ...], exclusions=[]}]
2022.01.18 21:33:50 INFO  web[][o.s.s.p.w.MasterServletFilter] Initializing servlet filter org.sonar.server.plugins.PluginsRiskConsentFilter@284aa8 [pattern=UrlPattern{inclusions=[/*], exclusions=[*.css, ...]}]
2022.01.18 21:33:50 INFO  web[][o.s.s.p.w.MasterServletFilter] Initializing servlet filter org.sonar.server.authentication.DefaultAdminCredentialsVerifierFilter@6ec49468 [pattern=UrlPattern{inclusions=[/*], exclusions=[*.css, ...]}]
2022.01.18 21:33:50 INFO  web[][o.s.s.p.w.MasterServletFilter] Initializing servlet filter org.sonar.server.authentication.InitFilter@39d8bec5 [pattern=UrlPattern{inclusions=[/sessions/init/*], exclusions=[]}]
2022.01.18 21:33:50 INFO  web[][o.s.s.p.w.MasterServletFilter] Initializing servlet filter org.sonar.server.authentication.OAuth2CallbackFilter@667de16c [pattern=UrlPattern{inclusions=[/oauth2/callback/*], exclusions=[]}]
2022.01.18 21:33:50 INFO  web[][o.s.s.p.w.MasterServletFilter] Initializing servlet filter org.sonar.server.authentication.ResetPasswordFilter@243470e7 [pattern=UrlPattern{inclusions=[/*], exclusions=[*.css, ...]}]
2022.01.18 21:33:50 INFO  web[][o.s.s.p.w.MasterServletFilter] Initializing servlet filter org.sonar.server.authentication.ws.LoginAction@4cf639c4 [pattern=UrlPattern{inclusions=[/api/authentication/login], exclusions=[]}]
2022.01.18 21:33:50 INFO  web[][o.s.s.p.w.MasterServletFilter] Initializing servlet filter org.sonar.server.authentication.ws.LogoutAction@1890900a [pattern=UrlPattern{inclusions=[/api/authentication/logout], exclusions=[]}]
2022.01.18 21:33:50 INFO  web[][o.s.s.p.w.MasterServletFilter] Initializing servlet filter org.sonar.server.authentication.ws.ValidateAction@44d3a926 [pattern=UrlPattern{inclusions=[/api/authentication/validate], exclusions=[]}]
2022.01.18 21:33:50 INFO  web[][o.s.s.q.ProjectsInWarningDaemon] Counting number of projects in warning is not started as there are no projects in this situation.
2022.01.18 21:33:50 INFO  web[][o.s.s.p.p.PlatformLevelStartup] Running Community Edition
2022.01.18 21:33:50 INFO  web[][o.s.s.p.Platform] WebServer is operational
